#
# There is insufficient memory for the Java Runtime Environment to continue.
# Native memory allocation (mmap) failed to map 65536 bytes for Failed to commit metaspace.
# Possible reasons:
#   The system is out of physical RAM or swap space
#   The process is running with CompressedOops enabled, and the Java Heap may be blocking the growth of the native heap
# Possible solutions:
#   Reduce memory load on the system
#   Increase physical memory or swap space
#   Check if swap backing store is full
#   Decrease Java heap size (-Xmx/-Xms)
#   Decrease number of Java threads
#   Decrease Java thread stack sizes (-Xss)
#   Set larger code cache with -XX:ReservedCodeCacheSize=
#   JVM is running with Unscaled Compressed Oops mode in which the Java heap is
#     placed in the first 4GB address space. The Java Heap base address is the
#     maximum limit for the native heap growth. Please use -XX:HeapBaseMinAddress
#     to set the Java Heap base and to place the Java Heap above 4GB virtual address.
# This output file may be truncated or incomplete.
#
#  Out of Memory Error (virtualSpaceNode.cpp:110), pid=10336, tid=24044
#
# JRE version: OpenJDK Runtime Environment Temurin-17.0.3+7 (17.0.3+7) (build 17.0.3+7)
# Java VM: OpenJDK 64-Bit Server VM Temurin-17.0.3+7 (17.0.3+7, mixed mode, tiered, compressed oops, compressed class ptrs, parallel gc, windows-amd64)
# No core dump will be written. Minidumps are not enabled by default on client versions of Windows
#

---------------  S U M M A R Y ------------

Command Line: --add-modules=ALL-SYSTEM --add-opens=java.base/java.util=ALL-UNNAMED --add-opens=java.base/java.lang=ALL-UNNAMED --add-opens=java.base/sun.nio.fs=ALL-UNNAMED -Declipse.application=org.eclipse.jdt.ls.core.id1 -Dosgi.bundles.defaultStartLevel=4 -Declipse.product=org.eclipse.jdt.ls.core.product -Djava.import.generatesMetadataFilesAtProjectRoot=false -Dfile.encoding=utf8 -DwatchParentProcess=false -XX:+UseParallelGC -XX:GCTimeRatio=4 -XX:AdaptiveSizePolicyWeight=90 -Dsun.zip.disableMemoryMapping=true -Xmx1G -Xms100m -javaagent:c:\Users\User\.vscode\extensions\redhat.java-1.9.0\lombok\lombok-1.18.24.jar c:\Users\User\.vscode\extensions\redhat.java-1.9.0\server\plugins\org.eclipse.equinox.launcher_1.6.400.v20210924-0641.jar -configuration c:\Users\User\AppData\Roaming\Code\User\globalStorage\redhat.java\1.9.0\config_ss_win -data c:\Users\User\AppData\Roaming\Code\User\workspaceStorage\8255c249bf12b49d77074f345abc412a\redhat.java\ss_ws

Host: AMD Ryzen 5 4600H with Radeon Graphics         , 12 cores, 7G,  Windows 10 , 64 bit Build 19041 (10.0.19041.1806)
Time: Sat Jul 23 14:43:46 2022 Afr. centrale Ouest elapsed time: 0.611757 seconds (0d 0h 0m 0s)

---------------  T H R E A D  ---------------

Current thread (0x0000026169d97130):  JavaThread "main" [_thread_in_vm, id=24044, stack(0x000000afe2c00000,0x000000afe2d00000)]

Stack: [0x000000afe2c00000,0x000000afe2d00000]
Native frames: (J=compiled Java code, j=interpreted, Vv=VM code, C=native code)
V  [jvm.dll+0x675efa]
V  [jvm.dll+0x830a24]
V  [jvm.dll+0x8321ce]
V  [jvm.dll+0x832833]
V  [jvm.dll+0x2454b5]
V  [jvm.dll+0x82c9cb]
V  [jvm.dll+0x61ab26]
V  [jvm.dll+0x1c046e]
V  [jvm.dll+0x61d471]
V  [jvm.dll+0x61b4c6]
V  [jvm.dll+0x23ae70]
V  [jvm.dll+0x1eab7d]
V  [jvm.dll+0x1e05b1]
V  [jvm.dll+0x53bb80]
V  [jvm.dll+0x7aba28]
V  [jvm.dll+0x7abb14]
V  [jvm.dll+0x40c7c5]
V  [jvm.dll+0x4129b8]
C  [java.dll+0x17ec]

Java frames: (J=compiled Java code, j=interpreted, Vv=VM code)
j  java.lang.ClassLoader.defineClass1(Ljava/lang/ClassLoader;Ljava/lang/String;[BIILjava/security/ProtectionDomain;Ljava/lang/String;)Ljava/lang/Class;+0 java.base@17.0.3
j  java.lang.ClassLoader.defineClass(Ljava/lang/String;[BIILjava/security/ProtectionDomain;)Ljava/lang/Class;+27 java.base@17.0.3
j  java.security.SecureClassLoader.defineClass(Ljava/lang/String;[BIILjava/security/CodeSource;)Ljava/lang/Class;+12 java.base@17.0.3
j  java.net.URLClassLoader.defineClass(Ljava/lang/String;Ljdk/internal/loader/Resource;)Ljava/lang/Class;+221 java.base@17.0.3
j  java.net.URLClassLoader$1.run()Ljava/lang/Class;+43 java.base@17.0.3
j  java.net.URLClassLoader$1.run()Ljava/lang/Object;+1 java.base@17.0.3
j  java.security.AccessController.executePrivileged(Ljava/security/PrivilegedExceptionAction;Ljava/security/AccessControlContext;Ljava/lang/Class;)Ljava/lang/Object;+29 java.base@17.0.3
j  java.security.AccessController.doPrivileged(Ljava/security/PrivilegedExceptionAction;Ljava/security/AccessControlContext;)Ljava/lang/Object;+13 java.base@17.0.3
j  java.net.URLClassLoader.findClass(Ljava/lang/String;)Ljava/lang/Class;+13 java.base@17.0.3
j  java.lang.ClassLoader.loadClass(Ljava/lang/String;Z)Ljava/lang/Class;+69 java.base@17.0.3
J 800 c1 java.lang.ClassLoader.loadClass(Ljava/lang/String;)Ljava/lang/Class; java.base@17.0.3 (7 bytes) @ 0x000002616e8d19bc [0x000002616e8d18c0+0x00000000000000fc]
v  ~StubRoutines::call_stub
j  org.eclipse.osgi.internal.framework.EquinoxConfiguration.<init>(Ljava/util/Map;Lorg/eclipse/osgi/internal/hookregistry/HookRegistry;)V+54
j  org.eclipse.osgi.internal.framework.EquinoxContainer.<init>(Ljava/util/Map;Lorg/osgi/framework/connect/ModuleConnector;)V+81
j  org.eclipse.osgi.launch.Equinox.<init>(Ljava/util/Map;Lorg/osgi/framework/connect/ModuleConnector;)V+10
j  org.eclipse.osgi.launch.Equinox.<init>(Ljava/util/Map;)V+3
j  org.eclipse.core.runtime.adaptor.EclipseStarter.startup([Ljava/lang/String;Ljava/lang/Runnable;)Lorg/osgi/framework/BundleContext;+28
j  org.eclipse.core.runtime.adaptor.EclipseStarter.run([Ljava/lang/String;Ljava/lang/Runnable;)Ljava/lang/Object;+21
v  ~StubRoutines::call_stub
j  jdk.internal.reflect.NativeMethodAccessorImpl.invoke0(Ljava/lang/reflect/Method;Ljava/lang/Object;[Ljava/lang/Object;)Ljava/lang/Object;+0 java.base@17.0.3
j  jdk.internal.reflect.NativeMethodAccessorImpl.invoke(Ljava/lang/Object;[Ljava/lang/Object;)Ljava/lang/Object;+133 java.base@17.0.3
j  jdk.internal.reflect.DelegatingMethodAccessorImpl.invoke(Ljava/lang/Object;[Ljava/lang/Object;)Ljava/lang/Object;+6 java.base@17.0.3
j  java.lang.reflect.Method.invoke(Ljava/lang/Object;[Ljava/lang/Object;)Ljava/lang/Object;+59 java.base@17.0.3
j  org.eclipse.equinox.launcher.Main.invokeFramework([Ljava/lang/String;[Ljava/net/URL;)V+201
j  org.eclipse.equinox.launcher.Main.basicRun([Ljava/lang/String;)V+159
j  org.eclipse.equinox.launcher.Main.run([Ljava/lang/String;)I+4
j  org.eclipse.equinox.launcher.Main.main([Ljava/lang/String;)V+10
v  ~StubRoutines::call_stub

---------------  P R O C E S S  ---------------

Threads class SMR info:
_java_thread_list=0x0000026102d55c50, length=14, elements={
0x0000026169d97130, 0x000002617fb6aa80, 0x000002617fb6c090, 0x000002610186d4e0,
0x00000261018700a0, 0x0000026101873a70, 0x000002610189f010, 0x000002610189fc00,
0x00000261018a05b0, 0x00000261018aab00, 0x000002617f9f0b80, 0x0000026101b1aea0,
0x0000026101bcb890, 0x0000026101c0df70
}

Java Threads: ( => current thread )
=>0x0000026169d97130 JavaThread "main" [_thread_in_vm, id=24044, stack(0x000000afe2c00000,0x000000afe2d00000)]
  0x000002617fb6aa80 JavaThread "Reference Handler" daemon [_thread_blocked, id=14240, stack(0x000000afe2f00000,0x000000afe3000000)]
  0x000002617fb6c090 JavaThread "Finalizer" daemon [_thread_blocked, id=16680, stack(0x000000afe3000000,0x000000afe3100000)]
  0x000002610186d4e0 JavaThread "Signal Dispatcher" daemon [_thread_blocked, id=22432, stack(0x000000afe3100000,0x000000afe3200000)]
  0x00000261018700a0 JavaThread "Attach Listener" daemon [_thread_blocked, id=3100, stack(0x000000afe3200000,0x000000afe3300000)]
  0x0000026101873a70 JavaThread "Service Thread" daemon [_thread_blocked, id=23852, stack(0x000000afe3300000,0x000000afe3400000)]
  0x000002610189f010 JavaThread "Monitor Deflation Thread" daemon [_thread_blocked, id=23584, stack(0x000000afe3400000,0x000000afe3500000)]
  0x000002610189fc00 JavaThread "C2 CompilerThread0" daemon [_thread_blocked, id=23592, stack(0x000000afe3500000,0x000000afe3600000)]
  0x00000261018a05b0 JavaThread "C1 CompilerThread0" daemon [_thread_blocked, id=15276, stack(0x000000afe3600000,0x000000afe3700000)]
  0x00000261018aab00 JavaThread "Sweeper thread" daemon [_thread_blocked, id=2572, stack(0x000000afe3700000,0x000000afe3800000)]
  0x000002617f9f0b80 JavaThread "Common-Cleaner" daemon [_thread_blocked, id=21848, stack(0x000000afe3800000,0x000000afe3900000)]
  0x0000026101b1aea0 JavaThread "Notification Thread" daemon [_thread_blocked, id=19420, stack(0x000000afe3900000,0x000000afe3a00000)]
  0x0000026101bcb890 JavaThread "C2 CompilerThread1" daemon [_thread_blocked, id=23072, stack(0x000000afe3b00000,0x000000afe3c00000)]
  0x0000026101c0df70 JavaThread "C2 CompilerThread2" daemon [_thread_blocked, id=18680, stack(0x000000afe3c00000,0x000000afe3d00000)]

Other Threads:
  0x000002617fa29b10 VMThread "VM Thread" [stack: 0x000000afe2e00000,0x000000afe2f00000] [id=15004]
  0x0000026101b35510 WatcherThread [stack: 0x000000afe3a00000,0x000000afe3b00000] [id=24352]
  0x0000026169dacd40 GCTaskThread "GC Thread#0" [stack: 0x000000afe2d00000,0x000000afe2e00000] [id=7600]

Threads with active compile tasks:

VM state: not at safepoint (normal execution)

VM Mutex/Monitor currently owned by a thread:  ([mutex/lock_event])
[0x0000026169d93360] Metaspace_lock - owner thread: 0x0000026169d97130

Heap address: 0x00000000c0000000, size: 1024 MB, Compressed Oops mode: 32-bit

CDS archive(s) not mapped
Compressed class space mapped at: 0x0000000100000000-0x0000000140000000, reserved size: 1073741824
Narrow klass base: 0x0000000000000000, Narrow klass shift: 3, Narrow klass range: 0x140000000

GC Precious Log:
 CPUs: 12 total, 12 available
 Memory: 7549M
 Large Page Support: Disabled
 NUMA Support: Disabled
 Compressed Oops: Enabled (32-bit)
 Alignments: Space 512K, Generation 512K, Heap 2M
 Heap Min Capacity: 100M
 Heap Initial Capacity: 100M
 Heap Max Capacity: 1G
 Pre-touch: Disabled
 Parallel Workers: 10

Heap:
 PSYoungGen      total 29696K, used 20834K [0x00000000eab00000, 0x00000000ecc00000, 0x0000000100000000)
  eden space 25600K, 81% used [0x00000000eab00000,0x00000000ebf589e8,0x00000000ec400000)
  from space 4096K, 0% used [0x00000000ec800000,0x00000000ec800000,0x00000000ecc00000)
  to   space 4096K, 0% used [0x00000000ec400000,0x00000000ec400000,0x00000000ec800000)
 ParOldGen       total 68608K, used 0K [0x00000000c0000000, 0x00000000c4300000, 0x00000000eab00000)
  object space 68608K, 0% used [0x00000000c0000000,0x00000000c0000000,0x00000000c4300000)
 Metaspace       used 9511K, committed 9664K, reserved 1064960K
  class space    used 954K, committed 1024K, reserved 1048576K

Card table byte_map: [0x000002617d3e0000,0x000002617d5f0000] _byte_map_base: 0x000002617cde0000

Marking Bits: (ParMarkBitMap*) 0x00007ffabb6c4b80
 Begin Bits: [0x000002617d750000, 0x000002617e750000)
 End Bits:   [0x000002617e750000, 0x000002617f750000)

Polling page: 0x0000026169e70000

Metaspace:

Usage:
  Non-class:      8.36 MB used.
      Class:    954.83 KB used.
       Both:      9.29 MB used.

Virtual space:
  Non-class space:       16.00 MB reserved,       8.44 MB ( 53%) committed,  2 nodes.
      Class space:        1.00 GB reserved,       1.00 MB ( <1%) committed,  1 nodes.
             Both:        1.02 GB reserved,       9.44 MB ( <1%) committed. 

Chunk freelists:
   Non-Class:  2.67 MB
       Class:  3.00 MB
        Both:  5.67 MB

MaxMetaspaceSize: unlimited
CompressedClassSpaceSize: 1.00 GB
Initial GC threshold: 21.00 MB
Current GC threshold: 21.00 MB
CDS: off
MetaspaceReclaimPolicy: balanced
 - commit_granule_bytes: 65536.
 - commit_granule_words: 8192.
 - virtual_space_node_default_size: 1048576.
 - enlarge_chunks_in_place: 1.
 - new_chunks_are_fully_committed: 0.
 - uncommit_free_chunks: 1.
 - use_allocation_guard: 0.
 - handle_deallocations: 1.


Internal statistics:

num_allocs_failed_limit: 0.
num_arena_births: 16.
num_arena_deaths: 0.
num_vsnodes_births: 3.
num_vsnodes_deaths: 0.
num_space_committed: 151.
num_space_uncommitted: 0.
num_chunks_returned_to_freelist: 0.
num_chunks_taken_from_freelist: 64.
num_chunk_merges: 0.
num_chunk_splits: 38.
num_chunks_enlarged: 33.
num_purges: 0.
num_inconsistent_stats: 0.

CodeHeap 'non-profiled nmethods': size=120000Kb used=343Kb max_used=343Kb free=119656Kb
 bounds [0x0000026175cc0000, 0x0000026175f30000, 0x000002617d1f0000]
CodeHeap 'profiled nmethods': size=120000Kb used=1322Kb max_used=1322Kb free=118677Kb
 bounds [0x000002616e790000, 0x000002616ea00000, 0x0000026175cc0000]
CodeHeap 'non-nmethods': size=5760Kb used=1129Kb max_used=1160Kb free=4630Kb
 bounds [0x000002616e1f0000, 0x000002616e460000, 0x000002616e790000]
 total_blobs=1230 nmethods=814 adapters=331
 compilation: enabled
              stopped_count=0, restarted_count=0
 full_count=0

Compilation events (20 events):
Event: 0.607 Thread 0x00000261018a05b0  802       3       java.lang.String::toLowerCase (8 bytes)
Event: 0.608 Thread 0x0000026101bcb890  804       4       java.util.HashMap::put (13 bytes)
Event: 0.608 Thread 0x00000261018a05b0 nmethod 802 0x000002616e8d1b10 code [0x000002616e8d1ce0, 0x000002616e8d2078]
Event: 0.608 Thread 0x00000261018a05b0  803       3       java.util.Locale::getDefault (4 bytes)
Event: 0.608 Thread 0x00000261018a05b0 nmethod 803 0x000002616e8d2190 code [0x000002616e8d2320, 0x000002616e8d2418]
Event: 0.608 Thread 0x00000261018a05b0  805       3       java.lang.String::rangeCheck (9 bytes)
Event: 0.608 Thread 0x00000261018a05b0 nmethod 805 0x000002616e8d2490 code [0x000002616e8d2640, 0x000002616e8d2768]
Event: 0.608 Thread 0x00000261018a05b0  806       3       org.eclipse.osgi.internal.util.Tokenizer::skipWhiteSpace (58 bytes)
Event: 0.608 Thread 0x00000261018a05b0 nmethod 806 0x000002616e8d2810 code [0x000002616e8d29c0, 0x000002616e8d2cb8]
Event: 0.608 Thread 0x00000261018a05b0  807       3       java.lang.StringUTF16::compress (20 bytes)
Event: 0.608 Thread 0x00000261018a05b0 nmethod 807 0x000002616e8d2e10 code [0x000002616e8d2fc0, 0x000002616e8d3208]
Event: 0.608 Thread 0x00000261018a05b0  801       3       java.lang.String::<init> (14 bytes)
Event: 0.608 Thread 0x00000261018a05b0 nmethod 801 0x000002616e8d3310 code [0x000002616e8d34c0, 0x000002616e8d36d8]
Event: 0.608 Thread 0x00000261018a05b0  808       3       java.util.AbstractCollection::addAll (42 bytes)
Event: 0.608 Thread 0x00000261018a05b0 nmethod 808 0x000002616e8d3810 code [0x000002616e8d3a00, 0x000002616e8d3f18]
Event: 0.608 Thread 0x00000261018a05b0  811       3       jdk.internal.jimage.ImageStringsReader::stringFromByteBufferMatches (138 bytes)
Event: 0.609 Thread 0x00000261018a05b0 nmethod 811 0x000002616e8d4090 code [0x000002616e8d4380, 0x000002616e8d54e8]
Event: 0.609 Thread 0x00000261018a05b0  810       3       jdk.internal.jimage.ImageLocation::verify (218 bytes)
Event: 0.610 Thread 0x00000261018a05b0 nmethod 810 0x000002616e8d5c90 code [0x000002616e8d5f40, 0x000002616e8d6c98]
Event: 0.610 Thread 0x00000261018a05b0  812       3       jdk.internal.loader.BuiltinClassLoader::moduleReaderFor (45 bytes)

GC Heap History (0 events):
No events

Deoptimization events (20 events):
Event: 0.600 Thread 0x0000026169d97130 DEOPT PACKING pc=0x000002616e893689 sp=0x000000afe2cfcce0
Event: 0.600 Thread 0x0000026169d97130 DEOPT UNPACKING pc=0x000002616e242843 sp=0x000000afe2cfc168 mode 0
Event: 0.600 Thread 0x0000026169d97130 DEOPT PACKING pc=0x000002616e893689 sp=0x000000afe2cfcce0
Event: 0.600 Thread 0x0000026169d97130 DEOPT UNPACKING pc=0x000002616e242843 sp=0x000000afe2cfc168 mode 0
Event: 0.600 Thread 0x0000026169d97130 DEOPT PACKING pc=0x000002616e893689 sp=0x000000afe2cfcce0
Event: 0.600 Thread 0x0000026169d97130 DEOPT UNPACKING pc=0x000002616e242843 sp=0x000000afe2cfc168 mode 0
Event: 0.600 Thread 0x0000026169d97130 DEOPT PACKING pc=0x000002616e893689 sp=0x000000afe2cfcce0
Event: 0.600 Thread 0x0000026169d97130 DEOPT UNPACKING pc=0x000002616e242843 sp=0x000000afe2cfc168 mode 0
Event: 0.601 Thread 0x0000026169d97130 DEOPT PACKING pc=0x000002616e893689 sp=0x000000afe2cfcce0
Event: 0.601 Thread 0x0000026169d97130 DEOPT UNPACKING pc=0x000002616e242843 sp=0x000000afe2cfc168 mode 0
Event: 0.601 Thread 0x0000026169d97130 DEOPT PACKING pc=0x000002616e893689 sp=0x000000afe2cfcce0
Event: 0.601 Thread 0x0000026169d97130 DEOPT UNPACKING pc=0x000002616e242843 sp=0x000000afe2cfc168 mode 0
Event: 0.607 Thread 0x0000026169d97130 Uncommon trap: trap_request=0xffffffde fr.pc=0x0000026175cfb0ac relative=0x00000000000009ec
Event: 0.607 Thread 0x0000026169d97130 Uncommon trap: reason=class_check action=maybe_recompile pc=0x0000026175cfb0ac method=java.util.HashMap.putVal(ILjava/lang/Object;Ljava/lang/Object;ZZ)Ljava/lang/Object; @ 203 c2
Event: 0.607 Thread 0x0000026169d97130 DEOPT PACKING pc=0x0000026175cfb0ac sp=0x000000afe2cfd830
Event: 0.607 Thread 0x0000026169d97130 DEOPT UNPACKING pc=0x000002616e2420a3 sp=0x000000afe2cfd748 mode 2
Event: 0.607 Thread 0x0000026169d97130 Uncommon trap: trap_request=0xffffffde fr.pc=0x0000026175cfb0ac relative=0x00000000000009ec
Event: 0.607 Thread 0x0000026169d97130 Uncommon trap: reason=class_check action=maybe_recompile pc=0x0000026175cfb0ac method=java.util.HashMap.putVal(ILjava/lang/Object;Ljava/lang/Object;ZZ)Ljava/lang/Object; @ 203 c2
Event: 0.607 Thread 0x0000026169d97130 DEOPT PACKING pc=0x0000026175cfb0ac sp=0x000000afe2cfd830
Event: 0.607 Thread 0x0000026169d97130 DEOPT UNPACKING pc=0x000002616e2420a3 sp=0x000000afe2cfd748 mode 2

Classes unloaded (0 events):
No events

Classes redefined (0 events):
No events

Internal exceptions (9 events):
Event: 0.160 Thread 0x0000026169d97130 Exception <a 'java/lang/NoSuchMethodError'{0x00000000eacb27b0}: 'void java.lang.invoke.DirectMethodHandle$Holder.invokeStatic(java.lang.Object, java.lang.Object, java.lang.Object)'> (0x00000000eacb27b0) 
thrown [e:\jenkins\tmp\workspace\build\src\src\hotspot\share\interpreter\linkResolver.cpp, line 766]
Event: 0.286 Thread 0x0000026169d97130 Exception <a 'java/lang/reflect/InvocationTargetException'{0x00000000eaf77fb8}> (0x00000000eaf77fb8) 
thrown [e:\jenkins\tmp\workspace\build\src\src\hotspot\share\runtime\reflection.cpp, line 1121]
Event: 0.470 Thread 0x0000026169d97130 Exception <a 'java/lang/ClassNotFoundException'{0x00000000eb716ea8}: sun/net/www/protocol/c/Handler> (0x00000000eb716ea8) 
thrown [e:\jenkins\tmp\workspace\build\src\src\hotspot\share\classfile\systemDictionary.cpp, line 256]
Event: 0.474 Thread 0x0000026169d97130 Exception <a 'java/io/FileNotFoundException'{0x00000000eb72a6a8}> (0x00000000eb72a6a8) 
thrown [e:\jenkins\tmp\workspace\build\src\src\hotspot\share\prims\jni.cpp, line 516]
Event: 0.475 Thread 0x0000026169d97130 Exception <a 'java/io/FileNotFoundException'{0x00000000eb72b6f0}> (0x00000000eb72b6f0) 
thrown [e:\jenkins\tmp\workspace\build\src\src\hotspot\share\prims\jni.cpp, line 516]
Event: 0.475 Thread 0x0000026169d97130 Exception <a 'java/io/FileNotFoundException'{0x00000000eb72c730}> (0x00000000eb72c730) 
thrown [e:\jenkins\tmp\workspace\build\src\src\hotspot\share\prims\jni.cpp, line 516]
Event: 0.476 Thread 0x0000026169d97130 Exception <a 'java/io/FileNotFoundException'{0x00000000eb72d768}> (0x00000000eb72d768) 
thrown [e:\jenkins\tmp\workspace\build\src\src\hotspot\share\prims\jni.cpp, line 516]
Event: 0.480 Thread 0x0000026169d97130 Implicit null exception at 0x0000026175cf0a72 to 0x0000026175cf0f90
Event: 0.483 Thread 0x0000026169d97130 Exception <a 'java/io/FileNotFoundException'{0x00000000eb76e808}> (0x00000000eb76e808) 
thrown [e:\jenkins\tmp\workspace\build\src\src\hotspot\share\prims\jni.cpp, line 516]

VM Operations (8 events):
Event: 0.166 Executing VM operation: HandshakeAllThreads
Event: 0.166 Executing VM operation: HandshakeAllThreads done
Event: 0.452 Executing VM operation: HandshakeAllThreads
Event: 0.452 Executing VM operation: HandshakeAllThreads done
Event: 0.465 Executing VM operation: HandshakeAllThreads
Event: 0.465 Executing VM operation: HandshakeAllThreads done
Event: 0.606 Executing VM operation: HandshakeAllThreads
Event: 0.606 Executing VM operation: HandshakeAllThreads done

Events (20 events):
Event: 0.574 loading class java/lang/reflect/Proxy$ProxyBuilder$1
Event: 0.574 loading class java/lang/reflect/Proxy$ProxyBuilder$1 done
Event: 0.574 loading class java/lang/annotation/Target
Event: 0.574 loading class java/lang/annotation/Target done
Event: 0.575 loading class java/lang/ClassFormatError
Event: 0.576 loading class java/lang/ClassFormatError done
Event: 0.576 loading class jdk/internal/misc/ScopedMemoryAccess$Scope
Event: 0.576 loading class jdk/internal/misc/ScopedMemoryAccess$Scope done
Event: 0.579 loading class java/util/NoSuchElementException
Event: 0.579 loading class java/util/NoSuchElementException done
Event: 0.585 loading class java/net/URLClassLoader$2
Event: 0.586 loading class java/net/URLClassLoader$2 done
Event: 0.605 loading class java/io/BufferedReader
Event: 0.605 loading class java/io/BufferedReader done
Event: 0.605 loading class sun/nio/cs/StreamDecoder
Event: 0.606 loading class sun/nio/cs/StreamDecoder done
Event: 0.606 loading class sun/nio/cs/UTF_8$Decoder
Event: 0.606 loading class sun/nio/cs/UTF_8$Decoder done
Event: 0.606 loading class java/nio/charset/CoderResult
Event: 0.606 loading class java/nio/charset/CoderResult done


Dynamic libraries:
0x00007ff693e00000 - 0x00007ff693e0e000 	c:\Users\User\.vscode\extensions\redhat.java-1.9.0\jre\17.0.3-win32-x86_64\bin\java.exe
0x00007ffb05270000 - 0x00007ffb05468000 	C:\Windows\SYSTEM32\ntdll.dll
0x00007ffb03ac0000 - 0x00007ffb03b7d000 	C:\Windows\System32\KERNEL32.DLL
0x00007ffb02f10000 - 0x00007ffb031de000 	C:\Windows\System32\KERNELBASE.dll
0x00007ffb02990000 - 0x00007ffb02a90000 	C:\Windows\System32\ucrtbase.dll
0x00007ffafe6d0000 - 0x00007ffafe6e8000 	c:\Users\User\.vscode\extensions\redhat.java-1.9.0\jre\17.0.3-win32-x86_64\bin\jli.dll
0x00007ffaf2120000 - 0x00007ffaf2139000 	c:\Users\User\.vscode\extensions\redhat.java-1.9.0\jre\17.0.3-win32-x86_64\bin\VCRUNTIME140.dll
0x00007ffb04500000 - 0x00007ffb046a0000 	C:\Windows\System32\USER32.dll
0x00007ffb02cf0000 - 0x00007ffb02d12000 	C:\Windows\System32\win32u.dll
0x00007ffb03dd0000 - 0x00007ffb03dfa000 	C:\Windows\System32\GDI32.dll
0x00007ffaef680000 - 0x00007ffaef91a000 	C:\Windows\WinSxS\amd64_microsoft.windows.common-controls_6595b64144ccf1df_6.0.19041.1110_none_60b5254171f9507e\COMCTL32.dll
0x00007ffb02a90000 - 0x00007ffb02b9b000 	C:\Windows\System32\gdi32full.dll
0x00007ffb02c50000 - 0x00007ffb02ced000 	C:\Windows\System32\msvcp_win.dll
0x00007ffb03d00000 - 0x00007ffb03d9e000 	C:\Windows\System32\msvcrt.dll
0x00007ffb03da0000 - 0x00007ffb03dd0000 	C:\Windows\System32\IMM32.DLL
0x00007ffafe780000 - 0x00007ffafe78c000 	c:\Users\User\.vscode\extensions\redhat.java-1.9.0\jre\17.0.3-win32-x86_64\bin\vcruntime140_1.dll
0x00007ffad8ed0000 - 0x00007ffad8f61000 	c:\Users\User\.vscode\extensions\redhat.java-1.9.0\jre\17.0.3-win32-x86_64\bin\msvcp140.dll
0x00007ffabab40000 - 0x00007ffabb788000 	c:\Users\User\.vscode\extensions\redhat.java-1.9.0\jre\17.0.3-win32-x86_64\bin\server\jvm.dll
0x00007ffb04210000 - 0x00007ffb042be000 	C:\Windows\System32\ADVAPI32.dll
0x00007ffb03b90000 - 0x00007ffb03c2c000 	C:\Windows\System32\sechost.dll
0x00007ffb03350000 - 0x00007ffb03475000 	C:\Windows\System32\RPCRT4.dll
0x00007ffb03b80000 - 0x00007ffb03b88000 	C:\Windows\System32\PSAPI.DLL
0x00007ffadbe80000 - 0x00007ffadbe89000 	C:\Windows\SYSTEM32\WSOCK32.dll
0x00007ffb04140000 - 0x00007ffb041ab000 	C:\Windows\System32\WS2_32.dll
0x00007ffaf8270000 - 0x00007ffaf8297000 	C:\Windows\SYSTEM32\WINMM.dll
0x00007ffafa730000 - 0x00007ffafa73a000 	C:\Windows\SYSTEM32\VERSION.dll
0x00007ffb00890000 - 0x00007ffb008a2000 	C:\Windows\SYSTEM32\kernel.appcore.dll
0x00007ffafe760000 - 0x00007ffafe76a000 	c:\Users\User\.vscode\extensions\redhat.java-1.9.0\jre\17.0.3-win32-x86_64\bin\jimage.dll
0x00007ffaf8380000 - 0x00007ffaf8564000 	C:\Windows\SYSTEM32\DBGHELP.DLL
0x00007ffaeb650000 - 0x00007ffaeb67c000 	C:\Windows\SYSTEM32\dbgcore.DLL
0x00007ffb02e80000 - 0x00007ffb02f02000 	C:\Windows\System32\bcryptPrimitives.dll
0x00007ffafcb20000 - 0x00007ffafcb2e000 	c:\Users\User\.vscode\extensions\redhat.java-1.9.0\jre\17.0.3-win32-x86_64\bin\instrument.dll
0x00007ffaf2020000 - 0x00007ffaf2045000 	c:\Users\User\.vscode\extensions\redhat.java-1.9.0\jre\17.0.3-win32-x86_64\bin\java.dll
0x00007ffaef210000 - 0x00007ffaef228000 	c:\Users\User\.vscode\extensions\redhat.java-1.9.0\jre\17.0.3-win32-x86_64\bin\zip.dll
0x00007ffb04a00000 - 0x00007ffb05144000 	C:\Windows\System32\SHELL32.dll
0x00007ffb00a90000 - 0x00007ffb01224000 	C:\Windows\SYSTEM32\windows.storage.dll
0x00007ffb046a0000 - 0x00007ffb049f4000 	C:\Windows\System32\combase.dll
0x00007ffb023f0000 - 0x00007ffb02420000 	C:\Windows\SYSTEM32\Wldp.dll
0x00007ffb03480000 - 0x00007ffb0352d000 	C:\Windows\System32\SHCORE.dll
0x00007ffb041b0000 - 0x00007ffb04205000 	C:\Windows\System32\shlwapi.dll
0x00007ffb028d0000 - 0x00007ffb028ef000 	C:\Windows\SYSTEM32\profapi.dll
0x00007ffaef1f0000 - 0x00007ffaef209000 	C:\Users\User\.vscode\extensions\redhat.java-1.9.0\jre\17.0.3-win32-x86_64\bin\net.dll
0x00007ffaf65b0000 - 0x00007ffaf66ba000 	C:\Windows\SYSTEM32\WINHTTP.dll
0x00007ffb02150000 - 0x00007ffb021ba000 	C:\Windows\system32\mswsock.dll
0x00007ffaef030000 - 0x00007ffaef045000 	C:\Users\User\.vscode\extensions\redhat.java-1.9.0\jre\17.0.3-win32-x86_64\bin\nio.dll
0x00007ffafc6d0000 - 0x00007ffafc6e0000 	c:\Users\User\.vscode\extensions\redhat.java-1.9.0\jre\17.0.3-win32-x86_64\bin\verify.dll

dbghelp: loaded successfully - version: 4.0.5 - missing functions: none
symbol engine: initialized successfully - sym options: 0x614 - pdb path: .;c:\Users\User\.vscode\extensions\redhat.java-1.9.0\jre\17.0.3-win32-x86_64\bin;C:\Windows\SYSTEM32;C:\Windows\WinSxS\amd64_microsoft.windows.common-controls_6595b64144ccf1df_6.0.19041.1110_none_60b5254171f9507e;c:\Users\User\.vscode\extensions\redhat.java-1.9.0\jre\17.0.3-win32-x86_64\bin\server

VM Arguments:
jvm_args: --add-modules=ALL-SYSTEM --add-opens=java.base/java.util=ALL-UNNAMED --add-opens=java.base/java.lang=ALL-UNNAMED --add-opens=java.base/sun.nio.fs=ALL-UNNAMED -Declipse.application=org.eclipse.jdt.ls.core.id1 -Dosgi.bundles.defaultStartLevel=4 -Declipse.product=org.eclipse.jdt.ls.core.product -Djava.import.generatesMetadataFilesAtProjectRoot=false -Dfile.encoding=utf8 -DwatchParentProcess=false -XX:+UseParallelGC -XX:GCTimeRatio=4 -XX:AdaptiveSizePolicyWeight=90 -Dsun.zip.disableMemoryMapping=true -Xmx1G -Xms100m -javaagent:c:\Users\User\.vscode\extensions\redhat.java-1.9.0\lombok\lombok-1.18.24.jar 
java_command: c:\Users\User\.vscode\extensions\redhat.java-1.9.0\server\plugins\org.eclipse.equinox.launcher_1.6.400.v20210924-0641.jar -configuration c:\Users\User\AppData\Roaming\Code\User\globalStorage\redhat.java\1.9.0\config_ss_win -data c:\Users\User\AppData\Roaming\Code\User\workspaceStorage\8255c249bf12b49d77074f345abc412a\redhat.java\ss_ws
java_class_path (initial): c:\Users\User\.vscode\extensions\redhat.java-1.9.0\server\plugins\org.eclipse.equinox.launcher_1.6.400.v20210924-0641.jar
Launcher Type: SUN_STANDARD

[Global flags]
    uintx AdaptiveSizePolicyWeight                 = 90                                        {product} {command line}
     intx CICompilerCount                          = 4                                         {product} {ergonomic}
    uintx GCTimeRatio                              = 4                                         {product} {command line}
   size_t InitialHeapSize                          = 104857600                                 {product} {command line}
   size_t MaxHeapSize                              = 1073741824                                {product} {command line}
   size_t MaxNewSize                               = 357564416                                 {product} {ergonomic}
   size_t MinHeapDeltaBytes                        = 524288                                    {product} {ergonomic}
   size_t MinHeapSize                              = 104857600                                 {product} {command line}
   size_t NewSize                                  = 34603008                                  {product} {ergonomic}
    uintx NonNMethodCodeHeapSize                   = 5839372                                {pd product} {ergonomic}
    uintx NonProfiledCodeHeapSize                  = 122909434                              {pd product} {ergonomic}
   size_t OldSize                                  = 70254592                                  {product} {ergonomic}
    uintx ProfiledCodeHeapSize                     = 122909434                              {pd product} {ergonomic}
    uintx ReservedCodeCacheSize                    = 251658240                              {pd product} {ergonomic}
     bool SegmentedCodeCache                       = true                                      {product} {ergonomic}
   size_t SoftMaxHeapSize                          = 1073741824                             {manageable} {ergonomic}
     bool UseCompressedClassPointers               = true                           {product lp64_product} {ergonomic}
     bool UseCompressedOops                        = true                           {product lp64_product} {ergonomic}
     bool UseLargePagesIndividualAllocation        = false                                  {pd product} {ergonomic}
     bool UseParallelGC                            = true                                      {product} {command line}

Logging:
Log output configuration:
 #0: stdout all=warning uptime,level,tags
 #1: stderr all=off uptime,level,tags

Environment Variables:
PATH=C:\Program Files (x86)\VMware\VMware Player\bin\;C:\Python310\Scripts\;C:\Python310\;C:\Program Files (x86)\Common Files\Intel\Shared Libraries\redist\intel64\compiler;C:\Windows\system32;C:\Windows;C:\Windows\System32\Wbem;C:\Windows\System32\WindowsPowerShell\v1.0\;C:\Windows\System32\OpenSSH\;C:\Program Files (x86)\NVIDIA Corporation\PhysX\Common;C:\Program Files\NVIDIA Corporation\NVIDIA NvDLISR;C:\flutter\bin;C:\dart-sdk\bin;C:\Program Files\Microsoft VS Code\bin;C:\Program Files\Git\cmd;C:\Program Files (x86)\IVI Foundation\VISA\WinNT\Bin\;C:\Program Files\IVI Foundation\VISA\Win64\Bin\;C:\Program Files (x86)\IVI Foundation\VISA\WinNT\Bin;C:\ProgramData\chocolatey\bin;C:\Program Files\PuTTY\;C:\Program Files (x86)\National Instruments\Shared\LabVIEW CLI;C:\Program Files\Microsoft SQL Server\150\Tools\Binn\;C:\Program Files\nodejs\;C:\Program Files\Java\jdk-11.0.14\bin;C:\Program Files\Microsoft SQL Server\Client SDK\ODBC\170\Tools\Binn\;C:\Program Files\dotnet\;C:\Program Files (x86)\Microsoft SQL Server\150\DTS\Binn\;C:\Program Files\Azure Data Studio\bin;C:\Program Files (x86)\Microsoft SQL Server\150\Tools\Binn\;C:\Program Files\Microsoft SQL Server\150\DTS\Binn\;C:\Program Files\TortoiseSVN\bin;C:\Program Files\VisualSVN Server\bin;C:\Users\User\AppData\Local\Programs\Python\Python39\Scripts\;C:\Users\User\AppData\Local\Programs\Python\Python39\;C:\Users\User\AppData\Local\Microsoft\WindowsApps;C:\Users\User\AppData\Roaming\npm;C:\Users\User\AppData\Local\Android\Sdk\platformsC:\Users\User\AppData\Local\Android\Sdk\platformsC:\Users\User\AppData\Local\Android\Sdk\platforms;C:\Users\User\AppData\Local\Android\Sdk\platform-tools;C:\Users\User\.dotnet\tools;C:\integ_continue\maven\apache-maven-3.8.6\bin;C:\Program Files\Java\jdk-11.0.14
USERNAME=User
OS=Windows_NT
PROCESSOR_IDENTIFIER=AMD64 Family 23 Model 96 Stepping 1, AuthenticAMD



---------------  S Y S T E M  ---------------

OS:
 Windows 10 , 64 bit Build 19041 (10.0.19041.1806)
OS uptime: 0 days 20:16 hours

CPU: total 12 (initial active 12) (12 cores per cpu, 2 threads per core) family 23 model 96 stepping 1 microcode 0x0, cx8, cmov, fxsr, ht, mmx, 3dnowpref, sse, sse2, sse3, ssse3, sse4a, sse4.1, sse4.2, popcnt, lzcnt, tsc, tscinvbit, avx, avx2, aes, clmul, bmi1, bmi2, adx, sha, fma, vzeroupper, clflush, clflushopt

Memory: 4k page, system-wide physical 7549M (809M free)
TotalPageFile size 31101M (AvailPageFile size 124M)
current process WorkingSet (physical memory assigned to process): 66M, peak: 66M
current process commit charge ("private bytes"): 204M, peak: 205M

vm_info: OpenJDK 64-Bit Server VM (17.0.3+7) for windows-amd64 JRE (17.0.3+7), built on Apr 19 2022 16:55:35 by "" with MS VC++ 16.7 (VS2019)

END.
