#
# There is insufficient memory for the Java Runtime Environment to continue.
# Native memory allocation (malloc) failed to allocate 152960 bytes for Chunk::new
# Possible reasons:
#   The system is out of physical RAM or swap space
#   The process is running with CompressedOops enabled, and the Java Heap may be blocking the growth of the native heap
# Possible solutions:
#   Reduce memory load on the system
#   Increase physical memory or swap space
#   Check if swap backing store is full
#   Decrease Java heap size (-Xmx/-Xms)
#   Decrease number of Java threads
#   Decrease Java thread stack sizes (-Xss)
#   Set larger code cache with -XX:ReservedCodeCacheSize=
#   JVM is running with Unscaled Compressed Oops mode in which the Java heap is
#     placed in the first 4GB address space. The Java Heap base address is the
#     maximum limit for the native heap growth. Please use -XX:HeapBaseMinAddress
#     to set the Java Heap base and to place the Java Heap above 4GB virtual address.
# This output file may be truncated or incomplete.
#
#  Out of Memory Error (arena.cpp:189), pid=6084, tid=20248
#
# JRE version: OpenJDK Runtime Environment Temurin-17.0.3+7 (17.0.3+7) (build 17.0.3+7)
# Java VM: OpenJDK 64-Bit Server VM Temurin-17.0.3+7 (17.0.3+7, mixed mode, tiered, compressed oops, compressed class ptrs, parallel gc, windows-amd64)
# No core dump will be written. Minidumps are not enabled by default on client versions of Windows
#

---------------  S U M M A R Y ------------

Command Line: --add-modules=ALL-SYSTEM --add-opens=java.base/java.util=ALL-UNNAMED --add-opens=java.base/java.lang=ALL-UNNAMED --add-opens=java.base/sun.nio.fs=ALL-UNNAMED -Declipse.application=org.eclipse.jdt.ls.core.id1 -Dosgi.bundles.defaultStartLevel=4 -Declipse.product=org.eclipse.jdt.ls.core.product -Djava.import.generatesMetadataFilesAtProjectRoot=false -Dfile.encoding=utf8 -DwatchParentProcess=false -XX:+UseParallelGC -XX:GCTimeRatio=4 -XX:AdaptiveSizePolicyWeight=90 -Dsun.zip.disableMemoryMapping=true -Xmx1G -Xms100m -javaagent:c:\Users\User\.vscode\extensions\redhat.java-1.9.0\lombok\lombok-1.18.24.jar c:\Users\User\.vscode\extensions\redhat.java-1.9.0\server\plugins\org.eclipse.equinox.launcher_1.6.400.v20210924-0641.jar -configuration c:\Users\User\AppData\Roaming\Code\User\globalStorage\redhat.java\1.9.0\config_ss_win -data c:\Users\User\AppData\Roaming\Code\User\workspaceStorage\8255c249bf12b49d77074f345abc412a\redhat.java\ss_ws

Host: AMD Ryzen 5 4600H with Radeon Graphics         , 12 cores, 7G,  Windows 10 , 64 bit Build 19041 (10.0.19041.1806)
Time: Sat Jul 23 14:43:48 2022 Afr. centrale Ouest elapsed time: 1.281149 seconds (0d 0h 0m 1s)

---------------  T H R E A D  ---------------

Current thread (0x0000017afd0b94b0):  JavaThread "C2 CompilerThread0" daemon [_thread_in_native, id=20248, stack(0x00000041c0e00000,0x00000041c0f00000)]


Current CompileTask:
C2:   1281 1393       4       java.lang.StringLatin1::toLowerCase (186 bytes)

Stack: [0x00000041c0e00000,0x00000041c0f00000]
Native frames: (J=compiled Java code, j=interpreted, Vv=VM code, C=native code)
V  [jvm.dll+0x675efa]
V  [jvm.dll+0x830a24]
V  [jvm.dll+0x8321ce]
V  [jvm.dll+0x832833]
V  [jvm.dll+0x2454b5]
V  [jvm.dll+0xabd7b]
V  [jvm.dll+0xac30c]
V  [jvm.dll+0x363627]
V  [jvm.dll+0x32dca1]
V  [jvm.dll+0x32d14a]
V  [jvm.dll+0x218361]
V  [jvm.dll+0x217781]
V  [jvm.dll+0x1a3ccd]
V  [jvm.dll+0x227178]
V  [jvm.dll+0x2252bc]
V  [jvm.dll+0x7e673b]
V  [jvm.dll+0x7e0cfa]
V  [jvm.dll+0x674d85]
C  [ucrtbase.dll+0x21bb2]
C  [KERNEL32.DLL+0x17034]
C  [ntdll.dll+0x52651]


---------------  P R O C E S S  ---------------

Threads class SMR info:
_java_thread_list=0x0000017a8f14e140, length=16, elements={
0x0000017af647b180, 0x0000017afb2f8690, 0x0000017afb2fba40, 0x0000017afd0ab4b0,
0x0000017afd0abf70, 0x0000017afd0b59f0, 0x0000017afd0b6a50, 0x0000017afd0b94b0,
0x0000017afd0bb610, 0x0000017afd0bfbb0, 0x0000017afd1bd650, 0x0000017afd37f260,
0x0000017afe965990, 0x0000017afe8c9cb0, 0x0000017afeab59d0, 0x0000017a8f24f010
}

Java Threads: ( => current thread )
  0x0000017af647b180 JavaThread "main" [_thread_in_native, id=19976, stack(0x00000041c0500000,0x00000041c0600000)]
  0x0000017afb2f8690 JavaThread "Reference Handler" daemon [_thread_blocked, id=19872, stack(0x00000041c0800000,0x00000041c0900000)]
  0x0000017afb2fba40 JavaThread "Finalizer" daemon [_thread_blocked, id=13380, stack(0x00000041c0900000,0x00000041c0a00000)]
  0x0000017afd0ab4b0 JavaThread "Signal Dispatcher" daemon [_thread_blocked, id=16260, stack(0x00000041c0a00000,0x00000041c0b00000)]
  0x0000017afd0abf70 JavaThread "Attach Listener" daemon [_thread_blocked, id=12716, stack(0x00000041c0b00000,0x00000041c0c00000)]
  0x0000017afd0b59f0 JavaThread "Service Thread" daemon [_thread_blocked, id=19708, stack(0x00000041c0c00000,0x00000041c0d00000)]
  0x0000017afd0b6a50 JavaThread "Monitor Deflation Thread" daemon [_thread_blocked, id=18360, stack(0x00000041c0d00000,0x00000041c0e00000)]
=>0x0000017afd0b94b0 JavaThread "C2 CompilerThread0" daemon [_thread_in_native, id=20248, stack(0x00000041c0e00000,0x00000041c0f00000)]
  0x0000017afd0bb610 JavaThread "C1 CompilerThread0" daemon [_thread_in_native, id=2488, stack(0x00000041c0f00000,0x00000041c1000000)]
  0x0000017afd0bfbb0 JavaThread "Sweeper thread" daemon [_thread_blocked, id=5688, stack(0x00000041c1000000,0x00000041c1100000)]
  0x0000017afd1bd650 JavaThread "Common-Cleaner" daemon [_thread_blocked, id=21884, stack(0x00000041c1100000,0x00000041c1200000)]
  0x0000017afd37f260 JavaThread "Notification Thread" daemon [_thread_blocked, id=18424, stack(0x00000041c1200000,0x00000041c1300000)]
  0x0000017afe965990 JavaThread "C2 CompilerThread1" daemon [_thread_in_native, id=3980, stack(0x00000041c1900000,0x00000041c1a00000)]
  0x0000017afe8c9cb0 JavaThread "Active Thread: Equinox Container: f4e74f1c-f9a6-4a62-86b8-b31920bd5b77" [_thread_blocked, id=20264, stack(0x00000041c1a00000,0x00000041c1b00000)]
  0x0000017afeab59d0 JavaThread "Framework Event Dispatcher: Equinox Container: f4e74f1c-f9a6-4a62-86b8-b31920bd5b77" daemon [_thread_blocked, id=15640, stack(0x00000041c1b00000,0x00000041c1c00000)]
  0x0000017a8f24f010 JavaThread "Start Level: Equinox Container: f4e74f1c-f9a6-4a62-86b8-b31920bd5b77" daemon [_thread_in_Java, id=22192, stack(0x00000041c1c00000,0x00000041c1d00000)]

Other Threads:
  0x0000017afb193210 VMThread "VM Thread" [stack: 0x00000041c0700000,0x00000041c0800000] [id=16952]
  0x0000017afd427cd0 WatcherThread [stack: 0x00000041c1300000,0x00000041c1400000] [id=4032]
  0x0000017af64901b0 GCTaskThread "GC Thread#0" [stack: 0x00000041c0600000,0x00000041c0700000] [id=14224]
  0x0000017afe92b310 GCTaskThread "GC Thread#1" [stack: 0x00000041c1400000,0x00000041c1500000] [id=22392]
  0x0000017afe48d760 GCTaskThread "GC Thread#2" [stack: 0x00000041c1500000,0x00000041c1600000] [id=10136]
  0x0000017afe90edc0 GCTaskThread "GC Thread#3" [stack: 0x00000041c1600000,0x00000041c1700000] [id=8292]
  0x0000017afe90f070 GCTaskThread "GC Thread#4" [stack: 0x00000041c1700000,0x00000041c1800000] [id=24236]
  0x0000017afeb221b0 GCTaskThread "GC Thread#5" [stack: 0x00000041c1800000,0x00000041c1900000] [id=8764]

Threads with active compile tasks:
C2 CompilerThread0     1304 1393       4       java.lang.StringLatin1::toLowerCase (186 bytes)
C2 CompilerThread1     1304 1383       4       java.io.WinNTFileSystem::normalize (143 bytes)

VM state: not at safepoint (normal execution)

VM Mutex/Monitor currently owned by a thread: None

Heap address: 0x00000000c0000000, size: 1024 MB, Compressed Oops mode: 32-bit

CDS archive(s) not mapped
Compressed class space mapped at: 0x0000000100000000-0x0000000140000000, reserved size: 1073741824
Narrow klass base: 0x0000000000000000, Narrow klass shift: 3, Narrow klass range: 0x140000000

GC Precious Log:
 CPUs: 12 total, 12 available
 Memory: 7549M
 Large Page Support: Disabled
 NUMA Support: Disabled
 Compressed Oops: Enabled (32-bit)
 Alignments: Space 512K, Generation 512K, Heap 2M
 Heap Min Capacity: 100M
 Heap Initial Capacity: 100M
 Heap Max Capacity: 1G
 Pre-touch: Disabled
 Parallel Workers: 10

Heap:
 PSYoungGen      total 29696K, used 20672K [0x00000000eab00000, 0x00000000ecc00000, 0x0000000100000000)
  eden space 25600K, 68% used [0x00000000eab00000,0x00000000ebc06100,0x00000000ec400000)
  from space 4096K, 79% used [0x00000000ec400000,0x00000000ec72a190,0x00000000ec800000)
  to   space 4096K, 0% used [0x00000000ec800000,0x00000000ec800000,0x00000000ecc00000)
 ParOldGen       total 68608K, used 16K [0x00000000c0000000, 0x00000000c4300000, 0x00000000eab00000)
  object space 68608K, 0% used [0x00000000c0000000,0x00000000c0004000,0x00000000c4300000)
 Metaspace       used 13263K, committed 13440K, reserved 1064960K
  class space    used 1327K, committed 1408K, reserved 1048576K

Card table byte_map: [0x0000017af5e30000,0x0000017af6040000] _byte_map_base: 0x0000017af5830000

Marking Bits: (ParMarkBitMap*) 0x00007ffabb6c4b80
 Begin Bits: [0x0000017af9100000, 0x0000017afa100000)
 End Bits:   [0x0000017afa100000, 0x0000017afb100000)

Polling page: 0x0000017af4230000

Metaspace:

Usage:
  Non-class:     11.66 MB used.
      Class:      1.30 MB used.
       Both:     12.95 MB used.

Virtual space:
  Non-class space:       16.00 MB reserved,      11.75 MB ( 73%) committed,  2 nodes.
      Class space:        1.00 GB reserved,       1.38 MB ( <1%) committed,  1 nodes.
             Both:        1.02 GB reserved,      13.12 MB (  1%) committed. 

Chunk freelists:
   Non-Class:  80.00 KB
       Class:  2.47 MB
        Both:  2.55 MB

MaxMetaspaceSize: unlimited
CompressedClassSpaceSize: 1.00 GB
Initial GC threshold: 21.00 MB
Current GC threshold: 21.00 MB
CDS: off
MetaspaceReclaimPolicy: balanced
 - commit_granule_bytes: 65536.
 - commit_granule_words: 8192.
 - virtual_space_node_default_size: 1048576.
 - enlarge_chunks_in_place: 1.
 - new_chunks_are_fully_committed: 0.
 - uncommit_free_chunks: 1.
 - use_allocation_guard: 0.
 - handle_deallocations: 1.


Internal statistics:

num_allocs_failed_limit: 0.
num_arena_births: 56.
num_arena_deaths: 0.
num_vsnodes_births: 3.
num_vsnodes_deaths: 0.
num_space_committed: 210.
num_space_uncommitted: 0.
num_chunks_returned_to_freelist: 0.
num_chunks_taken_from_freelist: 214.
num_chunk_merges: 0.
num_chunk_splits: 148.
num_chunks_enlarged: 122.
num_purges: 0.
num_inconsistent_stats: 0.

CodeHeap 'non-profiled nmethods': size=120000Kb used=526Kb max_used=526Kb free=119473Kb
 bounds [0x0000017a87ad0000, 0x0000017a87d40000, 0x0000017a8f000000]
CodeHeap 'profiled nmethods': size=120000Kb used=2621Kb max_used=2621Kb free=117378Kb
 bounds [0x0000017a805a0000, 0x0000017a80830000, 0x0000017a87ad0000]
CodeHeap 'non-nmethods': size=5760Kb used=1150Kb max_used=1173Kb free=4609Kb
 bounds [0x0000017a80000000, 0x0000017a80270000, 0x0000017a805a0000]
 total_blobs=1863 nmethods=1421 adapters=356
 compilation: enabled
              stopped_count=0, restarted_count=0
 full_count=0

Compilation events (20 events):
Event: 1.258 Thread 0x0000017afd0b94b0 nmethod 1385% 0x0000017a87b51310 code [0x0000017a87b514a0, 0x0000017a87b51698]
Event: 1.258 Thread 0x0000017afd0b94b0 1386       4       java.lang.StringBuilder::toString (35 bytes)
Event: 1.262 Thread 0x0000017afd0b94b0 nmethod 1386 0x0000017a87b51890 code [0x0000017a87b51a20, 0x0000017a87b51e28]
Event: 1.263 Thread 0x0000017afd0b94b0 1387       4       sun.nio.fs.WindowsPathParser::isInvalidPathChar (22 bytes)
Event: 1.264 Thread 0x0000017afd0b94b0 nmethod 1387 0x0000017a87b52090 code [0x0000017a87b52200, 0x0000017a87b52378]
Event: 1.265 Thread 0x0000017afd0bb610 1388       3       java.util.Collections::emptyIterator (4 bytes)
Event: 1.265 Thread 0x0000017afd0bb610 nmethod 1388 0x0000017a80816290 code [0x0000017a80816420, 0x0000017a80816518]
Event: 1.268 Thread 0x0000017afd0bb610 1389       3       java.net.URL::<init> (438 bytes)
Event: 1.268 Thread 0x0000017afd0b94b0 1392       4       java.lang.StringLatin1::lastIndexOf (125 bytes)
Event: 1.270 Thread 0x0000017afd0b94b0 nmethod 1392 0x0000017a87b52490 code [0x0000017a87b52620, 0x0000017a87b527b8]
Event: 1.271 Thread 0x0000017afd0b94b0 1393       4       java.lang.StringLatin1::toLowerCase (186 bytes)
Event: 1.273 Thread 0x0000017afd0bb610 nmethod 1389 0x0000017a80816590 code [0x0000017a80816d40, 0x0000017a8081ab28]
Event: 1.274 Thread 0x0000017afd0bb610 1390       3       java.io.File::isAbsolute (8 bytes)
Event: 1.274 Thread 0x0000017afd0bb610 nmethod 1390 0x0000017a8081c110 code [0x0000017a8081c2c0, 0x0000017a8081c428]
Event: 1.274 Thread 0x0000017afd0bb610 1391       3       java.io.WinNTFileSystem::isAbsolute (36 bytes)
Event: 1.275 Thread 0x0000017afd0bb610 nmethod 1391 0x0000017a8081c510 code [0x0000017a8081c720, 0x0000017a8081cdb8]
Event: 1.275 Thread 0x0000017afd0bb610 1394       3       java.io.File::slashify (84 bytes)
Event: 1.276 Thread 0x0000017afd0bb610 nmethod 1394 0x0000017a8081d090 code [0x0000017a8081d3a0, 0x0000017a8081e228]
Event: 1.277 Thread 0x0000017afd0bb610 1396       3       sun.net.util.IPAddressUtil::scan (62 bytes)
Event: 1.278 Thread 0x0000017afd0bb610 nmethod 1396 0x0000017a8081e790 code [0x0000017a8081e9c0, 0x0000017a8081f2a8]

GC Heap History (2 events):
Event: 0.835 GC heap before
{Heap before GC invocations=1 (full 0):
 PSYoungGen      total 29696K, used 25600K [0x00000000eab00000, 0x00000000ecc00000, 0x0000000100000000)
  eden space 25600K, 100% used [0x00000000eab00000,0x00000000ec400000,0x00000000ec400000)
  from space 4096K, 0% used [0x00000000ec800000,0x00000000ec800000,0x00000000ecc00000)
  to   space 4096K, 0% used [0x00000000ec400000,0x00000000ec400000,0x00000000ec800000)
 ParOldGen       total 68608K, used 0K [0x00000000c0000000, 0x00000000c4300000, 0x00000000eab00000)
  object space 68608K, 0% used [0x00000000c0000000,0x00000000c0000000,0x00000000c4300000)
 Metaspace       used 10807K, committed 10944K, reserved 1064960K
  class space    used 1087K, committed 1152K, reserved 1048576K
}
Event: 0.842 GC heap after
{Heap after GC invocations=1 (full 0):
 PSYoungGen      total 29696K, used 3240K [0x00000000eab00000, 0x00000000ecc00000, 0x0000000100000000)
  eden space 25600K, 0% used [0x00000000eab00000,0x00000000eab00000,0x00000000ec400000)
  from space 4096K, 79% used [0x00000000ec400000,0x00000000ec72a190,0x00000000ec800000)
  to   space 4096K, 0% used [0x00000000ec800000,0x00000000ec800000,0x00000000ecc00000)
 ParOldGen       total 68608K, used 16K [0x00000000c0000000, 0x00000000c4300000, 0x00000000eab00000)
  object space 68608K, 0% used [0x00000000c0000000,0x00000000c0004000,0x00000000c4300000)
 Metaspace       used 10807K, committed 10944K, reserved 1064960K
  class space    used 1087K, committed 1152K, reserved 1048576K
}

Deoptimization events (20 events):
Event: 0.906 Thread 0x0000017af647b180 DEOPT PACKING pc=0x0000017a87b026c0 sp=0x00000041c05f87b0
Event: 0.906 Thread 0x0000017af647b180 DEOPT UNPACKING pc=0x0000017a800520a3 sp=0x00000041c05f8708 mode 2
Event: 1.057 Thread 0x0000017af647b180 Uncommon trap: trap_request=0xffffff45 fr.pc=0x0000017a87b0bd64 relative=0x00000000000002a4
Event: 1.057 Thread 0x0000017af647b180 Uncommon trap: reason=unstable_if action=reinterpret pc=0x0000017a87b0bd64 method=java.lang.invoke.VarHandle.checkExactAccessMode(Ljava/lang/invoke/VarHandle$AccessDescriptor;)V @ 4 c2
Event: 1.057 Thread 0x0000017af647b180 DEOPT PACKING pc=0x0000017a87b0bd64 sp=0x00000041c05fe620
Event: 1.057 Thread 0x0000017af647b180 DEOPT UNPACKING pc=0x0000017a800520a3 sp=0x00000041c05fe5f0 mode 2
Event: 1.164 Thread 0x0000017af647b180 Uncommon trap: trap_request=0xffffffde fr.pc=0x0000017a87b28364 relative=0x0000000000000924
Event: 1.164 Thread 0x0000017af647b180 Uncommon trap: reason=class_check action=maybe_recompile pc=0x0000017a87b28364 method=java.util.HashMap.putVal(ILjava/lang/Object;Ljava/lang/Object;ZZ)Ljava/lang/Object; @ 253 c2
Event: 1.164 Thread 0x0000017af647b180 DEOPT PACKING pc=0x0000017a87b28364 sp=0x00000041c05fe0b0
Event: 1.164 Thread 0x0000017af647b180 DEOPT UNPACKING pc=0x0000017a800520a3 sp=0x00000041c05fe030 mode 2
Event: 1.167 Thread 0x0000017af647b180 Uncommon trap: trap_request=0xffffffde fr.pc=0x0000017a87b28364 relative=0x0000000000000924
Event: 1.167 Thread 0x0000017af647b180 Uncommon trap: reason=class_check action=maybe_recompile pc=0x0000017a87b28364 method=java.util.HashMap.putVal(ILjava/lang/Object;Ljava/lang/Object;ZZ)Ljava/lang/Object; @ 253 c2
Event: 1.167 Thread 0x0000017af647b180 DEOPT PACKING pc=0x0000017a87b28364 sp=0x00000041c05fe0b0
Event: 1.167 Thread 0x0000017af647b180 DEOPT UNPACKING pc=0x0000017a800520a3 sp=0x00000041c05fe030 mode 2
Event: 1.199 Thread 0x0000017af647b180 DEOPT PACKING pc=0x0000017a80687500 sp=0x00000041c05fd180
Event: 1.199 Thread 0x0000017af647b180 DEOPT UNPACKING pc=0x0000017a80052843 sp=0x00000041c05fc5f0 mode 0
Event: 1.202 Thread 0x0000017af647b180 DEOPT PACKING pc=0x0000017a8069c809 sp=0x00000041c05fcad0
Event: 1.202 Thread 0x0000017af647b180 DEOPT UNPACKING pc=0x0000017a80052843 sp=0x00000041c05fbf58 mode 0
Event: 1.268 Thread 0x0000017af647b180 DEOPT PACKING pc=0x0000017a805d514e sp=0x00000041c05fe5c0
Event: 1.268 Thread 0x0000017af647b180 DEOPT UNPACKING pc=0x0000017a80052843 sp=0x00000041c05fda08 mode 0

Classes unloaded (0 events):
No events

Classes redefined (0 events):
No events

Internal exceptions (20 events):
Event: 0.413 Thread 0x0000017af647b180 Exception <a 'java/io/FileNotFoundException'{0x00000000eb733af0}> (0x00000000eb733af0) 
thrown [e:\jenkins\tmp\workspace\build\src\src\hotspot\share\prims\jni.cpp, line 516]
Event: 0.414 Thread 0x0000017af647b180 Exception <a 'java/io/FileNotFoundException'{0x00000000eb734b30}> (0x00000000eb734b30) 
thrown [e:\jenkins\tmp\workspace\build\src\src\hotspot\share\prims\jni.cpp, line 516]
Event: 0.414 Thread 0x0000017af647b180 Exception <a 'java/io/FileNotFoundException'{0x00000000eb735b68}> (0x00000000eb735b68) 
thrown [e:\jenkins\tmp\workspace\build\src\src\hotspot\share\prims\jni.cpp, line 516]
Event: 0.423 Thread 0x0000017af647b180 Exception <a 'java/io/FileNotFoundException'{0x00000000eb7769e8}> (0x00000000eb7769e8) 
thrown [e:\jenkins\tmp\workspace\build\src\src\hotspot\share\prims\jni.cpp, line 516]
Event: 0.618 Thread 0x0000017af647b180 Exception <a 'java/lang/ClassNotFoundException'{0x00000000ebf70818}: sun/net/www/protocol/c/Handler> (0x00000000ebf70818) 
thrown [e:\jenkins\tmp\workspace\build\src\src\hotspot\share\classfile\systemDictionary.cpp, line 256]
Event: 0.619 Thread 0x0000017af647b180 Exception <a 'java/lang/ClassNotFoundException'{0x00000000ebf71c80}: sun/net/www/protocol/c/Handler> (0x00000000ebf71c80) 
thrown [e:\jenkins\tmp\workspace\build\src\src\hotspot\share\classfile\systemDictionary.cpp, line 256]
Event: 0.619 Thread 0x0000017af647b180 Exception <a 'java/lang/ClassNotFoundException'{0x00000000ebf72fe0}: sun/net/www/protocol/c/Handler> (0x00000000ebf72fe0) 
thrown [e:\jenkins\tmp\workspace\build\src\src\hotspot\share\classfile\systemDictionary.cpp, line 256]
Event: 0.630 Thread 0x0000017af647b180 Exception <a 'java/io/FileNotFoundException'{0x00000000ebf91828}> (0x00000000ebf91828) 
thrown [e:\jenkins\tmp\workspace\build\src\src\hotspot\share\prims\jni.cpp, line 516]
Event: 0.703 Thread 0x0000017af647b180 Implicit null exception at 0x0000017a87b1e4fb to 0x0000017a87b1eea4
Event: 0.703 Thread 0x0000017af647b180 Implicit null exception at 0x0000017a87b196ec to 0x0000017a87b198c8
Event: 0.703 Thread 0x0000017af647b180 Implicit null exception at 0x0000017a87b077f1 to 0x0000017a87b079d0
Event: 0.703 Thread 0x0000017af647b180 Implicit null exception at 0x0000017a87b04e0f to 0x0000017a87b04e85
Event: 0.763 Thread 0x0000017af647b180 Exception <a 'java/lang/NoSuchMethodError'{0x00000000ec25a4d8}: 'int java.lang.invoke.DirectMethodHandle$Holder.invokeStaticInit(java.lang.Object, java.lang.Object, java.lang.Object, java.lang.Object)'> (0x00000000ec25a4d8) 
thrown [e:\jenkins\tmp\workspace\build\src\src\hotspot\share\interpreter\linkResolver.cpp, line 766]
Event: 0.766 Thread 0x0000017af647b180 Exception <a 'java/lang/NoSuchMethodError'{0x00000000ec264b48}: 'java.lang.Object java.lang.invoke.DirectMethodHandle$Holder.invokeInterface(java.lang.Object, java.lang.Object)'> (0x00000000ec264b48) 
thrown [e:\jenkins\tmp\workspace\build\src\src\hotspot\share\interpreter\linkResolver.cpp, line 766]
Event: 0.767 Thread 0x0000017af647b180 Exception <a 'java/lang/IncompatibleClassChangeError'{0x00000000ec268340}: Found class java.lang.Object, but interface was expected> (0x00000000ec268340) 
thrown [e:\jenkins\tmp\workspace\build\src\src\hotspot\share\interpreter\linkResolver.cpp, line 833]
Event: 0.768 Thread 0x0000017af647b180 Exception <a 'java/lang/NoSuchMethodError'{0x00000000ec26c838}: 'void java.lang.invoke.DirectMethodHandle$Holder.invokeStatic(java.lang.Object, java.lang.Object)'> (0x00000000ec26c838) 
thrown [e:\jenkins\tmp\workspace\build\src\src\hotspot\share\interpreter\linkResolver.cpp, line 766]
Event: 0.769 Thread 0x0000017af647b180 Exception <a 'java/lang/NoSuchMethodError'{0x00000000ec270038}: 'void java.lang.invoke.DirectMethodHandle$Holder.invokeStaticInit(java.lang.Object, java.lang.Object)'> (0x00000000ec270038) 
thrown [e:\jenkins\tmp\workspace\build\src\src\hotspot\share\interpreter\linkResolver.cpp, line 766]
Event: 0.771 Thread 0x0000017af647b180 Exception <a 'java/lang/NoSuchMethodError'{0x00000000ec277b60}: 'int java.lang.invoke.DirectMethodHandle$Holder.invokeStaticInit(java.lang.Object, java.lang.Object)'> (0x00000000ec277b60) 
thrown [e:\jenkins\tmp\workspace\build\src\src\hotspot\share\interpreter\linkResolver.cpp, line 766]
Event: 0.822 Thread 0x0000017af647b180 Exception <a 'java/lang/NoSuchMethodError'{0x00000000ec39b798}: 'void java.lang.invoke.DirectMethodHandle$Holder.invokeSpecial(java.lang.Object, java.lang.Object, java.lang.Object)'> (0x00000000ec39b798) 
thrown [e:\jenkins\tmp\workspace\build\src\src\hotspot\share\interpreter\linkResolver.cpp, line 766]
Event: 1.139 Thread 0x0000017af647b180 Exception <a 'java/lang/NoSuchMethodError'{0x00000000eb648830}: 'java.lang.Object java.lang.invoke.DirectMethodHandle$Holder.newInvokeSpecial(java.lang.Object, int, java.lang.Object)'> (0x00000000eb648830) 
thrown [e:\jenkins\tmp\workspace\build\src\src\hotspot\share\interpreter\linkResolver.cpp, line 766]

VM Operations (20 events):
Event: 0.109 Executing VM operation: HandshakeAllThreads
Event: 0.109 Executing VM operation: HandshakeAllThreads done
Event: 0.386 Executing VM operation: HandshakeAllThreads
Event: 0.386 Executing VM operation: HandshakeAllThreads done
Event: 0.402 Executing VM operation: HandshakeAllThreads
Event: 0.402 Executing VM operation: HandshakeAllThreads done
Event: 0.594 Executing VM operation: HandshakeAllThreads
Event: 0.594 Executing VM operation: HandshakeAllThreads done
Event: 0.693 Executing VM operation: ICBufferFull
Event: 0.693 Executing VM operation: ICBufferFull done
Event: 0.835 Executing VM operation: ParallelGCFailedAllocation
Event: 0.842 Executing VM operation: ParallelGCFailedAllocation done
Event: 1.098 Executing VM operation: HandshakeAllThreads
Event: 1.098 Executing VM operation: HandshakeAllThreads done
Event: 1.099 Executing VM operation: HandshakeAllThreads
Event: 1.099 Executing VM operation: HandshakeAllThreads done
Event: 1.108 Executing VM operation: HandshakeAllThreads
Event: 1.108 Executing VM operation: HandshakeAllThreads done
Event: 1.132 Executing VM operation: HandshakeAllThreads
Event: 1.132 Executing VM operation: HandshakeAllThreads done

Events (20 events):
Event: 1.166 loading class java/util/ConcurrentModificationException
Event: 1.166 loading class java/util/ConcurrentModificationException done
Event: 1.172 loading class java/net/ContentHandlerFactory
Event: 1.172 loading class java/net/ContentHandlerFactory done
Event: 1.176 loading class java/net/ContentHandler
Event: 1.176 loading class java/net/ContentHandler done
Event: 1.195 loading class java/security/KeyStoreException
Event: 1.195 loading class java/security/KeyStoreException done
Event: 1.222 loading class java/util/LinkedList$Node
Event: 1.222 loading class java/util/LinkedList$Node done
Event: 1.223 loading class java/util/LinkedList$ListItr
Event: 1.223 loading class java/util/LinkedList$ListItr done
Event: 1.235 loading class sun/nio/fs/WindowsChannelFactory
Event: 1.235 loading class sun/nio/fs/WindowsChannelFactory done
Event: 1.235 loading class sun/nio/fs/WindowsChannelFactory$1
Event: 1.235 loading class sun/nio/fs/WindowsChannelFactory$1 done
Event: 1.235 loading class sun/nio/fs/WindowsChannelFactory$Flags
Event: 1.235 loading class sun/nio/fs/WindowsChannelFactory$Flags done
Event: 1.236 loading class sun/nio/ch/FileChannelImpl$Closer
Event: 1.236 loading class sun/nio/ch/FileChannelImpl$Closer done


Dynamic libraries:
0x00007ff693e00000 - 0x00007ff693e0e000 	c:\Users\User\.vscode\extensions\redhat.java-1.9.0\jre\17.0.3-win32-x86_64\bin\java.exe
0x00007ffb05270000 - 0x00007ffb05468000 	C:\Windows\SYSTEM32\ntdll.dll
0x00007ffb03ac0000 - 0x00007ffb03b7d000 	C:\Windows\System32\KERNEL32.DLL
0x00007ffb02f10000 - 0x00007ffb031de000 	C:\Windows\System32\KERNELBASE.dll
0x00007ffb02990000 - 0x00007ffb02a90000 	C:\Windows\System32\ucrtbase.dll
0x00007ffaf2120000 - 0x00007ffaf2139000 	c:\Users\User\.vscode\extensions\redhat.java-1.9.0\jre\17.0.3-win32-x86_64\bin\VCRUNTIME140.dll
0x00007ffafe6d0000 - 0x00007ffafe6e8000 	c:\Users\User\.vscode\extensions\redhat.java-1.9.0\jre\17.0.3-win32-x86_64\bin\jli.dll
0x00007ffb04500000 - 0x00007ffb046a0000 	C:\Windows\System32\USER32.dll
0x00007ffb02cf0000 - 0x00007ffb02d12000 	C:\Windows\System32\win32u.dll
0x00007ffaef680000 - 0x00007ffaef91a000 	C:\Windows\WinSxS\amd64_microsoft.windows.common-controls_6595b64144ccf1df_6.0.19041.1110_none_60b5254171f9507e\COMCTL32.dll
0x00007ffb03dd0000 - 0x00007ffb03dfa000 	C:\Windows\System32\GDI32.dll
0x00007ffb03d00000 - 0x00007ffb03d9e000 	C:\Windows\System32\msvcrt.dll
0x00007ffb02a90000 - 0x00007ffb02b9b000 	C:\Windows\System32\gdi32full.dll
0x00007ffb02c50000 - 0x00007ffb02ced000 	C:\Windows\System32\msvcp_win.dll
0x00007ffb03da0000 - 0x00007ffb03dd0000 	C:\Windows\System32\IMM32.DLL
0x00007ffafe780000 - 0x00007ffafe78c000 	c:\Users\User\.vscode\extensions\redhat.java-1.9.0\jre\17.0.3-win32-x86_64\bin\vcruntime140_1.dll
0x00007ffad8ed0000 - 0x00007ffad8f61000 	c:\Users\User\.vscode\extensions\redhat.java-1.9.0\jre\17.0.3-win32-x86_64\bin\msvcp140.dll
0x00007ffabab40000 - 0x00007ffabb788000 	c:\Users\User\.vscode\extensions\redhat.java-1.9.0\jre\17.0.3-win32-x86_64\bin\server\jvm.dll
0x00007ffb04210000 - 0x00007ffb042be000 	C:\Windows\System32\ADVAPI32.dll
0x00007ffb03b90000 - 0x00007ffb03c2c000 	C:\Windows\System32\sechost.dll
0x00007ffb03350000 - 0x00007ffb03475000 	C:\Windows\System32\RPCRT4.dll
0x00007ffb03b80000 - 0x00007ffb03b88000 	C:\Windows\System32\PSAPI.DLL
0x00007ffadbe80000 - 0x00007ffadbe89000 	C:\Windows\SYSTEM32\WSOCK32.dll
0x00007ffafa730000 - 0x00007ffafa73a000 	C:\Windows\SYSTEM32\VERSION.dll
0x00007ffaf8270000 - 0x00007ffaf8297000 	C:\Windows\SYSTEM32\WINMM.dll
0x00007ffb04140000 - 0x00007ffb041ab000 	C:\Windows\System32\WS2_32.dll
0x00007ffb00890000 - 0x00007ffb008a2000 	C:\Windows\SYSTEM32\kernel.appcore.dll
0x00007ffafe760000 - 0x00007ffafe76a000 	c:\Users\User\.vscode\extensions\redhat.java-1.9.0\jre\17.0.3-win32-x86_64\bin\jimage.dll
0x00007ffaf8380000 - 0x00007ffaf8564000 	C:\Windows\SYSTEM32\DBGHELP.DLL
0x00007ffaeb650000 - 0x00007ffaeb67c000 	C:\Windows\SYSTEM32\dbgcore.DLL
0x00007ffb02e80000 - 0x00007ffb02f02000 	C:\Windows\System32\bcryptPrimitives.dll
0x00007ffafcb20000 - 0x00007ffafcb2e000 	c:\Users\User\.vscode\extensions\redhat.java-1.9.0\jre\17.0.3-win32-x86_64\bin\instrument.dll
0x00007ffaf2020000 - 0x00007ffaf2045000 	c:\Users\User\.vscode\extensions\redhat.java-1.9.0\jre\17.0.3-win32-x86_64\bin\java.dll
0x00007ffaef210000 - 0x00007ffaef228000 	c:\Users\User\.vscode\extensions\redhat.java-1.9.0\jre\17.0.3-win32-x86_64\bin\zip.dll
0x00007ffb04a00000 - 0x00007ffb05144000 	C:\Windows\System32\SHELL32.dll
0x00007ffb00a90000 - 0x00007ffb01224000 	C:\Windows\SYSTEM32\windows.storage.dll
0x00007ffb046a0000 - 0x00007ffb049f4000 	C:\Windows\System32\combase.dll
0x00007ffb023f0000 - 0x00007ffb02420000 	C:\Windows\SYSTEM32\Wldp.dll
0x00007ffb03480000 - 0x00007ffb0352d000 	C:\Windows\System32\SHCORE.dll
0x00007ffb041b0000 - 0x00007ffb04205000 	C:\Windows\System32\shlwapi.dll
0x00007ffb028d0000 - 0x00007ffb028ef000 	C:\Windows\SYSTEM32\profapi.dll
0x00007ffaef1f0000 - 0x00007ffaef209000 	C:\Users\User\.vscode\extensions\redhat.java-1.9.0\jre\17.0.3-win32-x86_64\bin\net.dll
0x00007ffaf65b0000 - 0x00007ffaf66ba000 	C:\Windows\SYSTEM32\WINHTTP.dll
0x00007ffb02150000 - 0x00007ffb021ba000 	C:\Windows\system32\mswsock.dll
0x00007ffaef030000 - 0x00007ffaef045000 	C:\Users\User\.vscode\extensions\redhat.java-1.9.0\jre\17.0.3-win32-x86_64\bin\nio.dll
0x00007ffafc6d0000 - 0x00007ffafc6e0000 	c:\Users\User\.vscode\extensions\redhat.java-1.9.0\jre\17.0.3-win32-x86_64\bin\verify.dll
0x00007ffae0b40000 - 0x00007ffae0b7e000 	C:\Users\User\AppData\Roaming\Code\User\globalStorage\redhat.java\1.9.0\config_ss_win\org.eclipse.equinox.launcher\org.eclipse.equinox.launcher.win32.win32.x86_64_1.2.500.v20220509-0833\eclipse_11700.dll
0x00007ffb03e60000 - 0x00007ffb03f8a000 	C:\Windows\System32\ole32.dll

dbghelp: loaded successfully - version: 4.0.5 - missing functions: none
symbol engine: initialized successfully - sym options: 0x614 - pdb path: .;c:\Users\User\.vscode\extensions\redhat.java-1.9.0\jre\17.0.3-win32-x86_64\bin;C:\Windows\SYSTEM32;C:\Windows\WinSxS\amd64_microsoft.windows.common-controls_6595b64144ccf1df_6.0.19041.1110_none_60b5254171f9507e;c:\Users\User\.vscode\extensions\redhat.java-1.9.0\jre\17.0.3-win32-x86_64\bin\server;C:\Users\User\AppData\Roaming\Code\User\globalStorage\redhat.java\1.9.0\config_ss_win\org.eclipse.equinox.launcher\org.eclipse.equinox.launcher.win32.win32.x86_64_1.2.500.v20220509-0833

VM Arguments:
jvm_args: --add-modules=ALL-SYSTEM --add-opens=java.base/java.util=ALL-UNNAMED --add-opens=java.base/java.lang=ALL-UNNAMED --add-opens=java.base/sun.nio.fs=ALL-UNNAMED -Declipse.application=org.eclipse.jdt.ls.core.id1 -Dosgi.bundles.defaultStartLevel=4 -Declipse.product=org.eclipse.jdt.ls.core.product -Djava.import.generatesMetadataFilesAtProjectRoot=false -Dfile.encoding=utf8 -DwatchParentProcess=false -XX:+UseParallelGC -XX:GCTimeRatio=4 -XX:AdaptiveSizePolicyWeight=90 -Dsun.zip.disableMemoryMapping=true -Xmx1G -Xms100m -javaagent:c:\Users\User\.vscode\extensions\redhat.java-1.9.0\lombok\lombok-1.18.24.jar 
java_command: c:\Users\User\.vscode\extensions\redhat.java-1.9.0\server\plugins\org.eclipse.equinox.launcher_1.6.400.v20210924-0641.jar -configuration c:\Users\User\AppData\Roaming\Code\User\globalStorage\redhat.java\1.9.0\config_ss_win -data c:\Users\User\AppData\Roaming\Code\User\workspaceStorage\8255c249bf12b49d77074f345abc412a\redhat.java\ss_ws
java_class_path (initial): c:\Users\User\.vscode\extensions\redhat.java-1.9.0\server\plugins\org.eclipse.equinox.launcher_1.6.400.v20210924-0641.jar
Launcher Type: SUN_STANDARD

[Global flags]
    uintx AdaptiveSizePolicyWeight                 = 90                                        {product} {command line}
     intx CICompilerCount                          = 4                                         {product} {ergonomic}
    uintx GCTimeRatio                              = 4                                         {product} {command line}
   size_t InitialHeapSize                          = 104857600                                 {product} {command line}
   size_t MaxHeapSize                              = 1073741824                                {product} {command line}
   size_t MaxNewSize                               = 357564416                                 {product} {ergonomic}
   size_t MinHeapDeltaBytes                        = 524288                                    {product} {ergonomic}
   size_t MinHeapSize                              = 104857600                                 {product} {command line}
   size_t NewSize                                  = 34603008                                  {product} {ergonomic}
    uintx NonNMethodCodeHeapSize                   = 5839372                                {pd product} {ergonomic}
    uintx NonProfiledCodeHeapSize                  = 122909434                              {pd product} {ergonomic}
   size_t OldSize                                  = 70254592                                  {product} {ergonomic}
    uintx ProfiledCodeHeapSize                     = 122909434                              {pd product} {ergonomic}
    uintx ReservedCodeCacheSize                    = 251658240                              {pd product} {ergonomic}
     bool SegmentedCodeCache                       = true                                      {product} {ergonomic}
   size_t SoftMaxHeapSize                          = 1073741824                             {manageable} {ergonomic}
     bool UseCompressedClassPointers               = true                           {product lp64_product} {ergonomic}
     bool UseCompressedOops                        = true                           {product lp64_product} {ergonomic}
     bool UseLargePagesIndividualAllocation        = false                                  {pd product} {ergonomic}
     bool UseParallelGC                            = true                                      {product} {command line}

Logging:
Log output configuration:
 #0: stdout all=warning uptime,level,tags
 #1: stderr all=off uptime,level,tags

Environment Variables:
PATH=C:\Program Files (x86)\VMware\VMware Player\bin\;C:\Python310\Scripts\;C:\Python310\;C:\Program Files (x86)\Common Files\Intel\Shared Libraries\redist\intel64\compiler;C:\Windows\system32;C:\Windows;C:\Windows\System32\Wbem;C:\Windows\System32\WindowsPowerShell\v1.0\;C:\Windows\System32\OpenSSH\;C:\Program Files (x86)\NVIDIA Corporation\PhysX\Common;C:\Program Files\NVIDIA Corporation\NVIDIA NvDLISR;C:\flutter\bin;C:\dart-sdk\bin;C:\Program Files\Microsoft VS Code\bin;C:\Program Files\Git\cmd;C:\Program Files (x86)\IVI Foundation\VISA\WinNT\Bin\;C:\Program Files\IVI Foundation\VISA\Win64\Bin\;C:\Program Files (x86)\IVI Foundation\VISA\WinNT\Bin;C:\ProgramData\chocolatey\bin;C:\Program Files\PuTTY\;C:\Program Files (x86)\National Instruments\Shared\LabVIEW CLI;C:\Program Files\Microsoft SQL Server\150\Tools\Binn\;C:\Program Files\nodejs\;C:\Program Files\Java\jdk-11.0.14\bin;C:\Program Files\Microsoft SQL Server\Client SDK\ODBC\170\Tools\Binn\;C:\Program Files\dotnet\;C:\Program Files (x86)\Microsoft SQL Server\150\DTS\Binn\;C:\Program Files\Azure Data Studio\bin;C:\Program Files (x86)\Microsoft SQL Server\150\Tools\Binn\;C:\Program Files\Microsoft SQL Server\150\DTS\Binn\;C:\Program Files\TortoiseSVN\bin;C:\Program Files\VisualSVN Server\bin;C:\Users\User\AppData\Local\Programs\Python\Python39\Scripts\;C:\Users\User\AppData\Local\Programs\Python\Python39\;C:\Users\User\AppData\Local\Microsoft\WindowsApps;C:\Users\User\AppData\Roaming\npm;C:\Users\User\AppData\Local\Android\Sdk\platformsC:\Users\User\AppData\Local\Android\Sdk\platformsC:\Users\User\AppData\Local\Android\Sdk\platforms;C:\Users\User\AppData\Local\Android\Sdk\platform-tools;C:\Users\User\.dotnet\tools;C:\integ_continue\maven\apache-maven-3.8.6\bin;C:\Program Files\Java\jdk-11.0.14
USERNAME=User
OS=Windows_NT
PROCESSOR_IDENTIFIER=AMD64 Family 23 Model 96 Stepping 1, AuthenticAMD



---------------  S Y S T E M  ---------------

OS:
 Windows 10 , 64 bit Build 19041 (10.0.19041.1806)
OS uptime: 0 days 20:16 hours

CPU: total 12 (initial active 12) (12 cores per cpu, 2 threads per core) family 23 model 96 stepping 1 microcode 0x0, cx8, cmov, fxsr, ht, mmx, 3dnowpref, sse, sse2, sse3, ssse3, sse4a, sse4.1, sse4.2, popcnt, lzcnt, tsc, tscinvbit, avx, avx2, aes, clmul, bmi1, bmi2, adx, sha, fma, vzeroupper, clflush, clflushopt

Memory: 4k page, system-wide physical 7549M (730M free)
TotalPageFile size 31101M (AvailPageFile size 9M)
current process WorkingSet (physical memory assigned to process): 84M, peak: 84M
current process commit charge ("private bytes"): 211M, peak: 212M

vm_info: OpenJDK 64-Bit Server VM (17.0.3+7) for windows-amd64 JRE (17.0.3+7), built on Apr 19 2022 16:55:35 by "" with MS VC++ 16.7 (VS2019)

END.
