#
# There is insufficient memory for the Java Runtime Environment to continue.
# Native memory allocation (mmap) failed to map 65536 bytes for Failed to commit metaspace.
# Possible reasons:
#   The system is out of physical RAM or swap space
#   The process is running with CompressedOops enabled, and the Java Heap may be blocking the growth of the native heap
# Possible solutions:
#   Reduce memory load on the system
#   Increase physical memory or swap space
#   Check if swap backing store is full
#   Decrease Java heap size (-Xmx/-Xms)
#   Decrease number of Java threads
#   Decrease Java thread stack sizes (-Xss)
#   Set larger code cache with -XX:ReservedCodeCacheSize=
#   JVM is running with Unscaled Compressed Oops mode in which the Java heap is
#     placed in the first 4GB address space. The Java Heap base address is the
#     maximum limit for the native heap growth. Please use -XX:HeapBaseMinAddress
#     to set the Java Heap base and to place the Java Heap above 4GB virtual address.
# This output file may be truncated or incomplete.
#
#  Out of Memory Error (virtualSpaceNode.cpp:110), pid=16964, tid=24104
#
# JRE version: OpenJDK Runtime Environment Temurin-17.0.3+7 (17.0.3+7) (build 17.0.3+7)
# Java VM: OpenJDK 64-Bit Server VM Temurin-17.0.3+7 (17.0.3+7, mixed mode, tiered, compressed oops, compressed class ptrs, parallel gc, windows-amd64)
# No core dump will be written. Minidumps are not enabled by default on client versions of Windows
#

---------------  S U M M A R Y ------------

Command Line: --add-modules=ALL-SYSTEM --add-opens=java.base/java.util=ALL-UNNAMED --add-opens=java.base/java.lang=ALL-UNNAMED --add-opens=java.base/sun.nio.fs=ALL-UNNAMED -Declipse.application=org.eclipse.jdt.ls.core.id1 -Dosgi.bundles.defaultStartLevel=4 -Declipse.product=org.eclipse.jdt.ls.core.product -Djava.import.generatesMetadataFilesAtProjectRoot=false -Dfile.encoding=utf8 -DwatchParentProcess=false -XX:+UseParallelGC -XX:GCTimeRatio=4 -XX:AdaptiveSizePolicyWeight=90 -Dsun.zip.disableMemoryMapping=true -Xmx1G -Xms100m -javaagent:c:\Users\User\.vscode\extensions\redhat.java-1.9.0\lombok\lombok-1.18.24.jar c:\Users\User\.vscode\extensions\redhat.java-1.9.0\server\plugins\org.eclipse.equinox.launcher_1.6.400.v20210924-0641.jar -configuration c:\Users\User\AppData\Roaming\Code\User\globalStorage\redhat.java\1.9.0\config_ss_win -data c:\Users\User\AppData\Roaming\Code\User\workspaceStorage\8255c249bf12b49d77074f345abc412a\redhat.java\ss_ws

Host: AMD Ryzen 5 4600H with Radeon Graphics         , 12 cores, 7G,  Windows 10 , 64 bit Build 19041 (10.0.19041.1806)
Time: Sat Jul 23 14:49:54 2022 Afr. centrale Ouest elapsed time: 2.356724 seconds (0d 0h 0m 2s)

---------------  T H R E A D  ---------------

Current thread (0x000002d9ab2e6410):  JavaThread "Start Level: Equinox Container: 33c3b825-505e-4fd0-a66d-d8f18a85c001" daemon [_thread_in_vm, id=24104, stack(0x000000df01500000,0x000000df01600000)]

Stack: [0x000000df01500000,0x000000df01600000]
Native frames: (J=compiled Java code, j=interpreted, Vv=VM code, C=native code)
V  [jvm.dll+0x675efa]
V  [jvm.dll+0x830a24]
V  [jvm.dll+0x8321ce]
V  [jvm.dll+0x832833]
V  [jvm.dll+0x2454b5]
V  [jvm.dll+0x82c9cb]
V  [jvm.dll+0x61ab26]
V  [jvm.dll+0x1c046e]
V  [jvm.dll+0x61d471]
V  [jvm.dll+0x61b4c6]
V  [jvm.dll+0x23ae70]
V  [jvm.dll+0x1eab7d]
V  [jvm.dll+0x1e05b1]
V  [jvm.dll+0x53bb80]
V  [jvm.dll+0x7aba28]
V  [jvm.dll+0x7abb14]
V  [jvm.dll+0x40c7c5]
V  [jvm.dll+0x4129b8]
C  [java.dll+0x17ec]

Java frames: (J=compiled Java code, j=interpreted, Vv=VM code)
J 1056  java.lang.ClassLoader.defineClass1(Ljava/lang/ClassLoader;Ljava/lang/String;[BIILjava/security/ProtectionDomain;Ljava/lang/String;)Ljava/lang/Class; java.base@17.0.3 (0 bytes) @ 0x000002d99e59ff5b [0x000002d99e59fea0+0x00000000000000bb]
J 1643 c1 java.lang.ClassLoader.defineClass(Ljava/lang/String;[BIILjava/security/ProtectionDomain;)Ljava/lang/Class; java.base@17.0.3 (43 bytes) @ 0x000002d9972fdc54 [0x000002d9972fd900+0x0000000000000354]
J 1912 c1 org.eclipse.osgi.internal.loader.ModuleClassLoader.defineClass(Ljava/lang/String;[BLorg/eclipse/osgi/internal/loader/classpath/ClasspathEntry;)Lorg/eclipse/osgi/internal/loader/ModuleClassLoader$DefineClassResult; (138 bytes) @ 0x000002d99739e49c [0x000002d99739e240+0x000000000000025c]
J 1713 c1 org.eclipse.osgi.internal.loader.classpath.ClasspathManager.defineClass(Ljava/lang/String;[BLorg/eclipse/osgi/internal/loader/classpath/ClasspathEntry;Lorg/eclipse/osgi/storage/bundlefile/BundleEntry;Ljava/util/List;)Ljava/lang/Class; (636 bytes) @ 0x000002d997331fc4 [0x000002d9973305e0+0x00000000000019e4]
J 1890 c1 org.eclipse.osgi.internal.loader.classpath.ClasspathManager.findClassImpl(Ljava/lang/String;Lorg/eclipse/osgi/internal/loader/classpath/ClasspathEntry;Ljava/util/List;)Ljava/lang/Class; (308 bytes) @ 0x000002d99738e48c [0x000002d99738b720+0x0000000000002d6c]
J 1691 c1 org.eclipse.osgi.internal.loader.classpath.ClasspathManager.findLocalClassImpl(Ljava/lang/String;[Lorg/eclipse/osgi/internal/loader/classpath/ClasspathEntry;Ljava/util/List;)Ljava/lang/Class; (55 bytes) @ 0x000002d9973242cc [0x000002d997324140+0x000000000000018c]
J 1690 c1 org.eclipse.osgi.internal.loader.classpath.ClasspathManager.findLocalClassImpl(Ljava/lang/String;Ljava/util/List;)Ljava/lang/Class; (132 bytes) @ 0x000002d997323854 [0x000002d997323340+0x0000000000000514]
J 1777 c1 org.eclipse.osgi.internal.loader.classpath.ClasspathManager.findLocalClass(Ljava/lang/String;)Ljava/lang/Class; (210 bytes) @ 0x000002d997352e3c [0x000002d9973521a0+0x0000000000000c9c]
J 1682 c1 org.eclipse.osgi.internal.loader.BundleLoader.findLocalClass(Ljava/lang/String;)Ljava/lang/Class; (152 bytes) @ 0x000002d99731a26c [0x000002d997319a20+0x000000000000084c]
J 1611 c1 org.eclipse.osgi.internal.loader.BundleLoader.findClass0(Ljava/lang/String;ZZ)Ljava/lang/Class; (466 bytes) @ 0x000002d9972edd94 [0x000002d9972eb6a0+0x00000000000026f4]
J 1610 c1 org.eclipse.osgi.internal.loader.BundleLoader.findClass(Ljava/lang/String;)Ljava/lang/Class; (8 bytes) @ 0x000002d9972ead9c [0x000002d9972ead20+0x000000000000007c]
J 1613 c1 org.eclipse.osgi.internal.loader.ModuleClassLoader.loadClass(Ljava/lang/String;Z)Ljava/lang/Class; (36 bytes) @ 0x000002d9972f1b3c [0x000002d9972f1920+0x000000000000021c]
J 797 c1 java.lang.ClassLoader.loadClass(Ljava/lang/String;)Ljava/lang/Class; java.base@17.0.3 (7 bytes) @ 0x000002d9971515bc [0x000002d9971514c0+0x00000000000000fc]
j  org.eclipse.osgi.internal.framework.EquinoxBundle.loadClass(Ljava/lang/String;)Ljava/lang/Class;+97
j  org.apache.felix.scr.impl.manager.AbstractComponentManager.initDependencyManagers(Lorg/apache/felix/scr/impl/manager/ComponentContextImpl;)V+55
j  org.apache.felix.scr.impl.manager.AbstractComponentManager.collectDependencies(Lorg/apache/felix/scr/impl/manager/ComponentContextImpl;)Z+2
j  org.apache.felix.scr.impl.manager.SingleComponentManager.getServiceInternal(Lorg/osgi/framework/ServiceRegistration;)Z+25
j  org.apache.felix.scr.impl.manager.SingleComponentManager.getService(Lorg/osgi/framework/Bundle;Lorg/osgi/framework/ServiceRegistration;)Ljava/lang/Object;+69
j  org.eclipse.osgi.internal.serviceregistry.ServiceFactoryUse$1.run()Ljava/lang/Object;+24
J 1762 c1 java.security.AccessController.doPrivileged(Ljava/security/PrivilegedAction;)Ljava/lang/Object; java.base@17.0.3 (9 bytes) @ 0x000002d9973478bc [0x000002d997347760+0x000000000000015c]
j  org.eclipse.osgi.internal.serviceregistry.ServiceFactoryUse.factoryGetService()Ljava/lang/Object;+8
j  org.eclipse.osgi.internal.serviceregistry.ServiceFactoryUse.getService()Ljava/lang/Object;+205
j  org.eclipse.osgi.internal.serviceregistry.ServiceConsumer$2.getService(Lorg/eclipse/osgi/internal/serviceregistry/ServiceUse;)Ljava/lang/Object;+1
j  org.eclipse.osgi.internal.serviceregistry.ServiceRegistrationImpl.getService(Lorg/eclipse/osgi/internal/framework/BundleContextImpl;Lorg/eclipse/osgi/internal/serviceregistry/ServiceConsumer;)Ljava/lang/Object;+229
j  org.eclipse.osgi.internal.serviceregistry.ServiceRegistry.getService(Lorg/eclipse/osgi/internal/framework/BundleContextImpl;Lorg/eclipse/osgi/internal/serviceregistry/ServiceReferenceImpl;)Ljava/lang/Object;+12
j  org.eclipse.osgi.internal.framework.BundleContextImpl.getService(Lorg/osgi/framework/ServiceReference;)Ljava/lang/Object;+35
j  org.apache.felix.scr.impl.manager.SingleRefPair.getServiceObject(Lorg/apache/felix/scr/impl/inject/ScrComponentContext;Lorg/osgi/framework/BundleContext;)Z+5
j  org.apache.felix.scr.impl.inject.methods.BindMethod.getServiceObject(Lorg/apache/felix/scr/impl/inject/BindParameters;Lorg/osgi/framework/BundleContext;)Z+84
j  org.apache.felix.scr.impl.manager.DependencyManager.getServiceObject(Lorg/apache/felix/scr/impl/manager/ComponentContextImpl;Lorg/apache/felix/scr/impl/inject/ReferenceMethod;Lorg/apache/felix/scr/impl/inject/RefPair;)Z+26
j  org.apache.felix.scr.impl.manager.DependencyManager$MultipleDynamicCustomizer.prebind(Lorg/apache/felix/scr/impl/manager/ComponentContextImpl;)Z+98
j  org.apache.felix.scr.impl.manager.DependencyManager.prebind(Lorg/apache/felix/scr/impl/manager/ComponentContextImpl;)Z+5
j  org.apache.felix.scr.impl.manager.AbstractComponentManager.collectDependencies(Lorg/apache/felix/scr/impl/manager/ComponentContextImpl;)Z+36
j  org.apache.felix.scr.impl.manager.SingleComponentManager.getServiceInternal(Lorg/osgi/framework/ServiceRegistration;)Z+25
j  org.apache.felix.scr.impl.manager.AbstractComponentManager.activateInternal()V+474
j  org.apache.felix.scr.impl.manager.DependencyManager$MultipleDynamicCustomizer.addedService(Lorg/osgi/framework/ServiceReference;Lorg/apache/felix/scr/impl/inject/RefPair;IILorg/apache/felix/scr/impl/manager/ExtendedServiceEvent;)V+233
j  org.apache.felix.scr.impl.manager.DependencyManager$MultipleDynamicCustomizer.addedService(Lorg/osgi/framework/ServiceReference;Ljava/lang/Object;IILorg/osgi/framework/ServiceEvent;)V+14
j  org.apache.felix.scr.impl.manager.ServiceTracker$Tracked.customizerAdded(Lorg/osgi/framework/ServiceReference;Lorg/osgi/framework/ServiceEvent;Ljava/lang/Object;II)V+14
j  org.apache.felix.scr.impl.manager.ServiceTracker$Tracked.customizerAdded(Ljava/lang/Object;Ljava/lang/Object;Ljava/lang/Object;II)V+14
j  org.apache.felix.scr.impl.manager.ServiceTracker$AbstractTracked.trackAdding(Ljava/lang/Object;Ljava/lang/Object;)V+207
j  org.apache.felix.scr.impl.manager.ServiceTracker$AbstractTracked.track(Ljava/lang/Object;Ljava/lang/Object;)V+104
j  org.apache.felix.scr.impl.manager.ServiceTracker$Tracked.serviceChanged(Lorg/osgi/framework/ServiceEvent;)V+67
j  org.apache.felix.scr.impl.BundleComponentActivator$ListenerInfo.serviceChanged(Lorg/osgi/framework/ServiceEvent;)V+66
J 1488 c1 org.eclipse.osgi.internal.serviceregistry.FilteredServiceListener.serviceChanged(Lorg/osgi/framework/ServiceEvent;)V (284 bytes) @ 0x000002d9972c1734 [0x000002d9972bf460+0x00000000000022d4]
J 1474 c1 org.eclipse.osgi.internal.framework.BundleContextImpl.dispatchEvent(Ljava/lang/Object;Ljava/lang/Object;ILjava/lang/Object;)V (558 bytes) @ 0x000002d9972b5274 [0x000002d9972b21a0+0x00000000000030d4]
J 1900 c1 org.eclipse.osgi.framework.eventmgr.EventManager.dispatchEvent(Ljava/util/Set;Lorg/eclipse/osgi/framework/eventmgr/EventDispatcher;ILjava/lang/Object;)V (69 bytes) @ 0x000002d997393ff4 [0x000002d997393b20+0x00000000000004d4]
j  org.eclipse.osgi.framework.eventmgr.ListenerQueue.dispatchEventSynchronous(ILjava/lang/Object;)V+67
j  org.eclipse.osgi.internal.serviceregistry.ServiceRegistry.publishServiceEventPrivileged(Lorg/osgi/framework/ServiceEvent;)V+320
j  org.eclipse.osgi.internal.serviceregistry.ServiceRegistry.publishServiceEvent(Lorg/osgi/framework/ServiceEvent;)V+8
j  org.eclipse.osgi.internal.serviceregistry.ServiceRegistrationImpl.register(Ljava/util/Dictionary;)V+128
j  org.eclipse.osgi.internal.serviceregistry.ServiceRegistry.registerService(Lorg/eclipse/osgi/internal/framework/BundleContextImpl;[Ljava/lang/String;Ljava/lang/Object;Ljava/util/Dictionary;)Lorg/eclipse/osgi/internal/serviceregistry/ServiceRegistrationImpl;+298
j  org.eclipse.osgi.internal.framework.BundleContextImpl.registerService([Ljava/lang/String;Ljava/lang/Object;Ljava/util/Dictionary;)Lorg/osgi/framework/ServiceRegistration;+15
j  org.apache.felix.scr.impl.manager.AbstractComponentManager$3.register([Ljava/lang/String;)Lorg/osgi/framework/ServiceRegistration;+32
j  org.apache.felix.scr.impl.manager.AbstractComponentManager$3.register([Ljava/lang/String;)Ljava/lang/Object;+2
j  org.apache.felix.scr.impl.manager.RegistrationManager.changeRegistration(Lorg/apache/felix/scr/impl/manager/RegistrationManager$RegState;[Ljava/lang/String;)Z+697
j  org.apache.felix.scr.impl.manager.AbstractComponentManager.registerService()Z+17
j  org.apache.felix.scr.impl.manager.AbstractComponentManager.activateInternal()V+344
j  org.apache.felix.scr.impl.manager.DependencyManager$SingleStaticCustomizer.addedService(Lorg/osgi/framework/ServiceReference;Lorg/apache/felix/scr/impl/inject/RefPair;IILorg/apache/felix/scr/impl/manager/ExtendedServiceEvent;)V+267
j  org.apache.felix.scr.impl.manager.DependencyManager$SingleStaticCustomizer.addedService(Lorg/osgi/framework/ServiceReference;Ljava/lang/Object;IILorg/osgi/framework/ServiceEvent;)V+14
j  org.apache.felix.scr.impl.manager.ServiceTracker$Tracked.customizerAdded(Lorg/osgi/framework/ServiceReference;Lorg/osgi/framework/ServiceEvent;Ljava/lang/Object;II)V+14
j  org.apache.felix.scr.impl.manager.ServiceTracker$Tracked.customizerAdded(Ljava/lang/Object;Ljava/lang/Object;Ljava/lang/Object;II)V+14
j  org.apache.felix.scr.impl.manager.ServiceTracker$AbstractTracked.trackAdding(Ljava/lang/Object;Ljava/lang/Object;)V+207
j  org.apache.felix.scr.impl.manager.ServiceTracker$AbstractTracked.track(Ljava/lang/Object;Ljava/lang/Object;)V+104
j  org.apache.felix.scr.impl.manager.ServiceTracker$Tracked.serviceChanged(Lorg/osgi/framework/ServiceEvent;)V+67
j  org.apache.felix.scr.impl.BundleComponentActivator$ListenerInfo.serviceChanged(Lorg/osgi/framework/ServiceEvent;)V+66
J 1488 c1 org.eclipse.osgi.internal.serviceregistry.FilteredServiceListener.serviceChanged(Lorg/osgi/framework/ServiceEvent;)V (284 bytes) @ 0x000002d9972c1734 [0x000002d9972bf460+0x00000000000022d4]
J 1474 c1 org.eclipse.osgi.internal.framework.BundleContextImpl.dispatchEvent(Ljava/lang/Object;Ljava/lang/Object;ILjava/lang/Object;)V (558 bytes) @ 0x000002d9972b5274 [0x000002d9972b21a0+0x00000000000030d4]
J 1900 c1 org.eclipse.osgi.framework.eventmgr.EventManager.dispatchEvent(Ljava/util/Set;Lorg/eclipse/osgi/framework/eventmgr/EventDispatcher;ILjava/lang/Object;)V (69 bytes) @ 0x000002d997393ff4 [0x000002d997393b20+0x00000000000004d4]
j  org.eclipse.osgi.framework.eventmgr.ListenerQueue.dispatchEventSynchronous(ILjava/lang/Object;)V+67
j  org.eclipse.osgi.internal.serviceregistry.ServiceRegistry.publishServiceEventPrivileged(Lorg/osgi/framework/ServiceEvent;)V+320
j  org.eclipse.osgi.internal.serviceregistry.ServiceRegistry.publishServiceEvent(Lorg/osgi/framework/ServiceEvent;)V+8
j  org.eclipse.osgi.internal.serviceregistry.ServiceRegistrationImpl.register(Ljava/util/Dictionary;)V+128
j  org.eclipse.osgi.internal.serviceregistry.ServiceRegistry.registerService(Lorg/eclipse/osgi/internal/framework/BundleContextImpl;[Ljava/lang/String;Ljava/lang/Object;Ljava/util/Dictionary;)Lorg/eclipse/osgi/internal/serviceregistry/ServiceRegistrationImpl;+298
j  org.eclipse.osgi.internal.framework.BundleContextImpl.registerService([Ljava/lang/String;Ljava/lang/Object;Ljava/util/Dictionary;)Lorg/osgi/framework/ServiceRegistration;+15
j  org.eclipse.osgi.internal.framework.BundleContextImpl.registerService(Ljava/lang/String;Ljava/lang/Object;Ljava/util/Dictionary;)Lorg/osgi/framework/ServiceRegistration;+15
j  org.eclipse.osgi.internal.framework.BundleContextImpl.registerService(Ljava/lang/Class;Ljava/lang/Object;Ljava/util/Dictionary;)Lorg/osgi/framework/ServiceRegistration;+7
j  org.eclipse.core.resources.ResourcesPlugin$WorkspaceInitCustomizer.addingService(Lorg/osgi/framework/ServiceReference;)Lorg/eclipse/core/internal/resources/Workspace;+83
j  org.eclipse.core.resources.ResourcesPlugin$WorkspaceInitCustomizer.addingService(Lorg/osgi/framework/ServiceReference;)Ljava/lang/Object;+5
j  org.osgi.util.tracker.ServiceTracker$Tracked.customizerAdding(Lorg/osgi/framework/ServiceReference;Lorg/osgi/framework/ServiceEvent;)Ljava/lang/Object;+8
j  org.osgi.util.tracker.ServiceTracker$Tracked.customizerAdding(Ljava/lang/Object;Ljava/lang/Object;)Ljava/lang/Object;+9
j  org.osgi.util.tracker.AbstractTracked.trackAdding(Ljava/lang/Object;Ljava/lang/Object;)V+8
j  org.osgi.util.tracker.AbstractTracked.trackInitial()V+90
j  org.osgi.util.tracker.ServiceTracker.open(Z)V+198
j  org.osgi.util.tracker.ServiceTracker.open()V+2
j  org.eclipse.core.resources.ResourcesPlugin.start(Lorg/osgi/framework/BundleContext;)V+106
j  org.eclipse.osgi.internal.framework.BundleContextImpl$2.run()Ljava/lang/Void;+23
j  org.eclipse.osgi.internal.framework.BundleContextImpl$2.run()Ljava/lang/Object;+1
J 1204 c1 java.security.AccessController.executePrivileged(Ljava/security/PrivilegedExceptionAction;Ljava/security/AccessControlContext;Ljava/lang/Class;)Ljava/lang/Object; java.base@17.0.3 (65 bytes) @ 0x000002d997228134 [0x000002d997227fe0+0x0000000000000154]
j  java.security.AccessController.doPrivileged(Ljava/security/PrivilegedExceptionAction;)Ljava/lang/Object;+9 java.base@17.0.3
j  org.eclipse.osgi.internal.framework.BundleContextImpl.startActivator(Lorg/osgi/framework/BundleActivator;)V+9
j  org.eclipse.osgi.internal.framework.BundleContextImpl.start()V+134
j  org.eclipse.osgi.internal.framework.EquinoxBundle.startWorker0()V+35
j  org.eclipse.osgi.internal.framework.EquinoxBundle$EquinoxModule.startWorker()V+4
j  org.eclipse.osgi.container.Module.doStart([Lorg/eclipse/osgi/container/Module$StartOptions;)Lorg/eclipse/osgi/container/ModuleContainerAdaptor$ModuleEvent;+190
j  org.eclipse.osgi.container.Module.start([Lorg/eclipse/osgi/container/Module$StartOptions;)V+460
j  org.eclipse.osgi.framework.util.SecureAction.start(Lorg/eclipse/osgi/container/Module;[Lorg/eclipse/osgi/container/Module$StartOptions;)V+8
J 1684 c1 org.eclipse.osgi.internal.hooks.EclipseLazyStarter.postFindLocalClass(Ljava/lang/String;Ljava/lang/Class;Lorg/eclipse/osgi/internal/loader/classpath/ClasspathManager;)V (394 bytes) @ 0x000002d99731d1dc [0x000002d99731c260+0x0000000000000f7c]
J 1777 c1 org.eclipse.osgi.internal.loader.classpath.ClasspathManager.findLocalClass(Ljava/lang/String;)Ljava/lang/Class; (210 bytes) @ 0x000002d997353154 [0x000002d9973521a0+0x0000000000000fb4]
J 1682 c1 org.eclipse.osgi.internal.loader.BundleLoader.findLocalClass(Ljava/lang/String;)Ljava/lang/Class; (152 bytes) @ 0x000002d99731a26c [0x000002d997319a20+0x000000000000084c]
J 1611 c1 org.eclipse.osgi.internal.loader.BundleLoader.findClass0(Ljava/lang/String;ZZ)Ljava/lang/Class; (466 bytes) @ 0x000002d9972edd94 [0x000002d9972eb6a0+0x00000000000026f4]
J 1610 c1 org.eclipse.osgi.internal.loader.BundleLoader.findClass(Ljava/lang/String;)Ljava/lang/Class; (8 bytes) @ 0x000002d9972ead9c [0x000002d9972ead20+0x000000000000007c]
J 1613 c1 org.eclipse.osgi.internal.loader.ModuleClassLoader.loadClass(Ljava/lang/String;Z)Ljava/lang/Class; (36 bytes) @ 0x000002d9972f1b3c [0x000002d9972f1920+0x000000000000021c]
J 797 c1 java.lang.ClassLoader.loadClass(Ljava/lang/String;)Ljava/lang/Class; java.base@17.0.3 (7 bytes) @ 0x000002d9971515bc [0x000002d9971514c0+0x00000000000000fc]
v  ~StubRoutines::call_stub
j  java.lang.Class.getDeclaredConstructors0(Z)[Ljava/lang/reflect/Constructor;+0 java.base@17.0.3
j  java.lang.Class.privateGetDeclaredConstructors(Z)[Ljava/lang/reflect/Constructor;+52 java.base@17.0.3
j  java.lang.Class.getConstructor0([Ljava/lang/Class;I)Ljava/lang/reflect/Constructor;+14 java.base@17.0.3
j  java.lang.Class.getConstructor([Ljava/lang/Class;)Ljava/lang/reflect/Constructor;+24 java.base@17.0.3
j  org.eclipse.osgi.internal.framework.BundleContextImpl.loadBundleActivator()Lorg/osgi/framework/BundleActivator;+105
j  org.eclipse.osgi.internal.framework.BundleContextImpl.start()V+18
j  org.eclipse.osgi.internal.framework.EquinoxBundle.startWorker0()V+35
j  org.eclipse.osgi.internal.framework.EquinoxBundle$EquinoxModule.startWorker()V+4
j  org.eclipse.osgi.container.Module.doStart([Lorg/eclipse/osgi/container/Module$StartOptions;)Lorg/eclipse/osgi/container/ModuleContainerAdaptor$ModuleEvent;+190
j  org.eclipse.osgi.container.Module.start([Lorg/eclipse/osgi/container/Module$StartOptions;)V+460
j  org.eclipse.osgi.container.ModuleContainer$ContainerStartLevel$2.run()V+71
j  org.eclipse.osgi.internal.framework.EquinoxContainerAdaptor$1$1.execute(Ljava/lang/Runnable;)V+1
j  org.eclipse.osgi.container.ModuleContainer$ContainerStartLevel.incStartLevel(ILjava/util/List;Z)V+192
j  org.eclipse.osgi.container.ModuleContainer$ContainerStartLevel.incStartLevel(ILjava/util/List;Ljava/util/List;Ljava/util/List;Ljava/util/List;)V+19
j  org.eclipse.osgi.container.ModuleContainer$ContainerStartLevel.doContainerStartLevel(Lorg/eclipse/osgi/container/Module;I[Lorg/osgi/framework/FrameworkListener;)V+349
j  org.eclipse.osgi.container.ModuleContainer$ContainerStartLevel.dispatchEvent(Lorg/eclipse/osgi/container/Module;[Lorg/osgi/framework/FrameworkListener;ILjava/lang/Integer;)V+32
j  org.eclipse.osgi.container.ModuleContainer$ContainerStartLevel.dispatchEvent(Ljava/lang/Object;Ljava/lang/Object;ILjava/lang/Object;)V+15
j  org.eclipse.osgi.framework.eventmgr.EventManager.dispatchEvent(Ljava/util/Set;Lorg/eclipse/osgi/framework/eventmgr/EventDispatcher;ILjava/lang/Object;)V+48
j  org.eclipse.osgi.framework.eventmgr.EventManager$EventThread.run()V+26
v  ~StubRoutines::call_stub

---------------  P R O C E S S  ---------------

Threads class SMR info:
_java_thread_list=0x000002d9ac3fba50, length=21, elements={
0x000002d993de6fd0, 0x000002d9a97554f0, 0x000002d9a9756c40, 0x000002d993ebc240,
0x000002d993ebcdf0, 0x000002d993ebe9b0, 0x000002d9a977baa0, 0x000002d9a97af120,
0x000002d9a97afbc0, 0x000002d9a97b25c0, 0x000002d9a98cd1c0, 0x000002d9a99e5080,
0x000002d9ab49bcd0, 0x000002d9ac2dc1f0, 0x000002d9ab2e6410, 0x000002d9ac30f7a0,
0x000002d9ab299c00, 0x000002d9ac51bc50, 0x000002d9ac375440, 0x000002d9ab073a40,
0x000002d9ab075bf0
}

Java Threads: ( => current thread )
  0x000002d993de6fd0 JavaThread "main" [_thread_blocked, id=16372, stack(0x000000df7fe00000,0x000000df7ff00000)]
  0x000002d9a97554f0 JavaThread "Reference Handler" daemon [_thread_blocked, id=23596, stack(0x000000df00100000,0x000000df00200000)]
  0x000002d9a9756c40 JavaThread "Finalizer" daemon [_thread_blocked, id=23320, stack(0x000000df00200000,0x000000df00300000)]
  0x000002d993ebc240 JavaThread "Signal Dispatcher" daemon [_thread_blocked, id=17448, stack(0x000000df00300000,0x000000df00400000)]
  0x000002d993ebcdf0 JavaThread "Attach Listener" daemon [_thread_blocked, id=24384, stack(0x000000df00400000,0x000000df00500000)]
  0x000002d993ebe9b0 JavaThread "Service Thread" daemon [_thread_blocked, id=11672, stack(0x000000df00500000,0x000000df00600000)]
  0x000002d9a977baa0 JavaThread "Monitor Deflation Thread" daemon [_thread_blocked, id=12084, stack(0x000000df00600000,0x000000df00700000)]
  0x000002d9a97af120 JavaThread "C2 CompilerThread0" daemon [_thread_blocked, id=7428, stack(0x000000df00700000,0x000000df00800000)]
  0x000002d9a97afbc0 JavaThread "C1 CompilerThread0" daemon [_thread_blocked, id=3060, stack(0x000000df00800000,0x000000df00900000)]
  0x000002d9a97b25c0 JavaThread "Sweeper thread" daemon [_thread_blocked, id=23480, stack(0x000000df00900000,0x000000df00a00000)]
  0x000002d9a98cd1c0 JavaThread "Common-Cleaner" daemon [_thread_blocked, id=20340, stack(0x000000df00a00000,0x000000df00b00000)]
  0x000002d9a99e5080 JavaThread "Notification Thread" daemon [_thread_blocked, id=22104, stack(0x000000df00b00000,0x000000df00c00000)]
  0x000002d9ab49bcd0 JavaThread "Active Thread: Equinox Container: 33c3b825-505e-4fd0-a66d-d8f18a85c001" [_thread_blocked, id=4664, stack(0x000000df01300000,0x000000df01400000)]
  0x000002d9ac2dc1f0 JavaThread "Framework Event Dispatcher: Equinox Container: 33c3b825-505e-4fd0-a66d-d8f18a85c001" daemon [_thread_blocked, id=14440, stack(0x000000df01400000,0x000000df01500000)]
=>0x000002d9ab2e6410 JavaThread "Start Level: Equinox Container: 33c3b825-505e-4fd0-a66d-d8f18a85c001" daemon [_thread_in_vm, id=24104, stack(0x000000df01500000,0x000000df01600000)]
  0x000002d9ac30f7a0 JavaThread "SCR Component Actor" daemon [_thread_blocked, id=15944, stack(0x000000df01600000,0x000000df01700000)]
  0x000002d9ab299c00 JavaThread "SCR Component Registry" daemon [_thread_blocked, id=5220, stack(0x000000df01900000,0x000000df01a00000)]
  0x000002d9ac51bc50 JavaThread "Worker-JM" [_thread_blocked, id=1228, stack(0x000000df01a00000,0x000000df01b00000)]
  0x000002d9ac375440 JavaThread "C2 CompilerThread1" daemon [_thread_blocked, id=16028, stack(0x000000df01200000,0x000000df01300000)]
  0x000002d9ab073a40 JavaThread "Worker-0: Checking project encoding" [_thread_blocked, id=11928, stack(0x000000df01d00000,0x000000df01e00000)]
  0x000002d9ab075bf0 JavaThread "Worker-1" [_thread_blocked, id=17276, stack(0x000000df01e00000,0x000000df01f00000)]

Other Threads:
  0x000002d9a7b32150 VMThread "VM Thread" [stack: 0x000000df00000000,0x000000df00100000] [id=15588]
  0x000002d9aad977e0 WatcherThread [stack: 0x000000df00c00000,0x000000df00d00000] [id=1756]
  0x000002d993dfd380 GCTaskThread "GC Thread#0" [stack: 0x000000df7ff00000,0x000000df80000000] [id=20776]
  0x000002d9ac189130 GCTaskThread "GC Thread#1" [stack: 0x000000df00d00000,0x000000df00e00000] [id=13584]
  0x000002d9ac188690 GCTaskThread "GC Thread#2" [stack: 0x000000df00e00000,0x000000df00f00000] [id=13192]
  0x000002d9ab34b140 GCTaskThread "GC Thread#3" [stack: 0x000000df00f00000,0x000000df01000000] [id=1636]
  0x000002d9ab34b3f0 GCTaskThread "GC Thread#4" [stack: 0x000000df01000000,0x000000df01100000] [id=22516]
  0x000002d9ab398630 GCTaskThread "GC Thread#5" [stack: 0x000000df01100000,0x000000df01200000] [id=19292]
  0x000002d9ac285d10 GCTaskThread "GC Thread#6" [stack: 0x000000df01700000,0x000000df01800000] [id=16396]
  0x000002d9ac23d8c0 GCTaskThread "GC Thread#7" [stack: 0x000000df01800000,0x000000df01900000] [id=15256]
  0x000002d9ac4183f0 GCTaskThread "GC Thread#8" [stack: 0x000000df01b00000,0x000000df01c00000] [id=20364]
  0x000002d9ac4186a0 GCTaskThread "GC Thread#9" [stack: 0x000000df01c00000,0x000000df01d00000] [id=15820]

Threads with active compile tasks:

VM state: not at safepoint (normal execution)

VM Mutex/Monitor currently owned by a thread:  ([mutex/lock_event])
[0x000002d993de17c0] Metaspace_lock - owner thread: 0x000002d9ab2e6410

Heap address: 0x00000000c0000000, size: 1024 MB, Compressed Oops mode: 32-bit

CDS archive(s) not mapped
Compressed class space mapped at: 0x0000000100000000-0x0000000140000000, reserved size: 1073741824
Narrow klass base: 0x0000000000000000, Narrow klass shift: 3, Narrow klass range: 0x140000000

GC Precious Log:
 CPUs: 12 total, 12 available
 Memory: 7549M
 Large Page Support: Disabled
 NUMA Support: Disabled
 Compressed Oops: Enabled (32-bit)
 Alignments: Space 512K, Generation 512K, Heap 2M
 Heap Min Capacity: 100M
 Heap Initial Capacity: 100M
 Heap Max Capacity: 1G
 Pre-touch: Disabled
 Parallel Workers: 10

Heap:
 PSYoungGen      total 29696K, used 6658K [0x00000000eab00000, 0x00000000ecc00000, 0x0000000100000000)
  eden space 25600K, 10% used [0x00000000eab00000,0x00000000ead81070,0x00000000ec400000)
  from space 4096K, 99% used [0x00000000ec400000,0x00000000ec7ffa30,0x00000000ec800000)
  to   space 4096K, 0% used [0x00000000ec800000,0x00000000ec800000,0x00000000ecc00000)
 ParOldGen       total 68608K, used 2697K [0x00000000c0000000, 0x00000000c4300000, 0x00000000eab00000)
  object space 68608K, 3% used [0x00000000c0000000,0x00000000c02a25f0,0x00000000c4300000)
 Metaspace       used 20531K, committed 20928K, reserved 1073152K
  class space    used 2097K, committed 2304K, reserved 1048576K

Card table byte_map: [0x000002d9937a0000,0x000002d9939b0000] _byte_map_base: 0x000002d9931a0000

Marking Bits: (ParMarkBitMap*) 0x00007ffabe3e4b80
 Begin Bits: [0x000002d9a5a70000, 0x000002d9a6a70000)
 End Bits:   [0x000002d9a6a70000, 0x000002d9a7a70000)

Polling page: 0x000002d991d70000

Metaspace:

Usage:
  Non-class:     18.00 MB used.
      Class:      2.05 MB used.
       Both:     20.05 MB used.

Virtual space:
  Non-class space:       24.00 MB reserved,      18.19 MB ( 76%) committed,  3 nodes.
      Class space:        1.00 GB reserved,       2.25 MB ( <1%) committed,  1 nodes.
             Both:        1.02 GB reserved,      20.44 MB (  2%) committed. 

Chunk freelists:
   Non-Class:  1008.00 KB
       Class:  1.80 MB
        Both:  2.78 MB

MaxMetaspaceSize: unlimited
CompressedClassSpaceSize: 1.00 GB
Initial GC threshold: 21.00 MB
Current GC threshold: 21.00 MB
CDS: off
MetaspaceReclaimPolicy: balanced
 - commit_granule_bytes: 65536.
 - commit_granule_words: 8192.
 - virtual_space_node_default_size: 1048576.
 - enlarge_chunks_in_place: 1.
 - new_chunks_are_fully_committed: 0.
 - uncommit_free_chunks: 1.
 - use_allocation_guard: 0.
 - handle_deallocations: 1.


Internal statistics:

num_allocs_failed_limit: 0.
num_arena_births: 162.
num_arena_deaths: 0.
num_vsnodes_births: 4.
num_vsnodes_deaths: 0.
num_space_committed: 327.
num_space_uncommitted: 0.
num_chunks_returned_to_freelist: 0.
num_chunks_taken_from_freelist: 605.
num_chunk_merges: 0.
num_chunk_splits: 407.
num_chunks_enlarged: 295.
num_purges: 0.
num_inconsistent_stats: 0.

CodeHeap 'non-profiled nmethods': size=120000Kb used=830Kb max_used=830Kb free=119170Kb
 bounds [0x000002d99e540000, 0x000002d99e7b0000, 0x000002d9a5a70000]
CodeHeap 'profiled nmethods': size=120000Kb used=4110Kb max_used=4110Kb free=115889Kb
 bounds [0x000002d997010000, 0x000002d997420000, 0x000002d99e540000]
CodeHeap 'non-nmethods': size=5760Kb used=1179Kb max_used=1207Kb free=4580Kb
 bounds [0x000002d996a70000, 0x000002d996ce0000, 0x000002d997010000]
 total_blobs=2578 nmethods=2096 adapters=396
 compilation: enabled
              stopped_count=0, restarted_count=0
 full_count=0

Compilation events (20 events):
Event: 2.308 Thread 0x000002d9a97afbc0 2089       3       jdk.internal.misc.Unsafe::copyMemoryChecks (21 bytes)
Event: 2.308 Thread 0x000002d9ac375440 nmethod 2091 0x000002d99e60e990 code [0x000002d99e60eb20, 0x000002d99e60ec28]
Event: 2.308 Thread 0x000002d9a97af120 nmethod 2090 0x000002d99e60ed90 code [0x000002d99e60ef20, 0x000002d99e60f058]
Event: 2.308 Thread 0x000002d9a97afbc0 nmethod 2089 0x000002d99740f890 code [0x000002d99740fb40, 0x000002d997410848]
Event: 2.308 Thread 0x000002d9a97afbc0 2092       1       sun.nio.fs.WindowsNativeDispatcher$FirstFile::handle (5 bytes)
Event: 2.308 Thread 0x000002d9a97afbc0 nmethod 2092 0x000002d99e60f210 code [0x000002d99e60f3a0, 0x000002d99e60f478]
Event: 2.308 Thread 0x000002d9a97afbc0 2093       1       sun.nio.fs.WindowsNativeDispatcher$FirstFile::name (5 bytes)
Event: 2.308 Thread 0x000002d9a97afbc0 nmethod 2093 0x000002d99e60f510 code [0x000002d99e60f6a0, 0x000002d99e60f778]
Event: 2.310 Thread 0x000002d9a97afbc0 2094       3       org.apache.felix.scr.impl.logger.ScrLogManager$ScrLoggerFacade::isLogEnabled (109 bytes)
Event: 2.311 Thread 0x000002d9a97afbc0 nmethod 2094 0x000002d997410e10 code [0x000002d997411080, 0x000002d997411c38]
Event: 2.311 Thread 0x000002d9a97afbc0 2095       3       org.apache.felix.scr.impl.logger.LogManager$LoggerFacade::getLogger (34 bytes)
Event: 2.311 Thread 0x000002d9a97afbc0 nmethod 2095 0x000002d997411f90 code [0x000002d997412140, 0x000002d997412308]
Event: 2.311 Thread 0x000002d9a97afbc0 2096       3       org.osgi.service.log.LogLevel::implies (15 bytes)
Event: 2.311 Thread 0x000002d9a97afbc0 nmethod 2096 0x000002d997412410 code [0x000002d9974125c0, 0x000002d997412778]
Event: 2.311 Thread 0x000002d9a97afbc0 2097       3       java.util.stream.StreamOpFlag::fromCharacteristics (37 bytes)
Event: 2.311 Thread 0x000002d9a97afbc0 nmethod 2097 0x000002d997412810 code [0x000002d9974129c0, 0x000002d997412cd8]
Event: 2.311 Thread 0x000002d9a97afbc0 2098       3       java.util.stream.AbstractPipeline::<init> (55 bytes)
Event: 2.311 Thread 0x000002d9a97afbc0 nmethod 2098 0x000002d997412e10 code [0x000002d997412fc0, 0x000002d9974131f8]
Event: 2.311 Thread 0x000002d9a97afbc0 2099       3       java.util.stream.StreamSupport::stream (19 bytes)
Event: 2.312 Thread 0x000002d9a97afbc0 nmethod 2099 0x000002d997413310 code [0x000002d9974134e0, 0x000002d997413908]

GC Heap History (6 events):
Event: 0.996 GC heap before
{Heap before GC invocations=1 (full 0):
 PSYoungGen      total 29696K, used 25600K [0x00000000eab00000, 0x00000000ecc00000, 0x0000000100000000)
  eden space 25600K, 100% used [0x00000000eab00000,0x00000000ec400000,0x00000000ec400000)
  from space 4096K, 0% used [0x00000000ec800000,0x00000000ec800000,0x00000000ecc00000)
  to   space 4096K, 0% used [0x00000000ec400000,0x00000000ec400000,0x00000000ec800000)
 ParOldGen       total 68608K, used 0K [0x00000000c0000000, 0x00000000c4300000, 0x00000000eab00000)
  object space 68608K, 0% used [0x00000000c0000000,0x00000000c0000000,0x00000000c4300000)
 Metaspace       used 10805K, committed 10944K, reserved 1064960K
  class space    used 1087K, committed 1152K, reserved 1048576K
}
Event: 1.002 GC heap after
{Heap after GC invocations=1 (full 0):
 PSYoungGen      total 29696K, used 3240K [0x00000000eab00000, 0x00000000ecc00000, 0x0000000100000000)
  eden space 25600K, 0% used [0x00000000eab00000,0x00000000eab00000,0x00000000ec400000)
  from space 4096K, 79% used [0x00000000ec400000,0x00000000ec72a190,0x00000000ec800000)
  to   space 4096K, 0% used [0x00000000ec800000,0x00000000ec800000,0x00000000ecc00000)
 ParOldGen       total 68608K, used 16K [0x00000000c0000000, 0x00000000c4300000, 0x00000000eab00000)
  object space 68608K, 0% used [0x00000000c0000000,0x00000000c0004000,0x00000000c4300000)
 Metaspace       used 10805K, committed 10944K, reserved 1064960K
  class space    used 1087K, committed 1152K, reserved 1048576K
}
Event: 1.595 GC heap before
{Heap before GC invocations=2 (full 0):
 PSYoungGen      total 29696K, used 28840K [0x00000000eab00000, 0x00000000ecc00000, 0x0000000100000000)
  eden space 25600K, 100% used [0x00000000eab00000,0x00000000ec400000,0x00000000ec400000)
  from space 4096K, 79% used [0x00000000ec400000,0x00000000ec72a190,0x00000000ec800000)
  to   space 4096K, 0% used [0x00000000ec800000,0x00000000ec800000,0x00000000ecc00000)
 ParOldGen       total 68608K, used 16K [0x00000000c0000000, 0x00000000c4300000, 0x00000000eab00000)
  object space 68608K, 0% used [0x00000000c0000000,0x00000000c0004000,0x00000000c4300000)
 Metaspace       used 15190K, committed 15424K, reserved 1064960K
  class space    used 1554K, committed 1664K, reserved 1048576K
}
Event: 1.601 GC heap after
{Heap after GC invocations=2 (full 0):
 PSYoungGen      total 29696K, used 4071K [0x00000000eab00000, 0x00000000ecc00000, 0x0000000100000000)
  eden space 25600K, 0% used [0x00000000eab00000,0x00000000eab00000,0x00000000ec400000)
  from space 4096K, 99% used [0x00000000ec800000,0x00000000ecbf9e48,0x00000000ecc00000)
  to   space 4096K, 0% used [0x00000000ec400000,0x00000000ec400000,0x00000000ec800000)
 ParOldGen       total 68608K, used 708K [0x00000000c0000000, 0x00000000c4300000, 0x00000000eab00000)
  object space 68608K, 1% used [0x00000000c0000000,0x00000000c00b1040,0x00000000c4300000)
 Metaspace       used 15190K, committed 15424K, reserved 1064960K
  class space    used 1554K, committed 1664K, reserved 1048576K
}
Event: 2.264 GC heap before
{Heap before GC invocations=3 (full 0):
 PSYoungGen      total 29696K, used 29671K [0x00000000eab00000, 0x00000000ecc00000, 0x0000000100000000)
  eden space 25600K, 100% used [0x00000000eab00000,0x00000000ec400000,0x00000000ec400000)
  from space 4096K, 99% used [0x00000000ec800000,0x00000000ecbf9e48,0x00000000ecc00000)
  to   space 4096K, 0% used [0x00000000ec400000,0x00000000ec400000,0x00000000ec800000)
 ParOldGen       total 68608K, used 708K [0x00000000c0000000, 0x00000000c4300000, 0x00000000eab00000)
  object space 68608K, 1% used [0x00000000c0000000,0x00000000c00b1040,0x00000000c4300000)
 Metaspace       used 20196K, committed 20608K, reserved 1073152K
  class space    used 2061K, committed 2240K, reserved 1048576K
}
Event: 2.269 GC heap after
{Heap after GC invocations=3 (full 0):
 PSYoungGen      total 29696K, used 4094K [0x00000000eab00000, 0x00000000ecc00000, 0x0000000100000000)
  eden space 25600K, 0% used [0x00000000eab00000,0x00000000eab00000,0x00000000ec400000)
  from space 4096K, 99% used [0x00000000ec400000,0x00000000ec7ffa30,0x00000000ec800000)
  to   space 4096K, 0% used [0x00000000ec800000,0x00000000ec800000,0x00000000ecc00000)
 ParOldGen       total 68608K, used 2697K [0x00000000c0000000, 0x00000000c4300000, 0x00000000eab00000)
  object space 68608K, 3% used [0x00000000c0000000,0x00000000c02a25f0,0x00000000c4300000)
 Metaspace       used 20196K, committed 20608K, reserved 1073152K
  class space    used 2061K, committed 2240K, reserved 1048576K
}

Deoptimization events (20 events):
Event: 2.197 Thread 0x000002d9ab2e6410 DEOPT PACKING pc=0x000002d99e5eaedc sp=0x000000df015f92f0
Event: 2.197 Thread 0x000002d9ab2e6410 DEOPT UNPACKING pc=0x000002d996ac20a3 sp=0x000000df015f9278 mode 2
Event: 2.197 Thread 0x000002d9ab2e6410 Uncommon trap: trap_request=0xffffffc6 fr.pc=0x000002d99e5eaedc relative=0x00000000000019bc
Event: 2.197 Thread 0x000002d9ab2e6410 Uncommon trap: reason=bimorphic_or_optimized_type_check action=maybe_recompile pc=0x000002d99e5eaedc method=java.io.DataInputStream.readUnsignedShort()I @ 4 c2
Event: 2.197 Thread 0x000002d9ab2e6410 DEOPT PACKING pc=0x000002d99e5eaedc sp=0x000000df015f9230
Event: 2.197 Thread 0x000002d9ab2e6410 DEOPT UNPACKING pc=0x000002d996ac20a3 sp=0x000000df015f91b8 mode 2
Event: 2.197 Thread 0x000002d9ab2e6410 Uncommon trap: trap_request=0xffffffc6 fr.pc=0x000002d99e5eaedc relative=0x00000000000019bc
Event: 2.197 Thread 0x000002d9ab2e6410 Uncommon trap: reason=bimorphic_or_optimized_type_check action=maybe_recompile pc=0x000002d99e5eaedc method=java.io.DataInputStream.readUnsignedShort()I @ 4 c2
Event: 2.197 Thread 0x000002d9ab2e6410 DEOPT PACKING pc=0x000002d99e5eaedc sp=0x000000df015f9180
Event: 2.197 Thread 0x000002d9ab2e6410 DEOPT UNPACKING pc=0x000002d996ac20a3 sp=0x000000df015f9108 mode 2
Event: 2.205 Thread 0x000002d9ab2e6410 DEOPT PACKING pc=0x000002d9973a14ce sp=0x000000df015f9500
Event: 2.205 Thread 0x000002d9ab2e6410 DEOPT UNPACKING pc=0x000002d996ac2843 sp=0x000000df015f8948 mode 0
Event: 2.230 Thread 0x000002d9ab2e6410 Uncommon trap: trap_request=0xffffff45 fr.pc=0x000002d99e5c49b0 relative=0x0000000000000130
Event: 2.230 Thread 0x000002d9ab2e6410 Uncommon trap: reason=unstable_if action=reinterpret pc=0x000002d99e5c49b0 method=sun.nio.fs.WindowsPathParser.isInvalidPathChar(C)Z @ 13 c2
Event: 2.230 Thread 0x000002d9ab2e6410 DEOPT PACKING pc=0x000002d99e5c49b0 sp=0x000000df015f7440
Event: 2.231 Thread 0x000002d9ab2e6410 DEOPT UNPACKING pc=0x000002d996ac20a3 sp=0x000000df015f73d8 mode 2
Event: 2.254 Thread 0x000002d9ab2e6410 Uncommon trap: trap_request=0xffffff45 fr.pc=0x000002d99e5c3840 relative=0x0000000000000040
Event: 2.254 Thread 0x000002d9ab2e6410 Uncommon trap: reason=unstable_if action=reinterpret pc=0x000002d99e5c3840 method=sun.nio.fs.WindowsPathParser.isSlash(C)Z @ 9 c2
Event: 2.254 Thread 0x000002d9ab2e6410 DEOPT PACKING pc=0x000002d99e5c3840 sp=0x000000df015f9020
Event: 2.254 Thread 0x000002d9ab2e6410 DEOPT UNPACKING pc=0x000002d996ac20a3 sp=0x000000df015f8fa8 mode 2

Classes unloaded (0 events):
No events

Classes redefined (0 events):
No events

Internal exceptions (20 events):
Event: 0.984 Thread 0x000002d993de6fd0 Exception <a 'java/lang/NoSuchMethodError'{0x00000000ec39c1d0}: 'void java.lang.invoke.DirectMethodHandle$Holder.invokeSpecial(java.lang.Object, java.lang.Object, java.lang.Object)'> (0x00000000ec39c1d0) 
thrown [e:\jenkins\tmp\workspace\build\src\src\hotspot\share\interpreter\linkResolver.cpp, line 766]
Event: 1.254 Thread 0x000002d993de6fd0 Exception <a 'java/lang/NoSuchMethodError'{0x00000000eb645468}: 'java.lang.Object java.lang.invoke.DirectMethodHandle$Holder.newInvokeSpecial(java.lang.Object, int, java.lang.Object)'> (0x00000000eb645468) 
thrown [e:\jenkins\tmp\workspace\build\src\src\hotspot\share\interpreter\linkResolver.cpp, line 766]
Event: 1.429 Thread 0x000002d993de6fd0 Exception <a 'java/lang/UnsatisfiedLinkError'{0x00000000ebb623d8}: 'void org.eclipse.equinox.launcher.JNIBridge._update_splash()'> (0x00000000ebb623d8) 
thrown [e:\jenkins\tmp\workspace\build\src\src\hotspot\share\prims\nativeLookup.cpp, line 543]
Event: 1.500 Thread 0x000002d9ab2e6410 Exception <a 'java/lang/NoSuchMethodError'{0x00000000ebe22e88}: 'java.lang.Object java.lang.invoke.DirectMethodHandle$Holder.invokeStaticInit(java.lang.Object)'> (0x00000000ebe22e88) 
thrown [e:\jenkins\tmp\workspace\build\src\src\hotspot\share\interpreter\linkResolver.cpp, line 766]
Event: 1.673 Thread 0x000002d9ab2e6410 Exception <a 'java/io/FileNotFoundException'{0x00000000eb0f8698}> (0x00000000eb0f8698) 
thrown [e:\jenkins\tmp\workspace\build\src\src\hotspot\share\prims\jni.cpp, line 516]
Event: 1.684 Thread 0x000002d9ab2e6410 Exception <a 'java/lang/NullPointerException'{0x00000000eb14a0b8}> (0x00000000eb14a0b8) 
thrown [e:\jenkins\tmp\workspace\build\src\src\hotspot\share\interpreter\linkResolver.cpp, line 1357]
Event: 1.684 Thread 0x000002d9ab2e6410 Exception <a 'java/lang/NullPointerException'{0x00000000eb14a8e0}> (0x00000000eb14a8e0) 
thrown [e:\jenkins\tmp\workspace\build\src\src\hotspot\share\interpreter\linkResolver.cpp, line 1357]
Event: 1.925 Thread 0x000002d9ab2e6410 Exception <a 'java/lang/NoSuchMethodError'{0x00000000eb8c0a48}: 'void java.lang.invoke.DirectMethodHandle$Holder.invokeInterface(java.lang.Object, java.lang.Object, java.lang.Object)'> (0x00000000eb8c0a48) 
thrown [e:\jenkins\tmp\workspace\build\src\src\hotspot\share\interpreter\linkResolver.cpp, line 766]
Event: 2.023 Thread 0x000002d9ab2e6410 Exception <a 'java/lang/NoSuchMethodError'{0x00000000ebbe1068}: 'java.lang.Object java.lang.invoke.Invokers$Holder.invokeExact_MT(java.lang.Object, java.lang.Object, java.lang.Object, java.lang.Object, java.lang.Object, java.lang.Object)'> (0x00000000ebbe1068) 
thrown [e:\jenkins\tmp\workspace\build\src\src\hotspot\share\interpreter\linkResolver.cpp, line 766]
Event: 2.051 Thread 0x000002d9ab2e6410 Exception <a 'java/lang/NoSuchMethodError'{0x00000000ebccbf60}: 'java.lang.Object java.lang.invoke.DirectMethodHandle$Holder.invokeStatic(java.lang.Object, java.lang.Object, int)'> (0x00000000ebccbf60) 
thrown [e:\jenkins\tmp\workspace\build\src\src\hotspot\share\interpreter\linkResolver.cpp, line 766]
Event: 2.052 Thread 0x000002d9ab2e6410 Exception <a 'java/lang/NoSuchMethodError'{0x00000000ebcd0b10}: 'void java.lang.invoke.DirectMethodHandle$Holder.invokeStatic(java.lang.Object, java.lang.Object, int, java.lang.Object)'> (0x00000000ebcd0b10) 
thrown [e:\jenkins\tmp\workspace\build\src\src\hotspot\share\interpreter\linkResolver.cpp, line 766]
Event: 2.053 Thread 0x000002d9ab2e6410 Exception <a 'java/lang/NoSuchMethodError'{0x00000000ebcd8240}: 'void java.lang.invoke.DelegatingMethodHandle$Holder.delegate(java.lang.Object, java.lang.Object, int, java.lang.Object)'> (0x00000000ebcd8240) 
thrown [e:\jenkins\tmp\workspace\build\src\src\hotspot\share\interpreter\linkResolver.cpp, line 766]
Event: 2.054 Thread 0x000002d9ab2e6410 Exception <a 'java/lang/NoSuchMethodError'{0x00000000ebcdc628}: 'int java.lang.invoke.DirectMethodHandle$Holder.invokeSpecial(java.lang.Object, java.lang.Object, java.lang.Object)'> (0x00000000ebcdc628) 
thrown [e:\jenkins\tmp\workspace\build\src\src\hotspot\share\interpreter\linkResolver.cpp, line 766]
Event: 2.057 Thread 0x000002d9ab2e6410 Exception <a 'java/lang/NoSuchMethodError'{0x00000000ebcedc38}: 'int java.lang.invoke.DirectMethodHandle$Holder.invokeStatic(java.lang.Object, java.lang.Object, int)'> (0x00000000ebcedc38) 
thrown [e:\jenkins\tmp\workspace\build\src\src\hotspot\share\interpreter\linkResolver.cpp, line 766]
Event: 2.058 Thread 0x000002d9ab2e6410 Exception <a 'java/lang/NoSuchMethodError'{0x00000000ebcf1c60}: 'int java.lang.invoke.DirectMethodHandle$Holder.invokeSpecial(java.lang.Object, java.lang.Object, java.lang.Object, int)'> (0x00000000ebcf1c60) 
thrown [e:\jenkins\tmp\workspace\build\src\src\hotspot\share\interpreter\linkResolver.cpp, line 766]
Event: 2.061 Thread 0x000002d9ab2e6410 Exception <a 'java/lang/NoSuchMethodError'{0x00000000ebd0d970}: 'java.lang.Object java.lang.invoke.DirectMethodHandle$Holder.invokeStatic(java.lang.Object, java.lang.Object, java.lang.Object, java.lang.Object, int)'> (0x00000000ebd0d970) 
thrown [e:\jenkins\tmp\workspace\build\src\src\hotspot\share\interpreter\linkResolver.cpp, line 766]
Event: 2.066 Thread 0x000002d9ab2e6410 Exception <a 'java/lang/NoSuchMethodError'{0x00000000ebd19d10}: 'java.lang.Object java.lang.invoke.DelegatingMethodHandle$Holder.reinvoke_L(java.lang.Object, java.lang.Object, java.lang.Object, java.lang.Object, int, int)'> (0x00000000ebd19d10) 
thrown [e:\jenkins\tmp\workspace\build\src\src\hotspot\share\interpreter\linkResolver.cpp, line 766]
Event: 2.071 Thread 0x000002d9ab2e6410 Exception <a 'java/lang/NoSuchMethodError'{0x00000000ebd31a10}: 'java.lang.Object java.lang.invoke.Invokers$Holder.invokeExact_MT(java.lang.Object, java.lang.Object, java.lang.Object, java.lang.Object)'> (0x00000000ebd31a10) 
thrown [e:\jenkins\tmp\workspace\build\src\src\hotspot\share\interpreter\linkResolver.cpp, line 766]
Event: 2.293 Thread 0x000002d9ab2e6410 Exception <a 'java/lang/NoSuchMethodError'{0x00000000eac860d0}: 'int java.lang.invoke.DirectMethodHandle$Holder.invokeStaticInit(java.lang.Object, java.lang.Object, java.lang.Object)'> (0x00000000eac860d0) 
thrown [e:\jenkins\tmp\workspace\build\src\src\hotspot\share\interpreter\linkResolver.cpp, line 766]
Event: 2.302 Thread 0x000002d9ab2e6410 Exception <a 'java/lang/IncompatibleClassChangeError'{0x00000000eacfd698}: Found class java.lang.Object, but interface was expected> (0x00000000eacfd698) 
thrown [e:\jenkins\tmp\workspace\build\src\src\hotspot\share\interpreter\linkResolver.cpp, line 833]

VM Operations (20 events):
Event: 1.226 Executing VM operation: HandshakeAllThreads
Event: 1.226 Executing VM operation: HandshakeAllThreads done
Event: 1.233 Executing VM operation: HandshakeAllThreads
Event: 1.233 Executing VM operation: HandshakeAllThreads done
Event: 1.249 Executing VM operation: HandshakeAllThreads
Event: 1.249 Executing VM operation: HandshakeAllThreads done
Event: 1.518 Executing VM operation: HandshakeAllThreads
Event: 1.518 Executing VM operation: HandshakeAllThreads done
Event: 1.595 Executing VM operation: ParallelGCFailedAllocation
Event: 1.601 Executing VM operation: ParallelGCFailedAllocation done
Event: 1.812 Executing VM operation: HandshakeAllThreads
Event: 1.813 Executing VM operation: HandshakeAllThreads done
Event: 1.884 Executing VM operation: HandshakeAllThreads
Event: 1.884 Executing VM operation: HandshakeAllThreads done
Event: 1.887 Executing VM operation: HandshakeAllThreads
Event: 1.887 Executing VM operation: HandshakeAllThreads done
Event: 2.050 Executing VM operation: HandshakeAllThreads
Event: 2.050 Executing VM operation: HandshakeAllThreads done
Event: 2.264 Executing VM operation: ParallelGCFailedAllocation
Event: 2.269 Executing VM operation: ParallelGCFailedAllocation done

Events (20 events):
Event: 2.220 loading class java/nio/file/AccessDeniedException
Event: 2.220 loading class java/nio/file/AccessDeniedException done
Event: 2.220 loading class java/nio/file/NoSuchFileException
Event: 2.220 loading class java/nio/file/NoSuchFileException done
Event: 2.220 loading class java/nio/file/DirectoryNotEmptyException
Event: 2.220 loading class java/nio/file/DirectoryNotEmptyException done
Event: 2.231 loading class java/nio/file/InvalidPathException
Event: 2.231 loading class java/nio/file/InvalidPathException done
Event: 2.243 loading class java/nio/file/attribute/DosFileAttributeView
Event: 2.243 loading class java/nio/file/attribute/DosFileAttributeView done
Event: 2.243 loading class sun/nio/fs/WindowsFileAttributeViews$Dos
Event: 2.243 loading class sun/nio/fs/WindowsFileAttributeViews$Dos done
Event: 2.253 loading class sun/nio/fs/WindowsUriSupport
Event: 2.253 loading class sun/nio/fs/WindowsUriSupport done
Event: 2.262 loading class org/xml/sax/SAXParseException
Event: 2.262 loading class org/xml/sax/SAXParseException done
Event: 2.288 loading class java/util/function/LongUnaryOperator
Event: 2.288 loading class java/util/function/LongUnaryOperator done
Event: 2.289 Thread 0x000002d9ab073a40 Thread added: 0x000002d9ab073a40
Event: 2.310 Thread 0x000002d9ab075bf0 Thread added: 0x000002d9ab075bf0


Dynamic libraries:
0x00007ff693e00000 - 0x00007ff693e0e000 	c:\Users\User\.vscode\extensions\redhat.java-1.9.0\jre\17.0.3-win32-x86_64\bin\java.exe
0x00007ffb05270000 - 0x00007ffb05468000 	C:\Windows\SYSTEM32\ntdll.dll
0x00007ffb03ac0000 - 0x00007ffb03b7d000 	C:\Windows\System32\KERNEL32.DLL
0x00007ffb02f10000 - 0x00007ffb031de000 	C:\Windows\System32\KERNELBASE.dll
0x00007ffb02990000 - 0x00007ffb02a90000 	C:\Windows\System32\ucrtbase.dll
0x00007ffaef030000 - 0x00007ffaef049000 	c:\Users\User\.vscode\extensions\redhat.java-1.9.0\jre\17.0.3-win32-x86_64\bin\VCRUNTIME140.dll
0x00007ffaef010000 - 0x00007ffaef028000 	c:\Users\User\.vscode\extensions\redhat.java-1.9.0\jre\17.0.3-win32-x86_64\bin\jli.dll
0x00007ffb04500000 - 0x00007ffb046a0000 	C:\Windows\System32\USER32.dll
0x00007ffb02cf0000 - 0x00007ffb02d12000 	C:\Windows\System32\win32u.dll
0x00007ffaef680000 - 0x00007ffaef91a000 	C:\Windows\WinSxS\amd64_microsoft.windows.common-controls_6595b64144ccf1df_6.0.19041.1110_none_60b5254171f9507e\COMCTL32.dll
0x00007ffb03dd0000 - 0x00007ffb03dfa000 	C:\Windows\System32\GDI32.dll
0x00007ffb03d00000 - 0x00007ffb03d9e000 	C:\Windows\System32\msvcrt.dll
0x00007ffb02a90000 - 0x00007ffb02b9b000 	C:\Windows\System32\gdi32full.dll
0x00007ffb02c50000 - 0x00007ffb02ced000 	C:\Windows\System32\msvcp_win.dll
0x00007ffb03da0000 - 0x00007ffb03dd0000 	C:\Windows\System32\IMM32.DLL
0x00007ffaeea50000 - 0x00007ffaeea5c000 	c:\Users\User\.vscode\extensions\redhat.java-1.9.0\jre\17.0.3-win32-x86_64\bin\vcruntime140_1.dll
0x00007ffad8930000 - 0x00007ffad89c1000 	c:\Users\User\.vscode\extensions\redhat.java-1.9.0\jre\17.0.3-win32-x86_64\bin\msvcp140.dll
0x00007ffabd860000 - 0x00007ffabe4a8000 	c:\Users\User\.vscode\extensions\redhat.java-1.9.0\jre\17.0.3-win32-x86_64\bin\server\jvm.dll
0x00007ffb04210000 - 0x00007ffb042be000 	C:\Windows\System32\ADVAPI32.dll
0x00007ffb03b90000 - 0x00007ffb03c2c000 	C:\Windows\System32\sechost.dll
0x00007ffb03350000 - 0x00007ffb03475000 	C:\Windows\System32\RPCRT4.dll
0x00007ffb03b80000 - 0x00007ffb03b88000 	C:\Windows\System32\PSAPI.DLL
0x00007ffadbe80000 - 0x00007ffadbe89000 	C:\Windows\SYSTEM32\WSOCK32.dll
0x00007ffaf8270000 - 0x00007ffaf8297000 	C:\Windows\SYSTEM32\WINMM.dll
0x00007ffafa730000 - 0x00007ffafa73a000 	C:\Windows\SYSTEM32\VERSION.dll
0x00007ffb04140000 - 0x00007ffb041ab000 	C:\Windows\System32\WS2_32.dll
0x00007ffb00890000 - 0x00007ffb008a2000 	C:\Windows\SYSTEM32\kernel.appcore.dll
0x00007ffaee010000 - 0x00007ffaee01a000 	c:\Users\User\.vscode\extensions\redhat.java-1.9.0\jre\17.0.3-win32-x86_64\bin\jimage.dll
0x00007ffaf8380000 - 0x00007ffaf8564000 	C:\Windows\SYSTEM32\DBGHELP.DLL
0x00007ffaeb650000 - 0x00007ffaeb67c000 	C:\Windows\SYSTEM32\dbgcore.DLL
0x00007ffb02e80000 - 0x00007ffb02f02000 	C:\Windows\System32\bcryptPrimitives.dll
0x00007ffaebd90000 - 0x00007ffaebd9e000 	c:\Users\User\.vscode\extensions\redhat.java-1.9.0\jre\17.0.3-win32-x86_64\bin\instrument.dll
0x00007ffada0d0000 - 0x00007ffada0f5000 	c:\Users\User\.vscode\extensions\redhat.java-1.9.0\jre\17.0.3-win32-x86_64\bin\java.dll
0x00007ffade620000 - 0x00007ffade638000 	c:\Users\User\.vscode\extensions\redhat.java-1.9.0\jre\17.0.3-win32-x86_64\bin\zip.dll
0x00007ffb04a00000 - 0x00007ffb05144000 	C:\Windows\System32\SHELL32.dll
0x00007ffb00a90000 - 0x00007ffb01224000 	C:\Windows\SYSTEM32\windows.storage.dll
0x00007ffb046a0000 - 0x00007ffb049f4000 	C:\Windows\System32\combase.dll
0x00007ffb023f0000 - 0x00007ffb02420000 	C:\Windows\SYSTEM32\Wldp.dll
0x00007ffb03480000 - 0x00007ffb0352d000 	C:\Windows\System32\SHCORE.dll
0x00007ffb041b0000 - 0x00007ffb04205000 	C:\Windows\System32\shlwapi.dll
0x00007ffb028d0000 - 0x00007ffb028ef000 	C:\Windows\SYSTEM32\profapi.dll
0x00007ffadc0d0000 - 0x00007ffadc0e9000 	C:\Users\User\.vscode\extensions\redhat.java-1.9.0\jre\17.0.3-win32-x86_64\bin\net.dll
0x00007ffaf65b0000 - 0x00007ffaf66ba000 	C:\Windows\SYSTEM32\WINHTTP.dll
0x00007ffb02150000 - 0x00007ffb021ba000 	C:\Windows\system32\mswsock.dll
0x00007ffadace0000 - 0x00007ffadacf5000 	C:\Users\User\.vscode\extensions\redhat.java-1.9.0\jre\17.0.3-win32-x86_64\bin\nio.dll
0x00007ffae0eb0000 - 0x00007ffae0ec0000 	c:\Users\User\.vscode\extensions\redhat.java-1.9.0\jre\17.0.3-win32-x86_64\bin\verify.dll
0x00007ffad88f0000 - 0x00007ffad892e000 	C:\Users\User\AppData\Roaming\Code\User\globalStorage\redhat.java\1.9.0\config_ss_win\org.eclipse.equinox.launcher\org.eclipse.equinox.launcher.win32.win32.x86_64_1.2.500.v20220509-0833\eclipse_11700.dll
0x00007ffb03e60000 - 0x00007ffb03f8a000 	C:\Windows\System32\ole32.dll

dbghelp: loaded successfully - version: 4.0.5 - missing functions: none
symbol engine: initialized successfully - sym options: 0x614 - pdb path: .;c:\Users\User\.vscode\extensions\redhat.java-1.9.0\jre\17.0.3-win32-x86_64\bin;C:\Windows\SYSTEM32;C:\Windows\WinSxS\amd64_microsoft.windows.common-controls_6595b64144ccf1df_6.0.19041.1110_none_60b5254171f9507e;c:\Users\User\.vscode\extensions\redhat.java-1.9.0\jre\17.0.3-win32-x86_64\bin\server;C:\Users\User\AppData\Roaming\Code\User\globalStorage\redhat.java\1.9.0\config_ss_win\org.eclipse.equinox.launcher\org.eclipse.equinox.launcher.win32.win32.x86_64_1.2.500.v20220509-0833

VM Arguments:
jvm_args: --add-modules=ALL-SYSTEM --add-opens=java.base/java.util=ALL-UNNAMED --add-opens=java.base/java.lang=ALL-UNNAMED --add-opens=java.base/sun.nio.fs=ALL-UNNAMED -Declipse.application=org.eclipse.jdt.ls.core.id1 -Dosgi.bundles.defaultStartLevel=4 -Declipse.product=org.eclipse.jdt.ls.core.product -Djava.import.generatesMetadataFilesAtProjectRoot=false -Dfile.encoding=utf8 -DwatchParentProcess=false -XX:+UseParallelGC -XX:GCTimeRatio=4 -XX:AdaptiveSizePolicyWeight=90 -Dsun.zip.disableMemoryMapping=true -Xmx1G -Xms100m -javaagent:c:\Users\User\.vscode\extensions\redhat.java-1.9.0\lombok\lombok-1.18.24.jar 
java_command: c:\Users\User\.vscode\extensions\redhat.java-1.9.0\server\plugins\org.eclipse.equinox.launcher_1.6.400.v20210924-0641.jar -configuration c:\Users\User\AppData\Roaming\Code\User\globalStorage\redhat.java\1.9.0\config_ss_win -data c:\Users\User\AppData\Roaming\Code\User\workspaceStorage\8255c249bf12b49d77074f345abc412a\redhat.java\ss_ws
java_class_path (initial): c:\Users\User\.vscode\extensions\redhat.java-1.9.0\server\plugins\org.eclipse.equinox.launcher_1.6.400.v20210924-0641.jar
Launcher Type: SUN_STANDARD

[Global flags]
    uintx AdaptiveSizePolicyWeight                 = 90                                        {product} {command line}
     intx CICompilerCount                          = 4                                         {product} {ergonomic}
    uintx GCTimeRatio                              = 4                                         {product} {command line}
   size_t InitialHeapSize                          = 104857600                                 {product} {command line}
   size_t MaxHeapSize                              = 1073741824                                {product} {command line}
   size_t MaxNewSize                               = 357564416                                 {product} {ergonomic}
   size_t MinHeapDeltaBytes                        = 524288                                    {product} {ergonomic}
   size_t MinHeapSize                              = 104857600                                 {product} {command line}
   size_t NewSize                                  = 34603008                                  {product} {ergonomic}
    uintx NonNMethodCodeHeapSize                   = 5839372                                {pd product} {ergonomic}
    uintx NonProfiledCodeHeapSize                  = 122909434                              {pd product} {ergonomic}
   size_t OldSize                                  = 70254592                                  {product} {ergonomic}
    uintx ProfiledCodeHeapSize                     = 122909434                              {pd product} {ergonomic}
    uintx ReservedCodeCacheSize                    = 251658240                              {pd product} {ergonomic}
     bool SegmentedCodeCache                       = true                                      {product} {ergonomic}
   size_t SoftMaxHeapSize                          = 1073741824                             {manageable} {ergonomic}
     bool UseCompressedClassPointers               = true                           {product lp64_product} {ergonomic}
     bool UseCompressedOops                        = true                           {product lp64_product} {ergonomic}
     bool UseLargePagesIndividualAllocation        = false                                  {pd product} {ergonomic}
     bool UseParallelGC                            = true                                      {product} {command line}

Logging:
Log output configuration:
 #0: stdout all=warning uptime,level,tags
 #1: stderr all=off uptime,level,tags

Environment Variables:
PATH=C:\Program Files (x86)\VMware\VMware Player\bin\;C:\Python310\Scripts\;C:\Python310\;C:\Program Files (x86)\Common Files\Intel\Shared Libraries\redist\intel64\compiler;C:\Windows\system32;C:\Windows;C:\Windows\System32\Wbem;C:\Windows\System32\WindowsPowerShell\v1.0\;C:\Windows\System32\OpenSSH\;C:\Program Files (x86)\NVIDIA Corporation\PhysX\Common;C:\Program Files\NVIDIA Corporation\NVIDIA NvDLISR;C:\flutter\bin;C:\dart-sdk\bin;C:\Program Files\Microsoft VS Code\bin;C:\Program Files\Git\cmd;C:\Program Files (x86)\IVI Foundation\VISA\WinNT\Bin\;C:\Program Files\IVI Foundation\VISA\Win64\Bin\;C:\Program Files (x86)\IVI Foundation\VISA\WinNT\Bin;C:\ProgramData\chocolatey\bin;C:\Program Files\PuTTY\;C:\Program Files (x86)\National Instruments\Shared\LabVIEW CLI;C:\Program Files\Microsoft SQL Server\150\Tools\Binn\;C:\Program Files\nodejs\;C:\Program Files\Java\jdk-11.0.14\bin;C:\Program Files\Microsoft SQL Server\Client SDK\ODBC\170\Tools\Binn\;C:\Program Files\dotnet\;C:\Program Files (x86)\Microsoft SQL Server\150\DTS\Binn\;C:\Program Files\Azure Data Studio\bin;C:\Program Files (x86)\Microsoft SQL Server\150\Tools\Binn\;C:\Program Files\Microsoft SQL Server\150\DTS\Binn\;C:\Program Files\TortoiseSVN\bin;C:\Program Files\VisualSVN Server\bin;C:\Users\User\AppData\Local\Programs\Python\Python39\Scripts\;C:\Users\User\AppData\Local\Programs\Python\Python39\;C:\Users\User\AppData\Local\Microsoft\WindowsApps;C:\Users\User\AppData\Roaming\npm;C:\Users\User\AppData\Local\Android\Sdk\platformsC:\Users\User\AppData\Local\Android\Sdk\platformsC:\Users\User\AppData\Local\Android\Sdk\platforms;C:\Users\User\AppData\Local\Android\Sdk\platform-tools;C:\Users\User\.dotnet\tools;C:\integ_continue\maven\apache-maven-3.8.6\bin;C:\Program Files\Java\jdk-11.0.14
USERNAME=User
OS=Windows_NT
PROCESSOR_IDENTIFIER=AMD64 Family 23 Model 96 Stepping 1, AuthenticAMD



---------------  S Y S T E M  ---------------

OS:
 Windows 10 , 64 bit Build 19041 (10.0.19041.1806)
OS uptime: 0 days 20:22 hours

CPU: total 12 (initial active 12) (12 cores per cpu, 2 threads per core) family 23 model 96 stepping 1 microcode 0x0, cx8, cmov, fxsr, ht, mmx, 3dnowpref, sse, sse2, sse3, ssse3, sse4a, sse4.1, sse4.2, popcnt, lzcnt, tsc, tscinvbit, avx, avx2, aes, clmul, bmi1, bmi2, adx, sha, fma, vzeroupper, clflush, clflushopt

Memory: 4k page, system-wide physical 7549M (587M free)
TotalPageFile size 31101M (AvailPageFile size 10M)
current process WorkingSet (physical memory assigned to process): 105M, peak: 105M
current process commit charge ("private bytes"): 224M, peak: 224M

vm_info: OpenJDK 64-Bit Server VM (17.0.3+7) for windows-amd64 JRE (17.0.3+7), built on Apr 19 2022 16:55:35 by "" with MS VC++ 16.7 (VS2019)

END.
