#
# There is insufficient memory for the Java Runtime Environment to continue.
# Native memory allocation (malloc) failed to allocate 1115856 bytes for Chunk::new
# Possible reasons:
#   The system is out of physical RAM or swap space
#   The process is running with CompressedOops enabled, and the Java Heap may be blocking the growth of the native heap
# Possible solutions:
#   Reduce memory load on the system
#   Increase physical memory or swap space
#   Check if swap backing store is full
#   Decrease Java heap size (-Xmx/-Xms)
#   Decrease number of Java threads
#   Decrease Java thread stack sizes (-Xss)
#   Set larger code cache with -XX:ReservedCodeCacheSize=
#   JVM is running with Unscaled Compressed Oops mode in which the Java heap is
#     placed in the first 4GB address space. The Java Heap base address is the
#     maximum limit for the native heap growth. Please use -XX:HeapBaseMinAddress
#     to set the Java Heap base and to place the Java Heap above 4GB virtual address.
# This output file may be truncated or incomplete.
#
#  Out of Memory Error (./open/src/hotspot/share/memory/arena.cpp:197), pid=16700, tid=15948
#
# JRE version: Java(TM) SE Runtime Environment 18.9 (11.0.14+8) (build 11.0.14+8-LTS-263)
# Java VM: Java HotSpot(TM) 64-Bit Server VM 18.9 (11.0.14+8-LTS-263, mixed mode, tiered, compressed oops, g1 gc, windows-amd64)
# No core dump will be written. Minidumps are not enabled by default on client versions of Windows
#

---------------  S U M M A R Y ------------

Command Line: -XX:MaxMetaspaceSize=512m --add-opens=java.base/java.util=ALL-UNNAMED --add-opens=java.base/java.lang=ALL-UNNAMED --add-opens=java.base/java.lang.invoke=ALL-UNNAMED --add-opens=java.base/java.util=ALL-UNNAMED --add-opens=java.prefs/java.util.prefs=ALL-UNNAMED --add-opens=java.prefs/java.util.prefs=ALL-UNNAMED --add-opens=java.base/java.nio.charset=ALL-UNNAMED --add-opens=java.base/java.net=ALL-UNNAMED --add-opens=java.base/java.util.concurrent.atomic=ALL-UNNAMED -Xmx2048m -Dfile.encoding=windows-1252 -Duser.country=FR -Duser.language=fr -Duser.variant org.gradle.launcher.daemon.bootstrap.GradleDaemon 7.3.3

Host: AMD Ryzen 5 4600H with Radeon Graphics         , 12 cores, 7G,  Windows 10 , 64 bit Build 19041 (10.0.19041.1706)
Time: Tue May 24 14:05:56 2022 Afr. centrale Ouest elapsed time: 28.956485 seconds (0d 0h 0m 28s)

---------------  T H R E A D  ---------------

Current thread (0x0000024e69294800):  JavaThread "C2 CompilerThread0" daemon [_thread_in_native, id=15948, stack(0x00000074dfd00000,0x00000074dfe00000)]


Current CompileTask:
C2:  28956 12093 %     4       org.gradle.internal.instantiation.generator.AbstractClassGenerator::inspectType @ 32 (560 bytes)

Stack: [0x00000074dfd00000,0x00000074dfe00000]
Native frames: (J=compiled Java code, j=interpreted, Vv=VM code, C=native code)
V  [jvm.dll+0x6296da]
V  [jvm.dll+0x76323f]
V  [jvm.dll+0x7648e9]
V  [jvm.dll+0x764f73]
V  [jvm.dll+0x23d7c8]
V  [jvm.dll+0xb297c]
V  [jvm.dll+0xb2f3c]
V  [jvm.dll+0x2ae594]
V  [jvm.dll+0x53cec6]
V  [jvm.dll+0x20069d]
V  [jvm.dll+0x1fa44a]
V  [jvm.dll+0x1f742d]
V  [jvm.dll+0x177b21]
V  [jvm.dll+0x206e26]
V  [jvm.dll+0x204fbb]
V  [jvm.dll+0x729170]
V  [jvm.dll+0x721d44]
V  [jvm.dll+0x6285d6]
C  [ucrtbase.dll+0x21bb2]
C  [KERNEL32.DLL+0x17034]
C  [ntdll.dll+0x52651]


---------------  P R O C E S S  ---------------

Threads class SMR info:
_java_thread_list=0x0000024e711b7010, length=172, elements={
0x0000024e4ae1b800, 0x0000024e69263000, 0x0000024e69265000, 0x0000024e69280800,
0x0000024e69281000, 0x0000024e69283000, 0x0000024e69294800, 0x0000024e69299000,
0x0000024e6929c800, 0x0000024e69d7a800, 0x0000024e6c1c4000, 0x0000024e69fd2800,
0x0000024e6ae33800, 0x0000024e6aa92800, 0x0000024e6c4b9800, 0x0000024e6c03a800,
0x0000024e6c03b000, 0x0000024e6be23000, 0x0000024e6be24000, 0x0000024e6c225000,
0x0000024e6c1ae000, 0x0000024e6c1ab800, 0x0000024e6c1ae800, 0x0000024e6c1a9800,
0x0000024e6c1b0000, 0x0000024e6c1af800, 0x0000024e6c1aa800, 0x0000024e6c1ac000,
0x0000024e6c1ad000, 0x0000024e6d007000, 0x0000024e6d004800, 0x0000024e6d003000,
0x0000024e6d002000, 0x0000024e6d00b000, 0x0000024e6d005000, 0x0000024e6d00e000,
0x0000024e6d00f000, 0x0000024e6d010000, 0x0000024e6d010800, 0x0000024e6d00d800,
0x0000024e6d00c000, 0x0000024e6d00c800, 0x0000024e6b425800, 0x0000024e6b423000,
0x0000024e6b423800, 0x0000024e6b426000, 0x0000024e6b420800, 0x0000024e6b422000,
0x0000024e6b421000, 0x0000024e6b427000, 0x0000024e6b427800, 0x0000024e6b428800,
0x0000024e6b429800, 0x0000024e6b42a000, 0x0000024e6b424800, 0x0000024e6b42e800,
0x0000024e6b42c000, 0x0000024e6b42b000, 0x0000024e6b42c800, 0x0000024e6b42f000,
0x0000024e6b42d800, 0x0000024e6f485000, 0x0000024e6f482800, 0x0000024e6f483800,
0x0000024e6f481000, 0x0000024e6f486000, 0x0000024e6f480800, 0x0000024e6f487000,
0x0000024e6f487800, 0x0000024e6f482000, 0x0000024e6f484800, 0x0000024e6f48d800,
0x0000024e6f48a000, 0x0000024e6f489800, 0x0000024e6f48b800, 0x0000024e6f48b000,
0x0000024e6f48c800, 0x0000024e6f488800, 0x0000024e6f48e000, 0x0000024e6f48f000,
0x0000024e6fc42800, 0x0000024e6fc3d000, 0x0000024e6fc43800, 0x0000024e6fc4b800,
0x0000024e6fc49800, 0x0000024e6fc48800, 0x0000024e6fc47000, 0x0000024e6fc4a000,
0x0000024e6bf4f800, 0x0000024e6bf4d000, 0x0000024e6bf4c800, 0x0000024e6bf4f000,
0x0000024e6bf4e000, 0x0000024e6bf4b800, 0x0000024e6bf4a800, 0x0000024e6bf4a000,
0x0000024e6bf50800, 0x0000024e6d3c2800, 0x0000024e6d3c3000, 0x0000024e6d3c1800,
0x0000024e6d3c4000, 0x0000024e6d3c0000, 0x0000024e6d3c6800, 0x0000024e6d3c4800,
0x0000024e6d3c5800, 0x0000024e6d3c0800, 0x0000024e6d3cd000, 0x0000024e6d3c7000,
0x0000024e6d3cd800, 0x0000024e6d3c9000, 0x0000024e6d3ca800, 0x0000024e6d3c8000,
0x0000024e6d3cb000, 0x0000024e6d3ce800, 0x0000024e6d3c9800, 0x0000024e6d3cc000,
0x0000024e6fc40800, 0x0000024e6fc3e800, 0x0000024e6fc3e000, 0x0000024e6fc41000,
0x0000024e6fc3f800, 0x0000024e6fc44800, 0x0000024e6fc45000, 0x0000024e6fc46000,
0x0000024e6fc47800, 0x0000024e6fc42000, 0x0000024e6fc4b000, 0x0000024e6fa1c800,
0x0000024e6fa1a800, 0x0000024e6fa1f000, 0x0000024e6fa1d800, 0x0000024e6fa21000,
0x0000024e6fa1e800, 0x0000024e6fa1b000, 0x0000024e6fa1c000, 0x0000024e6fa25800,
0x0000024e6fa22800, 0x0000024e6fa23000, 0x0000024e6fa21800, 0x0000024e6fa20000,
0x0000024e6fa26800, 0x0000024e6fa27800, 0x0000024e6fa25000, 0x0000024e6fa28000,
0x0000024e6fa24000, 0x0000024e6fa29000, 0x0000024e6f97a000, 0x0000024e6f97e000,
0x0000024e6f97a800, 0x0000024e6f97d000, 0x0000024e6f978800, 0x0000024e6f979000,
0x0000024e6f97f800, 0x0000024e6f97f000, 0x0000024e6f980800, 0x0000024e6f97c800,
0x0000024e6f981800, 0x0000024e6f97b800, 0x0000024e6f982000, 0x0000024e6f983000,
0x0000024e6f987000, 0x0000024e6f983800, 0x0000024e6f984800, 0x0000024e6f985800,
0x0000024e6f986000, 0x0000024e6acd9800, 0x0000024e6acda800, 0x0000024e6acd4800,
0x0000024e6acd8000, 0x0000024e6acd9000, 0x0000024e6acdb000, 0x0000024e6acdc000
}

Java Threads: ( => current thread )
  0x0000024e4ae1b800 JavaThread "main" [_thread_blocked, id=852, stack(0x00000074df100000,0x00000074df200000)]
  0x0000024e69263000 JavaThread "Reference Handler" daemon [_thread_blocked, id=14596, stack(0x00000074df800000,0x00000074df900000)]
  0x0000024e69265000 JavaThread "Finalizer" daemon [_thread_blocked, id=9488, stack(0x00000074df900000,0x00000074dfa00000)]
  0x0000024e69280800 JavaThread "Signal Dispatcher" daemon [_thread_blocked, id=7828, stack(0x00000074dfa00000,0x00000074dfb00000)]
  0x0000024e69281000 JavaThread "Attach Listener" daemon [_thread_blocked, id=16136, stack(0x00000074dfb00000,0x00000074dfc00000)]
  0x0000024e69283000 JavaThread "Service Thread" daemon [_thread_blocked, id=10448, stack(0x00000074dfc00000,0x00000074dfd00000)]
=>0x0000024e69294800 JavaThread "C2 CompilerThread0" daemon [_thread_in_native, id=15948, stack(0x00000074dfd00000,0x00000074dfe00000)]
  0x0000024e69299000 JavaThread "C1 CompilerThread0" daemon [_thread_blocked, id=5304, stack(0x00000074dfe00000,0x00000074dff00000)]
  0x0000024e6929c800 JavaThread "Sweeper thread" daemon [_thread_blocked, id=2408, stack(0x00000074dff00000,0x00000074e0000000)]
  0x0000024e69d7a800 JavaThread "Common-Cleaner" daemon [_thread_blocked, id=292, stack(0x00000074e0000000,0x00000074e0100000)]
  0x0000024e6c1c4000 JavaThread "Daemon health stats" [_thread_blocked, id=16284, stack(0x00000074e0500000,0x00000074e0600000)]
  0x0000024e69fd2800 JavaThread "Incoming local TCP Connector on port 56397" [_thread_in_native, id=5616, stack(0x00000074e0200000,0x00000074e0300000)]
  0x0000024e6ae33800 JavaThread "Daemon periodic checks" [_thread_blocked, id=7264, stack(0x00000074e0400000,0x00000074e0500000)]
  0x0000024e6aa92800 JavaThread "Daemon" [_thread_blocked, id=11788, stack(0x00000074e0600000,0x00000074e0700000)]
  0x0000024e6c4b9800 JavaThread "Handler for socket connection from /127.0.0.1:56397 to /127.0.0.1:56398" [_thread_in_native, id=12428, stack(0x00000074e0700000,0x00000074e0800000)]
  0x0000024e6c03a800 JavaThread "Cancel handler" [_thread_blocked, id=1884, stack(0x00000074e0800000,0x00000074e0900000)]
  0x0000024e6c03b000 JavaThread "Daemon worker" [_thread_in_vm_trans, id=12960, stack(0x00000074e0900000,0x00000074e0a00000)]
  0x0000024e6be23000 JavaThread "Asynchronous log dispatcher for DefaultDaemonConnection: socket connection from /127.0.0.1:56397 to /127.0.0.1:56398" [_thread_blocked, id=15956, stack(0x00000074e0a00000,0x00000074e0b00000)]
  0x0000024e6be24000 JavaThread "Stdin handler" [_thread_blocked, id=14952, stack(0x00000074e0b00000,0x00000074e0c00000)]
  0x0000024e6c225000 JavaThread "Daemon client event forwarder" [_thread_blocked, id=4980, stack(0x00000074e0c00000,0x00000074e0d00000)]
  0x0000024e6c1ae000 JavaThread "Cache worker for journal cache (C:\Users\User\.gradle\caches\journal-1)" [_thread_blocked, id=5608, stack(0x00000074e1600000,0x00000074e1700000)]
  0x0000024e6c1ab800 JavaThread "File lock request listener" [_thread_in_native, id=12520, stack(0x00000074e1700000,0x00000074e1800000)]
  0x0000024e6c1ae800 JavaThread "Cache worker for file hash cache (C:\Users\User\.gradle\caches\7.3.3\fileHashes)" [_thread_blocked, id=3976, stack(0x00000074e1800000,0x00000074e1900000)]
  0x0000024e6c1a9800 JavaThread "Cache worker for file hash cache (C:\Users\User\OneDrive - Ministere de l'Enseignement Superieur et de la Recherche Scientifique\Bureau\reactnative\CONTREAPP\ContreAVC\android\.gradle\7.3.3\fileHashes)" [_thread_blocked, id=15840, stack(0x00000074e1b00000,0x00000074e1c00000)]
  0x0000024e6c1b0000 JavaThread "File watcher server" daemon [_thread_in_native, id=12724, stack(0x00000074e1c00000,0x00000074e1d00000)]
  0x0000024e6c1af800 JavaThread "File watcher consumer" daemon [_thread_blocked, id=18412, stack(0x00000074e1d00000,0x00000074e1e00000)]
  0x0000024e6c1aa800 JavaThread "Cache worker for checksums cache (C:\Users\User\OneDrive - Ministere de l'Enseignement Superieur et de la Recherche Scientifique\Bureau\reactnative\CONTREAPP\ContreAVC\android\.gradle\7.3.3\checksums)" [_thread_blocked, id=11588, stack(0x00000074e1e00000,0x00000074e1f00000)]
  0x0000024e6c1ac000 JavaThread "Cache worker for cache directory md-supplier (C:\Users\User\.gradle\caches\7.3.3\md-supplier)" [_thread_blocked, id=9592, stack(0x00000074e1f00000,0x00000074e2000000)]
  0x0000024e6c1ad000 JavaThread "Cache worker for cache directory md-rule (C:\Users\User\.gradle\caches\7.3.3\md-rule)" [_thread_blocked, id=6920, stack(0x00000074e2100000,0x00000074e2200000)]
  0x0000024e6d007000 JavaThread "Cache worker for execution history cache (C:\Users\User\.gradle\caches\7.3.3\executionHistory)" [_thread_blocked, id=17984, stack(0x00000074e2300000,0x00000074e2400000)]
  0x0000024e6d004800 JavaThread "jar transforms" [_thread_blocked, id=15984, stack(0x00000074e2400000,0x00000074e2500000)]
  0x0000024e6d003000 JavaThread "jar transforms Thread 2" [_thread_blocked, id=18076, stack(0x00000074e2500000,0x00000074e2600000)]
  0x0000024e6d002000 JavaThread "Cache worker for file content cache (C:\Users\User\.gradle\caches\7.3.3\fileContent)" [_thread_blocked, id=4324, stack(0x00000074e2600000,0x00000074e2700000)]
  0x0000024e6d00b000 JavaThread "jar transforms Thread 3" [_thread_blocked, id=828, stack(0x00000074e2700000,0x00000074e2800000)]
  0x0000024e6d005000 JavaThread "jar transforms Thread 4" [_thread_blocked, id=12264, stack(0x00000074e2800000,0x00000074e2900000)]
  0x0000024e6d00e000 JavaThread "Cache worker for kotlin-dsl (C:\Users\User\.gradle\caches\7.3.3\kotlin-dsl)" [_thread_blocked, id=1668, stack(0x00000074e2900000,0x00000074e2a00000)]
  0x0000024e6d00f000 JavaThread "jar transforms Thread 5" [_thread_blocked, id=10276, stack(0x00000074e2a00000,0x00000074e2b00000)]
  0x0000024e6d010000 JavaThread "jar transforms Thread 6" [_thread_blocked, id=11752, stack(0x00000074e2b00000,0x00000074e2c00000)]
  0x0000024e6d010800 JavaThread "Cache worker for dependencies-accessors (C:\Users\User\OneDrive - Ministere de l'Enseignement Superieur et de la Recherche Scientifique\Bureau\reactnative\CONTREAPP\ContreAVC\android\.gradle\7.3.3\dependencies-accessors)" [_thread_blocked, id=15104, stack(0x00000074e2c00000,0x00000074e2d00000)]
  0x0000024e6d00d800 JavaThread "Cache worker for Build Output Cleanup Cache (C:\Users\User\OneDrive - Ministere de l'Enseignement Superieur et de la Recherche Scientifique\Bureau\reactnative\CONTREAPP\ContreAVC\node_modules\react-native-gradle-plugin\.gradle\buildOutputCleanup)" [_thread_blocked, id=18100, stack(0x00000074e2d00000,0x00000074e2e00000)]
  0x0000024e6d00c000 JavaThread "jar transforms Thread 7" [_thread_blocked, id=14420, stack(0x00000074e2e00000,0x00000074e2f00000)]
  0x0000024e6d00c800 JavaThread "Unconstrained build operations" [_thread_blocked, id=17472, stack(0x00000074e2f00000,0x00000074e3000000)]
  0x0000024e6b425800 JavaThread "Unconstrained build operations Thread 2" [_thread_blocked, id=3136, stack(0x00000074e3000000,0x00000074e3100000)]
  0x0000024e6b423000 JavaThread "Unconstrained build operations Thread 3" [_thread_blocked, id=15240, stack(0x00000074e3100000,0x00000074e3200000)]
  0x0000024e6b423800 JavaThread "Unconstrained build operations Thread 4" [_thread_blocked, id=1252, stack(0x00000074e3200000,0x00000074e3300000)]
  0x0000024e6b426000 JavaThread "Unconstrained build operations Thread 5" [_thread_blocked, id=15192, stack(0x00000074e3300000,0x00000074e3400000)]
  0x0000024e6b420800 JavaThread "Unconstrained build operations Thread 6" [_thread_blocked, id=15668, stack(0x00000074e3400000,0x00000074e3500000)]
  0x0000024e6b422000 JavaThread "Unconstrained build operations Thread 7" [_thread_blocked, id=3216, stack(0x00000074e3500000,0x00000074e3600000)]
  0x0000024e6b421000 JavaThread "Unconstrained build operations Thread 8" [_thread_blocked, id=9620, stack(0x00000074e3600000,0x00000074e3700000)]
  0x0000024e6b427000 JavaThread "Unconstrained build operations Thread 9" [_thread_blocked, id=12036, stack(0x00000074e3700000,0x00000074e3800000)]
  0x0000024e6b427800 JavaThread "Unconstrained build operations Thread 10" [_thread_blocked, id=14992, stack(0x00000074e3800000,0x00000074e3900000)]
  0x0000024e6b428800 JavaThread "Unconstrained build operations Thread 11" [_thread_blocked, id=4912, stack(0x00000074e3900000,0x00000074e3a00000)]
  0x0000024e6b429800 JavaThread "Unconstrained build operations Thread 12" [_thread_blocked, id=660, stack(0x00000074e3a00000,0x00000074e3b00000)]
  0x0000024e6b42a000 JavaThread "Unconstrained build operations Thread 13" [_thread_blocked, id=3240, stack(0x00000074e3b00000,0x00000074e3c00000)]
  0x0000024e6b424800 JavaThread "Unconstrained build operations Thread 14" [_thread_blocked, id=13364, stack(0x00000074e3c00000,0x00000074e3d00000)]
  0x0000024e6b42e800 JavaThread "Unconstrained build operations Thread 15" [_thread_blocked, id=15680, stack(0x00000074e3d00000,0x00000074e3e00000)]
  0x0000024e6b42c000 JavaThread "Unconstrained build operations Thread 16" [_thread_blocked, id=17340, stack(0x00000074e3e00000,0x00000074e3f00000)]
  0x0000024e6b42b000 JavaThread "Unconstrained build operations Thread 17" [_thread_blocked, id=11832, stack(0x00000074e3f00000,0x00000074e4000000)]
  0x0000024e6b42c800 JavaThread "Unconstrained build operations Thread 18" [_thread_blocked, id=14984, stack(0x00000074e4000000,0x00000074e4100000)]
  0x0000024e6b42f000 JavaThread "Unconstrained build operations Thread 19" [_thread_blocked, id=15664, stack(0x00000074e4100000,0x00000074e4200000)]
  0x0000024e6b42d800 JavaThread "Unconstrained build operations Thread 20" [_thread_blocked, id=4512, stack(0x00000074e4200000,0x00000074e4300000)]
  0x0000024e6f485000 JavaThread "Unconstrained build operations Thread 21" [_thread_blocked, id=15892, stack(0x00000074e4300000,0x00000074e4400000)]
  0x0000024e6f482800 JavaThread "Unconstrained build operations Thread 22" [_thread_blocked, id=4072, stack(0x00000074e4400000,0x00000074e4500000)]
  0x0000024e6f483800 JavaThread "Unconstrained build operations Thread 23" [_thread_blocked, id=15816, stack(0x00000074e4500000,0x00000074e4600000)]
  0x0000024e6f481000 JavaThread "Unconstrained build operations Thread 24" [_thread_blocked, id=5864, stack(0x00000074e4600000,0x00000074e4700000)]
  0x0000024e6f486000 JavaThread "Unconstrained build operations Thread 25" [_thread_blocked, id=17044, stack(0x00000074e4700000,0x00000074e4800000)]
  0x0000024e6f480800 JavaThread "Unconstrained build operations Thread 26" [_thread_blocked, id=17908, stack(0x00000074e4800000,0x00000074e4900000)]
  0x0000024e6f487000 JavaThread "Unconstrained build operations Thread 27" [_thread_blocked, id=4012, stack(0x00000074e4900000,0x00000074e4a00000)]
  0x0000024e6f487800 JavaThread "Unconstrained build operations Thread 28" [_thread_blocked, id=12120, stack(0x00000074e4a00000,0x00000074e4b00000)]
  0x0000024e6f482000 JavaThread "Unconstrained build operations Thread 29" [_thread_blocked, id=9884, stack(0x00000074e4b00000,0x00000074e4c00000)]
  0x0000024e6f484800 JavaThread "Unconstrained build operations Thread 30" [_thread_blocked, id=2528, stack(0x00000074e4c00000,0x00000074e4d00000)]
  0x0000024e6f48d800 JavaThread "Unconstrained build operations Thread 31" [_thread_blocked, id=11976, stack(0x00000074e4d00000,0x00000074e4e00000)]
  0x0000024e6f48a000 JavaThread "Unconstrained build operations Thread 32" [_thread_blocked, id=13040, stack(0x00000074e4e00000,0x00000074e4f00000)]
  0x0000024e6f489800 JavaThread "Unconstrained build operations Thread 33" [_thread_blocked, id=11372, stack(0x00000074e4f00000,0x00000074e5000000)]
  0x0000024e6f48b800 JavaThread "jar transforms Thread 8" [_thread_blocked, id=17004, stack(0x00000074e5000000,0x00000074e5100000)]
  0x0000024e6f48b000 JavaThread "jar transforms Thread 9" [_thread_blocked, id=3248, stack(0x00000074e5100000,0x00000074e5200000)]
  0x0000024e6f48c800 JavaThread "jar transforms Thread 10" [_thread_blocked, id=8024, stack(0x00000074e5200000,0x00000074e5300000)]
  0x0000024e6f488800 JavaThread "jar transforms Thread 11" [_thread_blocked, id=11376, stack(0x00000074e5300000,0x00000074e5400000)]
  0x0000024e6f48e000 JavaThread "jar transforms Thread 12" [_thread_blocked, id=13264, stack(0x00000074e5400000,0x00000074e5500000)]
  0x0000024e6f48f000 JavaThread "build event listener" [_thread_blocked, id=15276, stack(0x00000074e5500000,0x00000074e5600000)]
  0x0000024e6fc42800 JavaThread "Memory manager" [_thread_blocked, id=17648, stack(0x00000074e5600000,0x00000074e5700000)]
  0x0000024e6fc3d000 JavaThread "Cache worker for Build Output Cleanup Cache (C:\Users\User\OneDrive - Ministere de l'Enseignement Superieur et de la Recherche Scientifique\Bureau\reactnative\CONTREAPP\ContreAVC\android\.gradle\buildOutputCleanup)" [_thread_blocked, id=14028, stack(0x00000074e2200000,0x00000074e2300000)]
  0x0000024e6fc43800 JavaThread "included builds" [_thread_blocked, id=15888, stack(0x00000074e5800000,0x00000074e5900000)]
  0x0000024e6fc4b800 JavaThread "Cache worker for execution history cache (C:\Users\User\OneDrive - Ministere de l'Enseignement Superieur et de la Recherche Scientifique\Bureau\reactnative\CONTREAPP\ContreAVC\node_modules\react-native-gradle-plugin\.gradle\7.3.3\executionHistory)" [_thread_blocked, id=5808, stack(0x00000074e6400000,0x00000074e6500000)]
  0x0000024e6fc49800 JavaThread "Unconstrained build operations Thread 34" [_thread_blocked, id=14880, stack(0x00000074e6500000,0x00000074e6600000)]
  0x0000024e6fc48800 JavaThread "Unconstrained build operations Thread 35" [_thread_blocked, id=13900, stack(0x00000074e6600000,0x00000074e6700000)]
  0x0000024e6fc47000 JavaThread "Unconstrained build operations Thread 36" [_thread_blocked, id=17992, stack(0x00000074e6700000,0x00000074e6800000)]
  0x0000024e6fc4a000 JavaThread "Unconstrained build operations Thread 37" [_thread_blocked, id=15172, stack(0x00000074e6800000,0x00000074e6900000)]
  0x0000024e6bf4f800 JavaThread "Unconstrained build operations Thread 38" [_thread_blocked, id=15464, stack(0x00000074e6900000,0x00000074e6a00000)]
  0x0000024e6bf4d000 JavaThread "Unconstrained build operations Thread 39" [_thread_blocked, id=17804, stack(0x00000074e6a00000,0x00000074e6b00000)]
  0x0000024e6bf4c800 JavaThread "Unconstrained build operations Thread 40" [_thread_blocked, id=15280, stack(0x00000074e6b00000,0x00000074e6c00000)]
  0x0000024e6bf4f000 JavaThread "Unconstrained build operations Thread 41" [_thread_blocked, id=16856, stack(0x00000074e6c00000,0x00000074e6d00000)]
  0x0000024e6bf4e000 JavaThread "Unconstrained build operations Thread 42" [_thread_blocked, id=3444, stack(0x00000074e6d00000,0x00000074e6e00000)]
  0x0000024e6bf4b800 JavaThread "Unconstrained build operations Thread 43" [_thread_blocked, id=2512, stack(0x00000074e6e00000,0x00000074e6f00000)]
  0x0000024e6bf4a800 JavaThread "Unconstrained build operations Thread 44" [_thread_blocked, id=8032, stack(0x00000074e6f00000,0x00000074e7000000)]
  0x0000024e6bf4a000 JavaThread "Unconstrained build operations Thread 45" [_thread_blocked, id=13184, stack(0x00000074e7000000,0x00000074e7100000)]
  0x0000024e6bf50800 JavaThread "Unconstrained build operations Thread 46" [_thread_blocked, id=7640, stack(0x00000074e7100000,0x00000074e7200000)]
  0x0000024e6d3c2800 JavaThread "Unconstrained build operations Thread 47" [_thread_blocked, id=6228, stack(0x00000074e7200000,0x00000074e7300000)]
  0x0000024e6d3c3000 JavaThread "Unconstrained build operations Thread 48" [_thread_blocked, id=15676, stack(0x00000074e7300000,0x00000074e7400000)]
  0x0000024e6d3c1800 JavaThread "Unconstrained build operations Thread 49" [_thread_blocked, id=10268, stack(0x00000074e7400000,0x00000074e7500000)]
  0x0000024e6d3c4000 JavaThread "Unconstrained build operations Thread 50" [_thread_blocked, id=9148, stack(0x00000074e7500000,0x00000074e7600000)]
  0x0000024e6d3c0000 JavaThread "Unconstrained build operations Thread 51" [_thread_blocked, id=5412, stack(0x00000074e7600000,0x00000074e7700000)]
  0x0000024e6d3c6800 JavaThread "Unconstrained build operations Thread 52" [_thread_blocked, id=2552, stack(0x00000074e7700000,0x00000074e7800000)]
  0x0000024e6d3c4800 JavaThread "Unconstrained build operations Thread 53" [_thread_blocked, id=8900, stack(0x00000074e7800000,0x00000074e7900000)]
  0x0000024e6d3c5800 JavaThread "Unconstrained build operations Thread 54" [_thread_blocked, id=3692, stack(0x00000074e7900000,0x00000074e7a00000)]
  0x0000024e6d3c0800 JavaThread "Unconstrained build operations Thread 55" [_thread_blocked, id=12600, stack(0x00000074e7a00000,0x00000074e7b00000)]
  0x0000024e6d3cd000 JavaThread "Unconstrained build operations Thread 56" [_thread_blocked, id=12272, stack(0x00000074e5900000,0x00000074e5a00000)]
  0x0000024e6d3c7000 JavaThread "Unconstrained build operations Thread 57" [_thread_blocked, id=17292, stack(0x00000074e5a00000,0x00000074e5b00000)]
  0x0000024e6d3cd800 JavaThread "Unconstrained build operations Thread 58" [_thread_blocked, id=10340, stack(0x00000074e5b00000,0x00000074e5c00000)]
  0x0000024e6d3c9000 JavaThread "Unconstrained build operations Thread 59" [_thread_blocked, id=10844, stack(0x00000074e5c00000,0x00000074e5d00000)]
  0x0000024e6d3ca800 JavaThread "Unconstrained build operations Thread 60" [_thread_blocked, id=2248, stack(0x00000074e5d00000,0x00000074e5e00000)]
  0x0000024e6d3c8000 JavaThread "Unconstrained build operations Thread 61" [_thread_blocked, id=17224, stack(0x00000074e5e00000,0x00000074e5f00000)]
  0x0000024e6d3cb000 JavaThread "Unconstrained build operations Thread 62" [_thread_blocked, id=3024, stack(0x00000074e5f00000,0x00000074e6000000)]
  0x0000024e6d3ce800 JavaThread "Unconstrained build operations Thread 63" [_thread_blocked, id=16464, stack(0x00000074e6000000,0x00000074e6100000)]
  0x0000024e6d3c9800 JavaThread "Unconstrained build operations Thread 64" [_thread_blocked, id=17176, stack(0x00000074e6100000,0x00000074e6200000)]
  0x0000024e6d3cc000 JavaThread "Unconstrained build operations Thread 65" [_thread_blocked, id=5008, stack(0x00000074e6200000,0x00000074e6300000)]
  0x0000024e6fc40800 JavaThread "Unconstrained build operations Thread 66" [_thread_blocked, id=9616, stack(0x00000074e6300000,0x00000074e6400000)]
  0x0000024e6fc3e800 JavaThread "Unconstrained build operations Thread 67" [_thread_blocked, id=16844, stack(0x00000074e7b00000,0x00000074e7c00000)]
  0x0000024e6fc3e000 JavaThread "Unconstrained build operations Thread 68" [_thread_blocked, id=11928, stack(0x00000074e7c00000,0x00000074e7d00000)]
  0x0000024e6fc41000 JavaThread "Unconstrained build operations Thread 69" [_thread_blocked, id=18344, stack(0x00000074e7d00000,0x00000074e7e00000)]
  0x0000024e6fc3f800 JavaThread "Unconstrained build operations Thread 70" [_thread_blocked, id=8428, stack(0x00000074e7e00000,0x00000074e7f00000)]
  0x0000024e6fc44800 JavaThread "Unconstrained build operations Thread 71" [_thread_blocked, id=4808, stack(0x00000074e7f00000,0x00000074e8000000)]
  0x0000024e6fc45000 JavaThread "Unconstrained build operations Thread 72" [_thread_blocked, id=12388, stack(0x00000074e8000000,0x00000074e8100000)]
  0x0000024e6fc46000 JavaThread "Unconstrained build operations Thread 73" [_thread_blocked, id=11848, stack(0x00000074e8100000,0x00000074e8200000)]
  0x0000024e6fc47800 JavaThread "Unconstrained build operations Thread 74" [_thread_blocked, id=16616, stack(0x00000074e8200000,0x00000074e8300000)]
  0x0000024e6fc42000 JavaThread "Unconstrained build operations Thread 75" [_thread_blocked, id=13352, stack(0x00000074e8300000,0x00000074e8400000)]
  0x0000024e6fc4b000 JavaThread "Unconstrained build operations Thread 76" [_thread_blocked, id=7788, stack(0x00000074e8400000,0x00000074e8500000)]
  0x0000024e6fa1c800 JavaThread "Unconstrained build operations Thread 77" [_thread_blocked, id=12716, stack(0x00000074e8500000,0x00000074e8600000)]
  0x0000024e6fa1a800 JavaThread "Unconstrained build operations Thread 78" [_thread_blocked, id=1232, stack(0x00000074e8600000,0x00000074e8700000)]
  0x0000024e6fa1f000 JavaThread "Unconstrained build operations Thread 79" [_thread_blocked, id=14800, stack(0x00000074e8700000,0x00000074e8800000)]
  0x0000024e6fa1d800 JavaThread "Unconstrained build operations Thread 80" [_thread_blocked, id=15356, stack(0x00000074e8800000,0x00000074e8900000)]
  0x0000024e6fa21000 JavaThread "Unconstrained build operations Thread 81" [_thread_blocked, id=3696, stack(0x00000074e8900000,0x00000074e8a00000)]
  0x0000024e6fa1e800 JavaThread "Unconstrained build operations Thread 82" [_thread_blocked, id=9780, stack(0x00000074e8a00000,0x00000074e8b00000)]
  0x0000024e6fa1b000 JavaThread "Unconstrained build operations Thread 83" [_thread_blocked, id=17824, stack(0x00000074e8b00000,0x00000074e8c00000)]
  0x0000024e6fa1c000 JavaThread "Unconstrained build operations Thread 84" [_thread_blocked, id=11484, stack(0x00000074e8c00000,0x00000074e8d00000)]
  0x0000024e6fa25800 JavaThread "Unconstrained build operations Thread 85" [_thread_blocked, id=2620, stack(0x00000074e8d00000,0x00000074e8e00000)]
  0x0000024e6fa22800 JavaThread "Unconstrained build operations Thread 86" [_thread_blocked, id=4336, stack(0x00000074e8e00000,0x00000074e8f00000)]
  0x0000024e6fa23000 JavaThread "Unconstrained build operations Thread 87" [_thread_blocked, id=5152, stack(0x00000074e8f00000,0x00000074e9000000)]
  0x0000024e6fa21800 JavaThread "Unconstrained build operations Thread 88" [_thread_blocked, id=14824, stack(0x00000074e9000000,0x00000074e9100000)]
  0x0000024e6fa20000 JavaThread "Unconstrained build operations Thread 89" [_thread_blocked, id=12920, stack(0x00000074e9100000,0x00000074e9200000)]
  0x0000024e6fa26800 JavaThread "Unconstrained build operations Thread 90" [_thread_blocked, id=15524, stack(0x00000074e9200000,0x00000074e9300000)]
  0x0000024e6fa27800 JavaThread "Unconstrained build operations Thread 91" [_thread_blocked, id=11828, stack(0x00000074e9300000,0x00000074e9400000)]
  0x0000024e6fa25000 JavaThread "Unconstrained build operations Thread 92" [_thread_blocked, id=2064, stack(0x00000074e9400000,0x00000074e9500000)]
  0x0000024e6fa28000 JavaThread "Unconstrained build operations Thread 93" [_thread_blocked, id=16376, stack(0x00000074e9500000,0x00000074e9600000)]
  0x0000024e6fa24000 JavaThread "Unconstrained build operations Thread 94" [_thread_blocked, id=16332, stack(0x00000074e9600000,0x00000074e9700000)]
  0x0000024e6fa29000 JavaThread "Unconstrained build operations Thread 95" [_thread_blocked, id=16760, stack(0x00000074e9700000,0x00000074e9800000)]
  0x0000024e6f97a000 JavaThread "Unconstrained build operations Thread 96" [_thread_blocked, id=12980, stack(0x00000074e9800000,0x00000074e9900000)]
  0x0000024e6f97e000 JavaThread "Unconstrained build operations Thread 97" [_thread_blocked, id=13492, stack(0x00000074e9900000,0x00000074e9a00000)]
  0x0000024e6f97a800 JavaThread "Unconstrained build operations Thread 98" [_thread_blocked, id=4820, stack(0x00000074e9a00000,0x00000074e9b00000)]
  0x0000024e6f97d000 JavaThread "Unconstrained build operations Thread 99" [_thread_blocked, id=14932, stack(0x00000074e9b00000,0x00000074e9c00000)]
  0x0000024e6f978800 JavaThread "Unconstrained build operations Thread 100" [_thread_blocked, id=10048, stack(0x00000074e9c00000,0x00000074e9d00000)]
  0x0000024e6f979000 JavaThread "Unconstrained build operations Thread 101" [_thread_blocked, id=14684, stack(0x00000074e9d00000,0x00000074e9e00000)]
  0x0000024e6f97f800 JavaThread "Unconstrained build operations Thread 102" [_thread_blocked, id=15908, stack(0x00000074e9e00000,0x00000074e9f00000)]
  0x0000024e6f97f000 JavaThread "Unconstrained build operations Thread 103" [_thread_blocked, id=9660, stack(0x00000074e9f00000,0x00000074ea000000)]
  0x0000024e6f980800 JavaThread "Unconstrained build operations Thread 104" [_thread_blocked, id=1208, stack(0x00000074ea000000,0x00000074ea100000)]
  0x0000024e6f97c800 JavaThread "Unconstrained build operations Thread 105" [_thread_blocked, id=11552, stack(0x00000074ea100000,0x00000074ea200000)]
  0x0000024e6f981800 JavaThread "Unconstrained build operations Thread 106" [_thread_blocked, id=13992, stack(0x00000074ea200000,0x00000074ea300000)]
  0x0000024e6f97b800 JavaThread "Unconstrained build operations Thread 107" [_thread_blocked, id=15788, stack(0x00000074ea300000,0x00000074ea400000)]
  0x0000024e6f982000 JavaThread "Unconstrained build operations Thread 108" [_thread_blocked, id=5380, stack(0x00000074ea400000,0x00000074ea500000)]
  0x0000024e6f983000 JavaThread "Unconstrained build operations Thread 109" [_thread_blocked, id=7436, stack(0x00000074ea500000,0x00000074ea600000)]
  0x0000024e6f987000 JavaThread "Unconstrained build operations Thread 110" [_thread_blocked, id=12040, stack(0x00000074ea600000,0x00000074ea700000)]
  0x0000024e6f983800 JavaThread "Unconstrained build operations Thread 111" [_thread_blocked, id=544, stack(0x00000074ea700000,0x00000074ea800000)]
  0x0000024e6f984800 JavaThread "Unconstrained build operations Thread 112" [_thread_blocked, id=16352, stack(0x00000074ea800000,0x00000074ea900000)]
  0x0000024e6f985800 JavaThread "Unconstrained build operations Thread 113" [_thread_blocked, id=8896, stack(0x00000074ea900000,0x00000074eaa00000)]
  0x0000024e6f986000 JavaThread "Unconstrained build operations Thread 114" [_thread_blocked, id=8956, stack(0x00000074eaa00000,0x00000074eab00000)]
  0x0000024e6acd9800 JavaThread "Unconstrained build operations Thread 115" [_thread_blocked, id=11596, stack(0x00000074eab00000,0x00000074eac00000)]
  0x0000024e6acda800 JavaThread "Unconstrained build operations Thread 116" [_thread_blocked, id=1420, stack(0x00000074eac00000,0x00000074ead00000)]
  0x0000024e6acd4800 JavaThread "Unconstrained build operations Thread 117" [_thread_blocked, id=2928, stack(0x00000074ead00000,0x00000074eae00000)]
  0x0000024e6acd8000 JavaThread "Unconstrained build operations Thread 118" [_thread_blocked, id=7592, stack(0x00000074eae00000,0x00000074eaf00000)]
  0x0000024e6acd9000 JavaThread "Unconstrained build operations Thread 119" [_thread_blocked, id=9648, stack(0x00000074eaf00000,0x00000074eb000000)]
  0x0000024e6acdb000 JavaThread "Unconstrained build operations Thread 120" [_thread_blocked, id=14792, stack(0x00000074eb000000,0x00000074eb100000)]
  0x0000024e6acdc000 JavaThread "build event listener" [_thread_blocked, id=1932, stack(0x00000074eb100000,0x00000074eb200000)]

Other Threads:
  0x0000024e6925e000 VMThread "VM Thread" [stack: 0x00000074df700000,0x00000074df800000] [id=16292]
  0x0000024e69daf800 WatcherThread [stack: 0x00000074e0100000,0x00000074e0200000] [id=12024]
  0x0000024e4ae30000 GCTaskThread "GC Thread#0" [stack: 0x00000074df200000,0x00000074df300000] [id=2808]
  0x0000024e6a84a800 GCTaskThread "GC Thread#1" [stack: 0x00000074e0300000,0x00000074e0400000] [id=3676]
  0x0000024e6bd66800 GCTaskThread "GC Thread#2" [stack: 0x00000074e0d00000,0x00000074e0e00000] [id=15928]
  0x0000024e6ad56800 GCTaskThread "GC Thread#3" [stack: 0x00000074e0e00000,0x00000074e0f00000] [id=13360]
  0x0000024e6b5b9800 GCTaskThread "GC Thread#4" [stack: 0x00000074e0f00000,0x00000074e1000000] [id=12056]
  0x0000024e6bf26000 GCTaskThread "GC Thread#5" [stack: 0x00000074e1000000,0x00000074e1100000] [id=2844]
  0x0000024e6ae56800 GCTaskThread "GC Thread#6" [stack: 0x00000074e1100000,0x00000074e1200000] [id=17552]
  0x0000024e6ae57000 GCTaskThread "GC Thread#7" [stack: 0x00000074e1200000,0x00000074e1300000] [id=1452]
  0x0000024e6b182000 GCTaskThread "GC Thread#8" [stack: 0x00000074e1300000,0x00000074e1400000] [id=3404]
  0x0000024e6b183000 GCTaskThread "GC Thread#9" [stack: 0x00000074e1400000,0x00000074e1500000] [id=3488]
  0x0000024e4ae62800 ConcurrentGCThread "G1 Main Marker" [stack: 0x00000074df300000,0x00000074df400000] [id=18060]
  0x0000024e4ae64000 ConcurrentGCThread "G1 Conc#0" [stack: 0x00000074df400000,0x00000074df500000] [id=5460]
  0x0000024e6c771000 ConcurrentGCThread "G1 Conc#1" [stack: 0x00000074e1900000,0x00000074e1a00000] [id=15540]
  0x0000024e6aeec000 ConcurrentGCThread "G1 Conc#2" [stack: 0x00000074e1a00000,0x00000074e1b00000] [id=9492]
  0x0000024e690d1800 ConcurrentGCThread "G1 Refine#0" [stack: 0x00000074df500000,0x00000074df600000] [id=5136]
  0x0000024e6c758000 ConcurrentGCThread "G1 Refine#1" [stack: 0x00000074e1500000,0x00000074e1600000] [id=596]
  0x0000024e4aeea000 ConcurrentGCThread "G1 Young RemSet Sampling" [stack: 0x00000074df600000,0x00000074df700000] [id=16484]

Threads with active compile tasks:
C2 CompilerThread0  28990 12093 %     4       org.gradle.internal.instantiation.generator.AbstractClassGenerator::inspectType @ 32 (560 bytes)

VM state:not at safepoint (normal execution)

VM Mutex/Monitor currently owned by a thread: None

Heap address: 0x0000000080000000, size: 2048 MB, Compressed Oops mode: 32-bit
Narrow klass base: 0x0000000000000000, Narrow klass shift: 3
Compressed class space size: 528482304 Address: 0x0000000100000000

Heap:
 garbage-first heap   total 210944K, used 133446K [0x0000000080000000, 0x0000000100000000)
  region size 1024K, 8 young (8192K), 2 survivors (2048K)
 Metaspace       used 101178K, capacity 105121K, committed 105416K, reserved 608256K
  class space    used 13401K, capacity 14896K, committed 14976K, reserved 516096K
Heap Regions: E=young(eden), S=young(survivor), O=old, HS=humongous(starts), HC=humongous(continues), CS=collection set, F=free, A=archive, TAMS=top-at-mark-start (previous, next)
|   0|0x0000000080000000, 0x0000000080100000, 0x0000000080100000|100%| O|  |TAMS 0x0000000080100000, 0x0000000080000000| Untracked 
|   1|0x0000000080100000, 0x0000000080200000, 0x0000000080200000|100%| O|  |TAMS 0x0000000080200000, 0x0000000080100000| Untracked 
|   2|0x0000000080200000, 0x0000000080300000, 0x0000000080300000|100%| O|  |TAMS 0x0000000080300000, 0x0000000080200000| Untracked 
|   3|0x0000000080300000, 0x0000000080400000, 0x0000000080400000|100%|HS|  |TAMS 0x0000000080400000, 0x0000000080300000| Complete 
|   4|0x0000000080400000, 0x0000000080500000, 0x0000000080500000|100%|HC|  |TAMS 0x0000000080500000, 0x0000000080400000| Complete 
|   5|0x0000000080500000, 0x0000000080600000, 0x0000000080600000|100%|HC|  |TAMS 0x0000000080600000, 0x0000000080500000| Complete 
|   6|0x0000000080600000, 0x0000000080700000, 0x0000000080700000|100%| O|  |TAMS 0x0000000080700000, 0x0000000080600000| Untracked 
|   7|0x0000000080700000, 0x0000000080800000, 0x0000000080800000|100%| O|  |TAMS 0x0000000080800000, 0x0000000080700000| Untracked 
|   8|0x0000000080800000, 0x0000000080900000, 0x0000000080900000|100%| O|  |TAMS 0x0000000080900000, 0x0000000080800000| Untracked 
|   9|0x0000000080900000, 0x0000000080a00000, 0x0000000080a00000|100%| O|  |TAMS 0x0000000080a00000, 0x0000000080900000| Untracked 
|  10|0x0000000080a00000, 0x0000000080b00000, 0x0000000080b00000|100%| O|  |TAMS 0x0000000080b00000, 0x0000000080a00000| Untracked 
|  11|0x0000000080b00000, 0x0000000080c00000, 0x0000000080c00000|100%| O|  |TAMS 0x0000000080c00000, 0x0000000080b00000| Untracked 
|  12|0x0000000080c00000, 0x0000000080d00000, 0x0000000080d00000|100%| O|  |TAMS 0x0000000080d00000, 0x0000000080c00000| Untracked 
|  13|0x0000000080d00000, 0x0000000080e00000, 0x0000000080e00000|100%| O|  |TAMS 0x0000000080e00000, 0x0000000080d00000| Untracked 
|  14|0x0000000080e00000, 0x0000000080f00000, 0x0000000080f00000|100%| O|  |TAMS 0x0000000080f00000, 0x0000000080e00000| Untracked 
|  15|0x0000000080f00000, 0x0000000081000000, 0x0000000081000000|100%| O|  |TAMS 0x0000000081000000, 0x0000000080f00000| Untracked 
|  16|0x0000000081000000, 0x0000000081100000, 0x0000000081100000|100%| O|  |TAMS 0x0000000081100000, 0x0000000081000000| Untracked 
|  17|0x0000000081100000, 0x0000000081200000, 0x0000000081200000|100%|HS|  |TAMS 0x0000000081200000, 0x0000000081100000| Complete 
|  18|0x0000000081200000, 0x0000000081300000, 0x0000000081300000|100%| O|  |TAMS 0x0000000081300000, 0x0000000081200000| Untracked 
|  19|0x0000000081300000, 0x0000000081400000, 0x0000000081400000|100%| O|  |TAMS 0x0000000081400000, 0x0000000081300000| Untracked 
|  20|0x0000000081400000, 0x0000000081500000, 0x0000000081500000|100%| O|  |TAMS 0x0000000081500000, 0x0000000081400000| Untracked 
|  21|0x0000000081500000, 0x0000000081600000, 0x0000000081600000|100%| O|  |TAMS 0x0000000081600000, 0x0000000081500000| Untracked 
|  22|0x0000000081600000, 0x0000000081700000, 0x0000000081700000|100%| O|  |TAMS 0x0000000081700000, 0x0000000081600000| Untracked 
|  23|0x0000000081700000, 0x0000000081800000, 0x0000000081800000|100%| O|  |TAMS 0x0000000081800000, 0x0000000081700000| Untracked 
|  24|0x0000000081800000, 0x0000000081900000, 0x0000000081900000|100%| O|  |TAMS 0x0000000081900000, 0x0000000081800000| Untracked 
|  25|0x0000000081900000, 0x0000000081a00000, 0x0000000081a00000|100%| O|  |TAMS 0x0000000081a00000, 0x0000000081900000| Untracked 
|  26|0x0000000081a00000, 0x0000000081b00000, 0x0000000081b00000|100%| O|  |TAMS 0x0000000081b00000, 0x0000000081a00000| Untracked 
|  27|0x0000000081b00000, 0x0000000081c00000, 0x0000000081c00000|100%| O|  |TAMS 0x0000000081c00000, 0x0000000081b00000| Untracked 
|  28|0x0000000081c00000, 0x0000000081d00000, 0x0000000081d00000|100%| O|  |TAMS 0x0000000081d00000, 0x0000000081c00000| Untracked 
|  29|0x0000000081d00000, 0x0000000081e00000, 0x0000000081e00000|100%|HS|  |TAMS 0x0000000081e00000, 0x0000000081d00000| Complete 
|  30|0x0000000081e00000, 0x0000000081f00000, 0x0000000081f00000|100%|HC|  |TAMS 0x0000000081f00000, 0x0000000081e00000| Complete 
|  31|0x0000000081f00000, 0x0000000082000000, 0x0000000082000000|100%|HC|  |TAMS 0x0000000082000000, 0x0000000081f00000| Complete 
|  32|0x0000000082000000, 0x0000000082100000, 0x0000000082100000|100%| O|  |TAMS 0x0000000082100000, 0x0000000082000000| Untracked 
|  33|0x0000000082100000, 0x0000000082200000, 0x0000000082200000|100%| O|  |TAMS 0x0000000082200000, 0x0000000082100000| Untracked 
|  34|0x0000000082200000, 0x0000000082300000, 0x0000000082300000|100%| O|  |TAMS 0x0000000082300000, 0x0000000082200000| Untracked 
|  35|0x0000000082300000, 0x0000000082400000, 0x0000000082400000|100%| O|  |TAMS 0x0000000082400000, 0x0000000082300000| Untracked 
|  36|0x0000000082400000, 0x0000000082500000, 0x0000000082500000|100%| O|  |TAMS 0x0000000082500000, 0x0000000082400000| Untracked 
|  37|0x0000000082500000, 0x0000000082600000, 0x0000000082600000|100%| O|  |TAMS 0x0000000082600000, 0x0000000082500000| Untracked 
|  38|0x0000000082600000, 0x0000000082700000, 0x0000000082700000|100%| O|  |TAMS 0x0000000082700000, 0x0000000082600000| Untracked 
|  39|0x0000000082700000, 0x0000000082800000, 0x0000000082800000|100%| O|  |TAMS 0x0000000082800000, 0x0000000082700000| Untracked 
|  40|0x0000000082800000, 0x0000000082900000, 0x0000000082900000|100%| O|  |TAMS 0x0000000082900000, 0x0000000082800000| Untracked 
|  41|0x0000000082900000, 0x0000000082a00000, 0x0000000082a00000|100%| O|  |TAMS 0x0000000082a00000, 0x0000000082900000| Untracked 
|  42|0x0000000082a00000, 0x0000000082b00000, 0x0000000082b00000|100%| O|  |TAMS 0x0000000082b00000, 0x0000000082a00000| Untracked 
|  43|0x0000000082b00000, 0x0000000082c00000, 0x0000000082c00000|100%| O|  |TAMS 0x0000000082c00000, 0x0000000082b00000| Untracked 
|  44|0x0000000082c00000, 0x0000000082d00000, 0x0000000082d00000|100%| O|  |TAMS 0x0000000082d00000, 0x0000000082c00000| Untracked 
|  45|0x0000000082d00000, 0x0000000082e00000, 0x0000000082e00000|100%| O|  |TAMS 0x0000000082e00000, 0x0000000082d00000| Untracked 
|  46|0x0000000082e00000, 0x0000000082f00000, 0x0000000082f00000|100%|HS|  |TAMS 0x0000000082f00000, 0x0000000082e00000| Complete 
|  47|0x0000000082f00000, 0x0000000083000000, 0x0000000083000000|100%|HS|  |TAMS 0x0000000083000000, 0x0000000082f00000| Complete 
|  48|0x0000000083000000, 0x0000000083100000, 0x0000000083100000|100%|HS|  |TAMS 0x0000000083100000, 0x0000000083000000| Complete 
|  49|0x0000000083100000, 0x0000000083200000, 0x0000000083200000|100%|HC|  |TAMS 0x0000000083200000, 0x0000000083100000| Complete 
|  50|0x0000000083200000, 0x0000000083300000, 0x0000000083300000|100%| O|  |TAMS 0x0000000083300000, 0x0000000083200000| Untracked 
|  51|0x0000000083300000, 0x0000000083400000, 0x0000000083400000|100%| O|  |TAMS 0x0000000083400000, 0x0000000083300000| Untracked 
|  52|0x0000000083400000, 0x0000000083500000, 0x0000000083500000|100%| O|  |TAMS 0x0000000083500000, 0x0000000083400000| Untracked 
|  53|0x0000000083500000, 0x0000000083600000, 0x0000000083600000|100%| O|  |TAMS 0x0000000083600000, 0x0000000083500000| Untracked 
|  54|0x0000000083600000, 0x0000000083700000, 0x0000000083700000|100%| O|  |TAMS 0x0000000083700000, 0x0000000083600000| Untracked 
|  55|0x0000000083700000, 0x0000000083800000, 0x0000000083800000|100%| O|  |TAMS 0x0000000083800000, 0x0000000083700000| Untracked 
|  56|0x0000000083800000, 0x0000000083900000, 0x0000000083900000|100%| O|  |TAMS 0x0000000083900000, 0x0000000083800000| Untracked 
|  57|0x0000000083900000, 0x0000000083a00000, 0x0000000083a00000|100%| O|  |TAMS 0x0000000083a00000, 0x0000000083900000| Untracked 
|  58|0x0000000083a00000, 0x0000000083b00000, 0x0000000083b00000|100%| O|  |TAMS 0x0000000083b00000, 0x0000000083a00000| Untracked 
|  59|0x0000000083b00000, 0x0000000083c00000, 0x0000000083c00000|100%| O|  |TAMS 0x0000000083c00000, 0x0000000083b00000| Untracked 
|  60|0x0000000083c00000, 0x0000000083d00000, 0x0000000083d00000|100%| O|  |TAMS 0x0000000083d00000, 0x0000000083c00000| Untracked 
|  61|0x0000000083d00000, 0x0000000083e00000, 0x0000000083e00000|100%| O|  |TAMS 0x0000000083e00000, 0x0000000083d00000| Untracked 
|  62|0x0000000083e00000, 0x0000000083f00000, 0x0000000083f00000|100%| O|  |TAMS 0x0000000083f00000, 0x0000000083e00000| Untracked 
|  63|0x0000000083f00000, 0x0000000084000000, 0x0000000084000000|100%| O|  |TAMS 0x0000000084000000, 0x0000000083f00000| Untracked 
|  64|0x0000000084000000, 0x0000000084100000, 0x0000000084100000|100%| O|  |TAMS 0x0000000084100000, 0x0000000084000000| Untracked 
|  65|0x0000000084100000, 0x0000000084200000, 0x0000000084200000|100%| O|  |TAMS 0x0000000084200000, 0x0000000084100000| Untracked 
|  66|0x0000000084200000, 0x0000000084300000, 0x0000000084300000|100%| O|  |TAMS 0x0000000084300000, 0x0000000084200000| Untracked 
|  67|0x0000000084300000, 0x0000000084400000, 0x0000000084400000|100%| O|  |TAMS 0x0000000084400000, 0x0000000084300000| Untracked 
|  68|0x0000000084400000, 0x0000000084500000, 0x0000000084500000|100%| O|  |TAMS 0x0000000084500000, 0x0000000084400000| Untracked 
|  69|0x0000000084500000, 0x0000000084600000, 0x0000000084600000|100%| O|  |TAMS 0x0000000084600000, 0x0000000084500000| Untracked 
|  70|0x0000000084600000, 0x0000000084700000, 0x0000000084700000|100%| O|  |TAMS 0x0000000084700000, 0x0000000084600000| Untracked 
|  71|0x0000000084700000, 0x0000000084800000, 0x0000000084800000|100%| O|  |TAMS 0x0000000084800000, 0x0000000084700000| Untracked 
|  72|0x0000000084800000, 0x0000000084900000, 0x0000000084900000|100%| O|  |TAMS 0x0000000084900000, 0x0000000084800000| Untracked 
|  73|0x0000000084900000, 0x0000000084a00000, 0x0000000084a00000|100%| O|  |TAMS 0x0000000084a00000, 0x0000000084900000| Untracked 
|  74|0x0000000084a00000, 0x0000000084b00000, 0x0000000084b00000|100%| O|  |TAMS 0x0000000084b00000, 0x0000000084a00000| Untracked 
|  75|0x0000000084b00000, 0x0000000084c00000, 0x0000000084c00000|100%| O|  |TAMS 0x0000000084c00000, 0x0000000084b00000| Untracked 
|  76|0x0000000084c00000, 0x0000000084d00000, 0x0000000084d00000|100%| O|  |TAMS 0x0000000084d00000, 0x0000000084c00000| Untracked 
|  77|0x0000000084d00000, 0x0000000084e00000, 0x0000000084e00000|100%| O|  |TAMS 0x0000000084e00000, 0x0000000084d00000| Untracked 
|  78|0x0000000084e00000, 0x0000000084f00000, 0x0000000084f00000|100%| O|  |TAMS 0x0000000084f00000, 0x0000000084e00000| Untracked 
|  79|0x0000000084f00000, 0x0000000085000000, 0x0000000085000000|100%| O|  |TAMS 0x0000000085000000, 0x0000000084f00000| Untracked 
|  80|0x0000000085000000, 0x0000000085100000, 0x0000000085100000|100%| O|  |TAMS 0x0000000085100000, 0x0000000085000000| Untracked 
|  81|0x0000000085100000, 0x0000000085200000, 0x0000000085200000|100%| O|  |TAMS 0x0000000085200000, 0x0000000085100000| Untracked 
|  82|0x0000000085200000, 0x0000000085300000, 0x0000000085300000|100%| O|  |TAMS 0x0000000085300000, 0x0000000085200000| Untracked 
|  83|0x0000000085300000, 0x0000000085400000, 0x0000000085400000|100%| O|  |TAMS 0x0000000085400000, 0x0000000085300000| Untracked 
|  84|0x0000000085400000, 0x0000000085500000, 0x0000000085500000|100%| O|  |TAMS 0x0000000085500000, 0x0000000085400000| Untracked 
|  85|0x0000000085500000, 0x0000000085600000, 0x0000000085600000|100%|HS|  |TAMS 0x0000000085600000, 0x0000000085500000| Complete 
|  86|0x0000000085600000, 0x0000000085700000, 0x0000000085700000|100%|HS|  |TAMS 0x0000000085700000, 0x0000000085600000| Complete 
|  87|0x0000000085700000, 0x0000000085800000, 0x0000000085800000|100%|HC|  |TAMS 0x0000000085800000, 0x0000000085700000| Complete 
|  88|0x0000000085800000, 0x0000000085900000, 0x0000000085900000|100%|HC|  |TAMS 0x0000000085900000, 0x0000000085800000| Complete 
|  89|0x0000000085900000, 0x0000000085a00000, 0x0000000085a00000|100%| O|  |TAMS 0x0000000085a00000, 0x0000000085900000| Untracked 
|  90|0x0000000085a00000, 0x0000000085b00000, 0x0000000085b00000|100%| O|  |TAMS 0x0000000085b00000, 0x0000000085a00000| Untracked 
|  91|0x0000000085b00000, 0x0000000085c00000, 0x0000000085c00000|100%| O|  |TAMS 0x0000000085c00000, 0x0000000085b00000| Untracked 
|  92|0x0000000085c00000, 0x0000000085d00000, 0x0000000085d00000|100%| O|  |TAMS 0x0000000085d00000, 0x0000000085c00000| Untracked 
|  93|0x0000000085d00000, 0x0000000085e00000, 0x0000000085e00000|100%| O|  |TAMS 0x0000000085e00000, 0x0000000085d00000| Untracked 
|  94|0x0000000085e00000, 0x0000000085f00000, 0x0000000085f00000|100%| O|  |TAMS 0x0000000085f00000, 0x0000000085e00000| Untracked 
|  95|0x0000000085f00000, 0x0000000086000000, 0x0000000086000000|100%| O|  |TAMS 0x0000000086000000, 0x0000000085f00000| Untracked 
|  96|0x0000000086000000, 0x0000000086100000, 0x0000000086100000|100%| O|  |TAMS 0x0000000086100000, 0x0000000086000000| Untracked 
|  97|0x0000000086100000, 0x0000000086200000, 0x0000000086200000|100%| O|  |TAMS 0x0000000086200000, 0x0000000086100000| Untracked 
|  98|0x0000000086200000, 0x0000000086300000, 0x0000000086300000|100%| O|  |TAMS 0x0000000086300000, 0x0000000086200000| Untracked 
|  99|0x0000000086300000, 0x0000000086400000, 0x0000000086400000|100%|HS|  |TAMS 0x0000000086400000, 0x0000000086300000| Complete 
| 100|0x0000000086400000, 0x0000000086500000, 0x0000000086500000|100%| O|  |TAMS 0x0000000086500000, 0x0000000086400000| Untracked 
| 101|0x0000000086500000, 0x0000000086600000, 0x0000000086600000|100%| O|  |TAMS 0x0000000086600000, 0x0000000086500000| Untracked 
| 102|0x0000000086600000, 0x0000000086700000, 0x0000000086700000|100%| O|  |TAMS 0x0000000086700000, 0x0000000086600000| Untracked 
| 103|0x0000000086700000, 0x0000000086800000, 0x0000000086800000|100%| O|  |TAMS 0x0000000086800000, 0x0000000086700000| Untracked 
| 104|0x0000000086800000, 0x0000000086900000, 0x0000000086900000|100%| O|  |TAMS 0x0000000086900000, 0x0000000086800000| Untracked 
| 105|0x0000000086900000, 0x0000000086a00000, 0x0000000086a00000|100%| O|  |TAMS 0x0000000086a00000, 0x0000000086900000| Untracked 
| 106|0x0000000086a00000, 0x0000000086b00000, 0x0000000086b00000|100%|HS|  |TAMS 0x0000000086b00000, 0x0000000086a00000| Complete 
| 107|0x0000000086b00000, 0x0000000086c00000, 0x0000000086c00000|100%|HC|  |TAMS 0x0000000086c00000, 0x0000000086b00000| Complete 
| 108|0x0000000086c00000, 0x0000000086d00000, 0x0000000086d00000|100%|HC|  |TAMS 0x0000000086d00000, 0x0000000086c00000| Complete 
| 109|0x0000000086d00000, 0x0000000086e00000, 0x0000000086e00000|100%| O|  |TAMS 0x0000000086e00000, 0x0000000086d00000| Untracked 
| 110|0x0000000086e00000, 0x0000000086f00000, 0x0000000086f00000|100%| O|  |TAMS 0x0000000086f00000, 0x0000000086e00000| Untracked 
| 111|0x0000000086f00000, 0x0000000087000000, 0x0000000087000000|100%| O|  |TAMS 0x0000000087000000, 0x0000000086f00000| Untracked 
| 112|0x0000000087000000, 0x0000000087100000, 0x0000000087100000|100%| O|  |TAMS 0x0000000087100000, 0x0000000087000000| Untracked 
| 113|0x0000000087100000, 0x0000000087200000, 0x0000000087200000|100%| O|  |TAMS 0x0000000087200000, 0x0000000087100000| Untracked 
| 114|0x0000000087200000, 0x0000000087300000, 0x0000000087300000|100%| O|  |TAMS 0x0000000087300000, 0x0000000087200000| Untracked 
| 115|0x0000000087300000, 0x0000000087400000, 0x0000000087400000|100%| O|  |TAMS 0x0000000087400000, 0x0000000087300000| Untracked 
| 116|0x0000000087400000, 0x0000000087500000, 0x0000000087500000|100%| O|  |TAMS 0x0000000087500000, 0x0000000087400000| Untracked 
| 117|0x0000000087500000, 0x0000000087600000, 0x0000000087600000|100%| O|  |TAMS 0x0000000087600000, 0x0000000087500000| Untracked 
| 118|0x0000000087600000, 0x0000000087700000, 0x0000000087700000|100%| O|  |TAMS 0x0000000087625800, 0x0000000087600000| Untracked 
| 119|0x0000000087700000, 0x0000000087800000, 0x0000000087800000|100%| O|  |TAMS 0x0000000087700000, 0x0000000087700000| Untracked 
| 120|0x0000000087800000, 0x0000000087900000, 0x0000000087900000|100%| O|  |TAMS 0x0000000087800000, 0x0000000087800000| Untracked 
| 121|0x0000000087900000, 0x0000000087a00000, 0x0000000087a00000|100%| O|  |TAMS 0x0000000087900000, 0x0000000087900000| Untracked 
| 122|0x0000000087a00000, 0x0000000087b00000, 0x0000000087b00000|100%| O|  |TAMS 0x0000000087a00000, 0x0000000087a00000| Untracked 
| 123|0x0000000087b00000, 0x0000000087b51a00, 0x0000000087c00000| 31%| O|  |TAMS 0x0000000087b00000, 0x0000000087b00000| Untracked 
| 124|0x0000000087c00000, 0x0000000087c00000, 0x0000000087d00000|  0%| F|  |TAMS 0x0000000087c00000, 0x0000000087c00000| Untracked 
| 125|0x0000000087d00000, 0x0000000087d00000, 0x0000000087e00000|  0%| F|  |TAMS 0x0000000087d00000, 0x0000000087d00000| Untracked 
| 126|0x0000000087e00000, 0x0000000087e00000, 0x0000000087f00000|  0%| F|  |TAMS 0x0000000087e00000, 0x0000000087e00000| Untracked 
| 127|0x0000000087f00000, 0x0000000087f00000, 0x0000000088000000|  0%| F|  |TAMS 0x0000000087f00000, 0x0000000087f00000| Untracked 
| 128|0x0000000088000000, 0x0000000088000000, 0x0000000088100000|  0%| F|  |TAMS 0x0000000088000000, 0x0000000088000000| Untracked 
| 129|0x0000000088100000, 0x0000000088100000, 0x0000000088200000|  0%| F|  |TAMS 0x0000000088100000, 0x0000000088100000| Untracked 
| 130|0x0000000088200000, 0x0000000088200000, 0x0000000088300000|  0%| F|  |TAMS 0x0000000088200000, 0x0000000088200000| Untracked 
| 131|0x0000000088300000, 0x0000000088300000, 0x0000000088400000|  0%| F|  |TAMS 0x0000000088300000, 0x0000000088300000| Untracked 
| 132|0x0000000088400000, 0x0000000088400000, 0x0000000088500000|  0%| F|  |TAMS 0x0000000088400000, 0x0000000088400000| Untracked 
| 133|0x0000000088500000, 0x0000000088500000, 0x0000000088600000|  0%| F|  |TAMS 0x0000000088500000, 0x0000000088500000| Untracked 
| 134|0x0000000088600000, 0x0000000088600000, 0x0000000088700000|  0%| F|  |TAMS 0x0000000088600000, 0x0000000088600000| Untracked 
| 135|0x0000000088700000, 0x0000000088700000, 0x0000000088800000|  0%| F|  |TAMS 0x0000000088700000, 0x0000000088700000| Untracked 
| 136|0x0000000088800000, 0x0000000088800000, 0x0000000088900000|  0%| F|  |TAMS 0x0000000088800000, 0x0000000088800000| Untracked 
| 137|0x0000000088900000, 0x0000000088900000, 0x0000000088a00000|  0%| F|  |TAMS 0x0000000088900000, 0x0000000088900000| Untracked 
| 138|0x0000000088a00000, 0x0000000088a00000, 0x0000000088b00000|  0%| F|  |TAMS 0x0000000088a00000, 0x0000000088a00000| Untracked 
| 139|0x0000000088b00000, 0x0000000088b00000, 0x0000000088c00000|  0%| F|  |TAMS 0x0000000088b00000, 0x0000000088b00000| Untracked 
| 140|0x0000000088c00000, 0x0000000088c00000, 0x0000000088d00000|  0%| F|  |TAMS 0x0000000088c00000, 0x0000000088c00000| Untracked 
| 141|0x0000000088d00000, 0x0000000088d00000, 0x0000000088e00000|  0%| F|  |TAMS 0x0000000088d00000, 0x0000000088d00000| Untracked 
| 142|0x0000000088e00000, 0x0000000088e00000, 0x0000000088f00000|  0%| F|  |TAMS 0x0000000088e00000, 0x0000000088e00000| Untracked 
| 143|0x0000000088f00000, 0x0000000088f00000, 0x0000000089000000|  0%| F|  |TAMS 0x0000000088f00000, 0x0000000088f00000| Untracked 
| 144|0x0000000089000000, 0x0000000089000000, 0x0000000089100000|  0%| F|  |TAMS 0x0000000089000000, 0x0000000089000000| Untracked 
| 145|0x0000000089100000, 0x0000000089100000, 0x0000000089200000|  0%| F|  |TAMS 0x0000000089100000, 0x0000000089100000| Untracked 
| 146|0x0000000089200000, 0x0000000089200000, 0x0000000089300000|  0%| F|  |TAMS 0x0000000089200000, 0x0000000089200000| Untracked 
| 147|0x0000000089300000, 0x0000000089300000, 0x0000000089400000|  0%| F|  |TAMS 0x0000000089300000, 0x0000000089300000| Untracked 
| 148|0x0000000089400000, 0x0000000089400000, 0x0000000089500000|  0%| F|  |TAMS 0x0000000089400000, 0x0000000089400000| Untracked 
| 149|0x0000000089500000, 0x0000000089500000, 0x0000000089600000|  0%| F|  |TAMS 0x0000000089500000, 0x0000000089500000| Untracked 
| 150|0x0000000089600000, 0x0000000089600000, 0x0000000089700000|  0%| F|  |TAMS 0x0000000089600000, 0x0000000089600000| Untracked 
| 151|0x0000000089700000, 0x0000000089700000, 0x0000000089800000|  0%| F|  |TAMS 0x0000000089700000, 0x0000000089700000| Untracked 
| 152|0x0000000089800000, 0x0000000089800000, 0x0000000089900000|  0%| F|  |TAMS 0x0000000089800000, 0x0000000089800000| Untracked 
| 153|0x0000000089900000, 0x0000000089900000, 0x0000000089a00000|  0%| F|  |TAMS 0x0000000089900000, 0x0000000089900000| Untracked 
| 154|0x0000000089a00000, 0x0000000089a00000, 0x0000000089b00000|  0%| F|  |TAMS 0x0000000089a00000, 0x0000000089a00000| Untracked 
| 155|0x0000000089b00000, 0x0000000089b00000, 0x0000000089c00000|  0%| F|  |TAMS 0x0000000089b00000, 0x0000000089b00000| Untracked 
| 156|0x0000000089c00000, 0x0000000089c00000, 0x0000000089d00000|  0%| F|  |TAMS 0x0000000089c00000, 0x0000000089c00000| Untracked 
| 157|0x0000000089d00000, 0x0000000089d00000, 0x0000000089e00000|  0%| F|  |TAMS 0x0000000089d00000, 0x0000000089d00000| Untracked 
| 158|0x0000000089e00000, 0x0000000089e00000, 0x0000000089f00000|  0%| F|  |TAMS 0x0000000089e00000, 0x0000000089e00000| Untracked 
| 159|0x0000000089f00000, 0x0000000089f00000, 0x000000008a000000|  0%| F|  |TAMS 0x0000000089f00000, 0x0000000089f00000| Untracked 
| 160|0x000000008a000000, 0x000000008a000000, 0x000000008a100000|  0%| F|  |TAMS 0x000000008a000000, 0x000000008a000000| Untracked 
| 161|0x000000008a100000, 0x000000008a100000, 0x000000008a200000|  0%| F|  |TAMS 0x000000008a100000, 0x000000008a100000| Untracked 
| 162|0x000000008a200000, 0x000000008a200000, 0x000000008a300000|  0%| F|  |TAMS 0x000000008a200000, 0x000000008a200000| Untracked 
| 163|0x000000008a300000, 0x000000008a300000, 0x000000008a400000|  0%| F|  |TAMS 0x000000008a300000, 0x000000008a300000| Untracked 
| 164|0x000000008a400000, 0x000000008a400000, 0x000000008a500000|  0%| F|  |TAMS 0x000000008a400000, 0x000000008a400000| Untracked 
| 165|0x000000008a500000, 0x000000008a500000, 0x000000008a600000|  0%| F|  |TAMS 0x000000008a500000, 0x000000008a500000| Untracked 
| 166|0x000000008a600000, 0x000000008a600000, 0x000000008a700000|  0%| F|  |TAMS 0x000000008a600000, 0x000000008a600000| Untracked 
| 167|0x000000008a700000, 0x000000008a700000, 0x000000008a800000|  0%| F|  |TAMS 0x000000008a700000, 0x000000008a700000| Untracked 
| 168|0x000000008a800000, 0x000000008a800000, 0x000000008a900000|  0%| F|  |TAMS 0x000000008a800000, 0x000000008a800000| Untracked 
| 169|0x000000008a900000, 0x000000008aa00000, 0x000000008aa00000|100%| S|CS|TAMS 0x000000008a900000, 0x000000008a900000| Complete 
| 170|0x000000008aa00000, 0x000000008aa00000, 0x000000008ab00000|  0%| F|  |TAMS 0x000000008aa00000, 0x000000008aa00000| Untracked 
| 171|0x000000008ab00000, 0x000000008ab00000, 0x000000008ac00000|  0%| F|  |TAMS 0x000000008ab00000, 0x000000008ab00000| Untracked 
| 172|0x000000008ac00000, 0x000000008ac00000, 0x000000008ad00000|  0%| F|  |TAMS 0x000000008ac00000, 0x000000008ac00000| Untracked 
| 173|0x000000008ad00000, 0x000000008ad00000, 0x000000008ae00000|  0%| F|  |TAMS 0x000000008ad00000, 0x000000008ad00000| Untracked 
| 174|0x000000008ae00000, 0x000000008ae00000, 0x000000008af00000|  0%| F|  |TAMS 0x000000008ae00000, 0x000000008ae00000| Untracked 
| 175|0x000000008af00000, 0x000000008b000000, 0x000000008b000000|100%| S|CS|TAMS 0x000000008af00000, 0x000000008af00000| Complete 
| 176|0x000000008b000000, 0x000000008b000000, 0x000000008b100000|  0%| F|  |TAMS 0x000000008b000000, 0x000000008b000000| Untracked 
| 177|0x000000008b100000, 0x000000008b100000, 0x000000008b200000|  0%| F|  |TAMS 0x000000008b100000, 0x000000008b100000| Untracked 
| 178|0x000000008b200000, 0x000000008b200000, 0x000000008b300000|  0%| F|  |TAMS 0x000000008b200000, 0x000000008b200000| Untracked 
| 179|0x000000008b300000, 0x000000008b300000, 0x000000008b400000|  0%| F|  |TAMS 0x000000008b300000, 0x000000008b300000| Untracked 
| 180|0x000000008b400000, 0x000000008b400000, 0x000000008b500000|  0%| F|  |TAMS 0x000000008b400000, 0x000000008b400000| Untracked 
| 181|0x000000008b500000, 0x000000008b500000, 0x000000008b600000|  0%| F|  |TAMS 0x000000008b500000, 0x000000008b500000| Untracked 
| 182|0x000000008b600000, 0x000000008b600000, 0x000000008b700000|  0%| F|  |TAMS 0x000000008b600000, 0x000000008b600000| Untracked 
| 183|0x000000008b700000, 0x000000008b700000, 0x000000008b800000|  0%| F|  |TAMS 0x000000008b700000, 0x000000008b700000| Untracked 
| 184|0x000000008b800000, 0x000000008b800000, 0x000000008b900000|  0%| F|  |TAMS 0x000000008b800000, 0x000000008b800000| Untracked 
| 185|0x000000008b900000, 0x000000008b900000, 0x000000008ba00000|  0%| F|  |TAMS 0x000000008b900000, 0x000000008b900000| Untracked 
| 186|0x000000008ba00000, 0x000000008ba00000, 0x000000008bb00000|  0%| F|  |TAMS 0x000000008ba00000, 0x000000008ba00000| Untracked 
| 187|0x000000008bb00000, 0x000000008bb00000, 0x000000008bc00000|  0%| F|  |TAMS 0x000000008bb00000, 0x000000008bb00000| Untracked 
| 188|0x000000008bc00000, 0x000000008bc00000, 0x000000008bd00000|  0%| F|  |TAMS 0x000000008bc00000, 0x000000008bc00000| Untracked 
| 189|0x000000008bd00000, 0x000000008bd00000, 0x000000008be00000|  0%| F|  |TAMS 0x000000008bd00000, 0x000000008bd00000| Untracked 
| 190|0x000000008be00000, 0x000000008be00000, 0x000000008bf00000|  0%| F|  |TAMS 0x000000008be00000, 0x000000008be00000| Untracked 
| 191|0x000000008bf00000, 0x000000008bf00000, 0x000000008c000000|  0%| F|  |TAMS 0x000000008bf00000, 0x000000008bf00000| Untracked 
| 192|0x000000008c000000, 0x000000008c000000, 0x000000008c100000|  0%| F|  |TAMS 0x000000008c000000, 0x000000008c000000| Untracked 
| 193|0x000000008c100000, 0x000000008c100000, 0x000000008c200000|  0%| F|  |TAMS 0x000000008c100000, 0x000000008c100000| Untracked 
| 194|0x000000008c200000, 0x000000008c200000, 0x000000008c300000|  0%| F|  |TAMS 0x000000008c200000, 0x000000008c200000| Untracked 
| 195|0x000000008c300000, 0x000000008c300000, 0x000000008c400000|  0%| F|  |TAMS 0x000000008c300000, 0x000000008c300000| Untracked 
| 196|0x000000008c400000, 0x000000008c400000, 0x000000008c500000|  0%| F|  |TAMS 0x000000008c400000, 0x000000008c400000| Untracked 
| 197|0x000000008c500000, 0x000000008c500000, 0x000000008c600000|  0%| F|  |TAMS 0x000000008c500000, 0x000000008c500000| Untracked 
| 198|0x000000008c600000, 0x000000008c600000, 0x000000008c700000|  0%| F|  |TAMS 0x000000008c600000, 0x000000008c600000| Untracked 
| 199|0x000000008c700000, 0x000000008c780800, 0x000000008c800000| 50%| E|  |TAMS 0x000000008c700000, 0x000000008c700000| Complete 
| 200|0x000000008c800000, 0x000000008c900000, 0x000000008c900000|100%| E|CS|TAMS 0x000000008c800000, 0x000000008c800000| Complete 
| 201|0x000000008c900000, 0x000000008ca00000, 0x000000008ca00000|100%| E|CS|TAMS 0x000000008c900000, 0x000000008c900000| Complete 
| 202|0x000000008ca00000, 0x000000008cb00000, 0x000000008cb00000|100%| E|CS|TAMS 0x000000008ca00000, 0x000000008ca00000| Complete 
| 203|0x000000008cb00000, 0x000000008cc00000, 0x000000008cc00000|100%| E|CS|TAMS 0x000000008cb00000, 0x000000008cb00000| Complete 
| 204|0x000000008cc00000, 0x000000008cd00000, 0x000000008cd00000|100%| E|CS|TAMS 0x000000008cc00000, 0x000000008cc00000| Complete 
| 205|0x000000008cd00000, 0x000000008ce00000, 0x000000008ce00000|100%| E|CS|TAMS 0x000000008cd00000, 0x000000008cd00000| Complete 

Card table byte_map: [0x0000024e61de0000,0x0000024e621e0000] _byte_map_base: 0x0000024e619e0000

Marking Bits (Prev, Next): (CMBitMap*) 0x0000024e4ae59d40, (CMBitMap*) 0x0000024e4ae59d08
 Prev Bits: [0x0000024e645e0000, 0x0000024e665e0000)
 Next Bits: [0x0000024e625e0000, 0x0000024e645e0000)

Polling page: 0x0000024e4a5f0000

Metaspace:

Usage:
  Non-class:     88.18 MB capacity,    85.76 MB ( 97%) used,     2.12 MB (  2%) free+waste,   304.44 KB ( <1%) overhead. 
      Class:     14.58 MB capacity,    13.10 MB ( 90%) used,     1.34 MB (  9%) free+waste,   147.75 KB ( <1%) overhead. 
       Both:    102.76 MB capacity,    98.86 MB ( 96%) used,     3.46 MB (  3%) free+waste,   452.19 KB ( <1%) overhead. 

Virtual space:
  Non-class space:       90.00 MB reserved,      88.32 MB ( 98%) committed 
      Class space:      504.00 MB reserved,      14.63 MB (  3%) committed 
             Both:      594.00 MB reserved,     102.95 MB ( 17%) committed 

Chunk freelists:
   Non-Class:  2.38 KB
       Class:  1.75 KB
        Both:  4.13 KB

CodeHeap 'non-profiled nmethods': size=120000Kb used=8457Kb max_used=8457Kb free=111542Kb
 bounds [0x0000024e59f60000, 0x0000024e5a7b0000, 0x0000024e61490000]
CodeHeap 'profiled nmethods': size=120000Kb used=26829Kb max_used=26829Kb free=93170Kb
 bounds [0x0000024e52a30000, 0x0000024e54470000, 0x0000024e59f60000]
CodeHeap 'non-nmethods': size=5760Kb used=2302Kb max_used=2384Kb free=3457Kb
 bounds [0x0000024e52490000, 0x0000024e52700000, 0x0000024e52a30000]
 total_blobs=12978 nmethods=12065 adapters=824
 compilation: enabled
              stopped_count=0, restarted_count=0
 full_count=0

Compilation events (10 events):
Event: 28.840 Thread 0x0000024e6c84f000 12096       4       java.lang.ClassLoader::findLoadedClass (16 bytes)
Event: 28.844 Thread 0x0000024e6c84f000 nmethod 12096 0x0000024e5a7a1410 code [0x0000024e5a7a15a0, 0x0000024e5a7a17c8]
Event: 28.847 Thread 0x0000024e6ce13000 12097       4       java.util.concurrent.ConcurrentHashMap$ValueIterator::next (34 bytes)
Event: 28.849 Thread 0x0000024e69299000 12098   !   3       jdk.internal.loader.BuiltinClassLoader::findResource (154 bytes)
Event: 28.849 Thread 0x0000024e6c84f000 12099       4       sun.nio.fs.WindowsPathParser::isSlash (18 bytes)
Event: 28.849 Thread 0x0000024e6c84f000 nmethod 12099 0x0000024e5a7a1a90 code [0x0000024e5a7a1c00, 0x0000024e5a7a1c58]
Event: 28.850 Thread 0x0000024e6ce13000 nmethod 12097 0x0000024e5a7a1d10 code [0x0000024e5a7a1ea0, 0x0000024e5a7a22b8]
Event: 28.850 Thread 0x0000024e69299000 nmethod 12098 0x0000024e5444e290 code [0x0000024e5444e5e0, 0x0000024e5444f9c8]
Event: 28.920 Thread 0x0000024e69299000 12100       3       sun.nio.fs.WindowsPathParser::normalize (233 bytes)
Event: 28.922 Thread 0x0000024e69299000 nmethod 12100 0x0000024e54450190 code [0x0000024e544507e0, 0x0000024e54453ce8]

GC Heap History (10 events):
Event: 27.456 GC heap before
{Heap before GC invocations=58 (full 0):
 garbage-first heap   total 175104K, used 133194K [0x0000000080000000, 0x0000000100000000)
  region size 1024K, 23 young (23552K), 3 survivors (3072K)
 Metaspace       used 93457K, capacity 97238K, committed 97352K, reserved 600064K
  class space    used 12411K, capacity 13820K, committed 13824K, reserved 516096K
}
Event: 27.459 GC heap after
{Heap after GC invocations=59 (full 0):
 garbage-first heap   total 175104K, used 115442K [0x0000000080000000, 0x0000000100000000)
  region size 1024K, 3 young (3072K), 3 survivors (3072K)
 Metaspace       used 93457K, capacity 97238K, committed 97352K, reserved 600064K
  class space    used 12411K, capacity 13820K, committed 13824K, reserved 516096K
}
Event: 27.709 GC heap before
{Heap before GC invocations=59 (full 0):
 garbage-first heap   total 175104K, used 135922K [0x0000000080000000, 0x0000000100000000)
  region size 1024K, 23 young (23552K), 3 survivors (3072K)
 Metaspace       used 94373K, capacity 98184K, committed 98248K, reserved 602112K
  class space    used 12531K, capacity 13948K, committed 13952K, reserved 516096K
}
Event: 27.713 GC heap after
{Heap after GC invocations=60 (full 0):
 garbage-first heap   total 175104K, used 118541K [0x0000000080000000, 0x0000000100000000)
  region size 1024K, 3 young (3072K), 3 survivors (3072K)
 Metaspace       used 94373K, capacity 98184K, committed 98248K, reserved 602112K
  class space    used 12531K, capacity 13948K, committed 13952K, reserved 516096K
}
Event: 27.944 GC heap before
{Heap before GC invocations=61 (full 0):
 garbage-first heap   total 175104K, used 139021K [0x0000000080000000, 0x0000000100000000)
  region size 1024K, 23 young (23552K), 3 survivors (3072K)
 Metaspace       used 95629K, capacity 99452K, committed 99784K, reserved 602112K
  class space    used 12691K, capacity 14088K, committed 14208K, reserved 516096K
}
Event: 27.949 GC heap after
{Heap after GC invocations=62 (full 0):
 garbage-first heap   total 210944K, used 120333K [0x0000000080000000, 0x0000000100000000)
  region size 1024K, 2 young (2048K), 2 survivors (2048K)
 Metaspace       used 95629K, capacity 99452K, committed 99784K, reserved 602112K
  class space    used 12691K, capacity 14088K, committed 14208K, reserved 516096K
}
Event: 28.467 GC heap before
{Heap before GC invocations=62 (full 0):
 garbage-first heap   total 210944K, used 152077K [0x0000000080000000, 0x0000000100000000)
  region size 1024K, 33 young (33792K), 2 survivors (2048K)
 Metaspace       used 98388K, capacity 102346K, committed 102472K, reserved 604160K
  class space    used 12985K, capacity 14470K, committed 14592K, reserved 516096K
}
Event: 28.474 GC heap after
{Heap after GC invocations=63 (full 0):
 garbage-first heap   total 210944K, used 126102K [0x0000000080000000, 0x0000000100000000)
  region size 1024K, 5 young (5120K), 5 survivors (5120K)
 Metaspace       used 98388K, capacity 102346K, committed 102472K, reserved 604160K
  class space    used 12985K, capacity 14470K, committed 14592K, reserved 516096K
}
Event: 28.923 GC heap before
{Heap before GC invocations=64 (full 0):
 garbage-first heap   total 210944K, used 156822K [0x0000000080000000, 0x0000000100000000)
  region size 1024K, 35 young (35840K), 5 survivors (5120K)
 Metaspace       used 100656K, capacity 104641K, committed 104776K, reserved 606208K
  class space    used 13287K, capacity 14800K, committed 14848K, reserved 516096K
}
Event: 28.930 GC heap after
{Heap after GC invocations=65 (full 0):
 garbage-first heap   total 210944K, used 128326K [0x0000000080000000, 0x0000000100000000)
  region size 1024K, 2 young (2048K), 2 survivors (2048K)
 Metaspace       used 100656K, capacity 104641K, committed 104776K, reserved 606208K
  class space    used 13287K, capacity 14800K, committed 14848K, reserved 516096K
}

Deoptimization events (10 events):
Event: 28.755 Thread 0x0000024e6c03b000 Uncommon trap: reason=bimorphic_or_optimized_type_check action=maybe_recompile pc=0x0000024e5a330554 method=com.google.common.collect.ImmutableList.copyOf(Ljava/util/Collection;)Lcom/google/common/collect/ImmutableList; @ 16 c2
Event: 28.755 Thread 0x0000024e6c03b000 Uncommon trap: reason=bimorphic_or_optimized_type_check action=maybe_recompile pc=0x0000024e5a330554 method=com.google.common.collect.ImmutableList.copyOf(Ljava/util/Collection;)Lcom/google/common/collect/ImmutableList; @ 16 c2
Event: 28.756 Thread 0x0000024e6c03b000 Uncommon trap: reason=class_check action=maybe_recompile pc=0x0000024e5a67bc1c method=org.gradle.api.internal.attributes.DefaultImmutableAttributes.findEntry(Lorg/gradle/api/attributes/Attribute;)Lorg/gradle/api/internal/attributes/AttributeValue; @ 5 c2
Event: 28.767 Thread 0x0000024e6c03b000 Uncommon trap: reason=profile_predicate action=maybe_recompile pc=0x0000024e5a76cbc8 method=java.util.regex.Pattern$Slice.match(Ljava/util/regex/Matcher;ILjava/lang/CharSequence;)Z @ 18 c2
Event: 28.767 Thread 0x0000024e6c03b000 Uncommon trap: reason=profile_predicate action=maybe_recompile pc=0x0000024e5a76cbc8 method=java.util.regex.Pattern$Slice.match(Ljava/util/regex/Matcher;ILjava/lang/CharSequence;)Z @ 18 c2
Event: 28.767 Thread 0x0000024e6c03b000 Uncommon trap: reason=profile_predicate action=maybe_recompile pc=0x0000024e5a76cbc8 method=java.util.regex.Pattern$Slice.match(Ljava/util/regex/Matcher;ILjava/lang/CharSequence;)Z @ 18 c2
Event: 28.769 Thread 0x0000024e6c03b000 Uncommon trap: reason=profile_predicate action=maybe_recompile pc=0x0000024e5a76cbc8 method=java.util.regex.Pattern$Slice.match(Ljava/util/regex/Matcher;ILjava/lang/CharSequence;)Z @ 18 c2
Event: 28.788 Thread 0x0000024e6c03b000 Uncommon trap: reason=null_check action=make_not_entrant pc=0x0000024e5a761e90 method=org.gradle.internal.instantiation.generator.AbstractClassGenerator$PropertyMetadata.addGetter(Lorg/gradle/internal/instantiation/generator/AbstractClassGenerator$MethodM
Event: 28.829 Thread 0x0000024e6c03b000 Uncommon trap: reason=unstable_if action=reinterpret pc=0x0000024e5a3b3e9c method=sun.nio.fs.WindowsPathParser.normalize(Ljava/lang/StringBuilder;Ljava/lang/String;I)Ljava/lang/String; @ 172 c2
Event: 28.945 Thread 0x0000024e6c03b000 Uncommon trap: reason=class_check action=maybe_recompile pc=0x0000024e5a35f4b4 method=java.lang.Class.createAnnotationData(I)Ljava/lang/Class$AnnotationData; @ 103 c2

Classes redefined (0 events):
No events

Internal exceptions (10 events):
Event: 27.650 Thread 0x0000024e6c03b000 Exception <a 'java/lang/ClassNotFoundException'{0x0000000089a49a48}: build_9teovndmzi5kewcg8nccr0m4s$_run_closure1Customizer> (0x0000000089a49a48) thrown at [./open/src/hotspot/share/classfile/systemDictionary.cpp, line 226]
Event: 27.679 Thread 0x0000024e6c03b000 Exception <a 'java/lang/NoClassDefFoundError'{0x000000008985ee18}: org/jetbrains/kotlin/gradle/plugin/KotlinBasePluginWrapper> (0x000000008985ee18) thrown at [./open/src/hotspot/share/oops/constantPool.cpp, line 770]
Event: 27.684 Thread 0x0000024e6c03b000 Implicit null exception at 0x0000024e5a5f7279 to 0x0000024e5a5f7940
Event: 27.684 Thread 0x0000024e6c03b000 Implicit null exception at 0x0000024e5a55a4db to 0x0000024e5a55a570
Event: 27.856 Thread 0x0000024e6c03b000 Implicit null exception at 0x0000024e5a566d81 to 0x0000024e5a567ff8
Event: 28.420 Thread 0x0000024e6c03b000 Implicit null exception at 0x0000024e5a151174 to 0x0000024e5a1517c0
Event: 28.788 Thread 0x0000024e6c03b000 Implicit null exception at 0x0000024e5a759938 to 0x0000024e5a761e04
Event: 28.804 Thread 0x0000024e6c03b000 Exception <a 'sun/nio/fs/WindowsException'{0x000000008ba89850}> (0x000000008ba89850) thrown at [./open/src/hotspot/share/prims/jni.cpp, line 611]
Event: 28.805 Thread 0x0000024e6c03b000 Exception <a 'sun/nio/fs/WindowsException'{0x000000008ba89f30}> (0x000000008ba89f30) thrown at [./open/src/hotspot/share/prims/jni.cpp, line 611]
Event: 28.900 Thread 0x0000024e6c03b000 Exception <a 'java/lang/NullPointerException'{0x000000008b17fb58}> (0x000000008b17fb58) thrown at [./open/src/hotspot/share/interpreter/linkResolver.cpp, line 1436]

Events (10 events):
Event: 28.946 loading class com/sun/xml/bind/v2/model/impl/ClassInfoImpl$DuplicateException
Event: 28.946 loading class com/sun/xml/bind/v2/model/impl/ClassInfoImpl$DuplicateException done
Event: 28.946 loading class com/sun/xml/bind/v2/model/impl/PropertySeed
Event: 28.946 loading class com/sun/xml/bind/v2/model/impl/PropertySeed done
Event: 28.946 loading class com/sun/xml/bind/v2/model/annotation/AnnotationSource
Event: 28.946 loading class com/sun/xml/bind/v2/model/annotation/AnnotationSource done
Event: 28.946 loading class com/sun/xml/bind/v2/model/impl/PropertyInfoImpl
Event: 28.946 loading class com/sun/xml/bind/v2/model/impl/PropertyInfoImpl done
Event: 28.947 loading class com/sun/xml/bind/v2/model/core/PropertyInfo
Event: 28.947 loading class com/sun/xml/bind/v2/model/core/PropertyInfo done


Dynamic libraries:
0x00007ff770880000 - 0x00007ff77088f000 	C:\Program Files\Java\jdk-11.0.14\bin\java.exe
0x00007ff9d2af0000 - 0x00007ff9d2ce5000 	C:\Windows\SYSTEM32\ntdll.dll
0x00007ff9d2670000 - 0x00007ff9d272d000 	C:\Windows\System32\KERNEL32.DLL
0x00007ff9d0710000 - 0x00007ff9d09dd000 	C:\Windows\System32\KERNELBASE.dll
0x00007ff9d0310000 - 0x00007ff9d0410000 	C:\Windows\System32\ucrtbase.dll
0x00007ff9ca8d0000 - 0x00007ff9ca8e5000 	C:\Program Files\Java\jdk-11.0.14\bin\VCRUNTIME140.dll
0x00007ff9c4f00000 - 0x00007ff9c4f18000 	C:\Program Files\Java\jdk-11.0.14\bin\jli.dll
0x00007ff9d2590000 - 0x00007ff9d263e000 	C:\Windows\System32\ADVAPI32.dll
0x00007ff9d2730000 - 0x00007ff9d27ce000 	C:\Windows\System32\msvcrt.dll
0x00007ff9d1dd0000 - 0x00007ff9d1e6c000 	C:\Windows\System32\sechost.dll
0x00007ff9d1820000 - 0x00007ff9d1945000 	C:\Windows\System32\RPCRT4.dll
0x00007ff9d27d0000 - 0x00007ff9d2970000 	C:\Windows\System32\USER32.dll
0x00007ff9bd570000 - 0x00007ff9bd80a000 	C:\Windows\WinSxS\amd64_microsoft.windows.common-controls_6595b64144ccf1df_6.0.19041.1110_none_60b5254171f9507e\COMCTL32.dll
0x00007ff9d0a90000 - 0x00007ff9d0ab2000 	C:\Windows\System32\win32u.dll
0x00007ff9d2640000 - 0x00007ff9d266a000 	C:\Windows\System32\GDI32.dll
0x00007ff9d0200000 - 0x00007ff9d030b000 	C:\Windows\System32\gdi32full.dll
0x00007ff9d0670000 - 0x00007ff9d070d000 	C:\Windows\System32\msvcp_win.dll
0x00007ff9c7340000 - 0x00007ff9c734a000 	C:\Windows\SYSTEM32\VERSION.dll
0x00007ff9d2470000 - 0x00007ff9d24a0000 	C:\Windows\System32\IMM32.DLL
0x00007ff9b0e40000 - 0x00007ff9b0edb000 	C:\Program Files\Java\jdk-11.0.14\bin\msvcp140.dll
0x00007ff997b60000 - 0x00007ff998676000 	C:\Program Files\Java\jdk-11.0.14\bin\server\jvm.dll
0x00007ff9d0bd0000 - 0x00007ff9d0bd8000 	C:\Windows\System32\PSAPI.DLL
0x00007ff9aaf40000 - 0x00007ff9aaf49000 	C:\Windows\SYSTEM32\WSOCK32.dll
0x00007ff9c55d0000 - 0x00007ff9c55f7000 	C:\Windows\SYSTEM32\WINMM.dll
0x00007ff9d2520000 - 0x00007ff9d258b000 	C:\Windows\System32\WS2_32.dll
0x00007ff9ce100000 - 0x00007ff9ce112000 	C:\Windows\SYSTEM32\kernel.appcore.dll
0x00007ff9cc070000 - 0x00007ff9cc080000 	C:\Program Files\Java\jdk-11.0.14\bin\verify.dll
0x00007ff9c6230000 - 0x00007ff9c6414000 	C:\Windows\SYSTEM32\DBGHELP.DLL
0x00007ff9b85b0000 - 0x00007ff9b85dc000 	C:\Windows\SYSTEM32\dbgcore.DLL
0x00007ff9d05e0000 - 0x00007ff9d0662000 	C:\Windows\System32\bcryptPrimitives.dll
0x00007ff9c4ed0000 - 0x00007ff9c4ef8000 	C:\Program Files\Java\jdk-11.0.14\bin\java.dll
0x00007ff9cac40000 - 0x00007ff9cac4a000 	C:\Program Files\Java\jdk-11.0.14\bin\jimage.dll
0x00007ff9c4eb0000 - 0x00007ff9c4ec6000 	C:\Program Files\Java\jdk-11.0.14\bin\zip.dll
0x00007ff9d10d0000 - 0x00007ff9d1814000 	C:\Windows\System32\SHELL32.dll
0x00007ff9ce300000 - 0x00007ff9cea94000 	C:\Windows\SYSTEM32\windows.storage.dll
0x00007ff9d1a70000 - 0x00007ff9d1dc4000 	C:\Windows\System32\combase.dll
0x00007ff9cfc60000 - 0x00007ff9cfc8c000 	C:\Windows\SYSTEM32\Wldp.dll
0x00007ff9d1e80000 - 0x00007ff9d1f2d000 	C:\Windows\System32\SHCORE.dll
0x00007ff9d0be0000 - 0x00007ff9d0c35000 	C:\Windows\System32\shlwapi.dll
0x00007ff9d0140000 - 0x00007ff9d015f000 	C:\Windows\SYSTEM32\profapi.dll
0x00007ff9bd340000 - 0x00007ff9bd359000 	C:\Program Files\Java\jdk-11.0.14\bin\net.dll
0x00007ff9c3a40000 - 0x00007ff9c3b4a000 	C:\Windows\SYSTEM32\WINHTTP.dll
0x00007ff9cf9c0000 - 0x00007ff9cfa2a000 	C:\Windows\system32\mswsock.dll
0x00007ff9bc4e0000 - 0x00007ff9bc4f2000 	C:\Program Files\Java\jdk-11.0.14\bin\nio.dll
0x00007ff9bb4d0000 - 0x00007ff9bb4f7000 	C:\Users\User\.gradle\native\e1d6ef7f7dcc3fd88c89a11ec53ec762bb8ba0a96d01ffa2cd45eb1d1d8dd5c5\windows-amd64\native-platform.dll
0x00007ff9aee90000 - 0x00007ff9aefd4000 	C:\Users\User\.gradle\native\5664cfc778a61ccfe75a443a1ab52a65af34e5dc3c78e0209fed803814484fcb\windows-amd64\native-platform-file-events.dll
0x00007ff9ca880000 - 0x00007ff9ca889000 	C:\Program Files\Java\jdk-11.0.14\bin\management.dll
0x00007ff9c4e30000 - 0x00007ff9c4e3b000 	C:\Program Files\Java\jdk-11.0.14\bin\management_ext.dll
0x00007ff9cfbc0000 - 0x00007ff9cfbd8000 	C:\Windows\SYSTEM32\CRYPTSP.dll
0x00007ff9cf2d0000 - 0x00007ff9cf304000 	C:\Windows\system32\rsaenh.dll
0x00007ff9d0ac0000 - 0x00007ff9d0ae7000 	C:\Windows\System32\bcrypt.dll
0x00007ff9d00c0000 - 0x00007ff9d00ee000 	C:\Windows\SYSTEM32\USERENV.dll
0x00007ff9cfbb0000 - 0x00007ff9cfbbc000 	C:\Windows\SYSTEM32\CRYPTBASE.dll
0x00007ff9cf660000 - 0x00007ff9cf69b000 	C:\Windows\SYSTEM32\IPHLPAPI.DLL
0x00007ff9d23b0000 - 0x00007ff9d23b8000 	C:\Windows\System32\NSI.dll
0x00007ff9c7da0000 - 0x00007ff9c7db7000 	C:\Windows\SYSTEM32\dhcpcsvc6.DLL
0x00007ff9c7cd0000 - 0x00007ff9c7ced000 	C:\Windows\SYSTEM32\dhcpcsvc.DLL
0x00007ff9cf6b0000 - 0x00007ff9cf77b000 	C:\Windows\SYSTEM32\DNSAPI.dll

dbghelp: loaded successfully - version: 4.0.5 - missing functions: none
symbol engine: initialized successfully - sym options: 0x614 - pdb path: .;C:\Program Files\Java\jdk-11.0.14\bin;C:\Windows\SYSTEM32;C:\Windows\WinSxS\amd64_microsoft.windows.common-controls_6595b64144ccf1df_6.0.19041.1110_none_60b5254171f9507e;C:\Program Files\Java\jdk-11.0.14\bin\server;C:\Users\User\.gradle\native\e1d6ef7f7dcc3fd88c89a11ec53ec762bb8ba0a96d01ffa2cd45eb1d1d8dd5c5\windows-amd64;C:\Users\User\.gradle\native\5664cfc778a61ccfe75a443a1ab52a65af34e5dc3c78e0209fed803814484fcb\windows-amd64

VM Arguments:
jvm_args: -XX:MaxMetaspaceSize=512m --add-opens=java.base/java.util=ALL-UNNAMED --add-opens=java.base/java.lang=ALL-UNNAMED --add-opens=java.base/java.lang.invoke=ALL-UNNAMED --add-opens=java.base/java.util=ALL-UNNAMED --add-opens=java.prefs/java.util.prefs=ALL-UNNAMED --add-opens=java.prefs/java.util.prefs=ALL-UNNAMED --add-opens=java.base/java.nio.charset=ALL-UNNAMED --add-opens=java.base/java.net=ALL-UNNAMED --add-opens=java.base/java.util.concurrent.atomic=ALL-UNNAMED -Xmx2048m -Dfile.encoding=windows-1252 -Duser.country=FR -Duser.language=fr -Duser.variant 
java_command: org.gradle.launcher.daemon.bootstrap.GradleDaemon 7.3.3
java_class_path (initial): C:\Users\User\.gradle\wrapper\dists\gradle-7.3.3-all\4295vidhdd9hd3gbjyw1xqxpo\gradle-7.3.3\lib\gradle-launcher-7.3.3.jar
Launcher Type: SUN_STANDARD

[Global flags]
     intx CICompilerCount                          = 4                                         {product} {ergonomic}
   size_t CompressedClassSpaceSize                 = 528482304                                 {product} {ergonomic}
     uint ConcGCThreads                            = 3                                         {product} {ergonomic}
     uint G1ConcRefinementThreads                  = 10                                        {product} {ergonomic}
   size_t G1HeapRegionSize                         = 1048576                                   {product} {ergonomic}
    uintx GCDrainStackTargetSize                   = 64                                        {product} {ergonomic}
   size_t InitialHeapSize                          = 123731968                                 {product} {ergonomic}
   size_t MarkStackSize                            = 4194304                                   {product} {ergonomic}
   size_t MaxHeapSize                              = 2147483648                                {product} {command line}
   size_t MaxMetaspaceSize                         = 536870912                                 {product} {command line}
   size_t MaxNewSize                               = 1287651328                                {product} {ergonomic}
   size_t MinHeapDeltaBytes                        = 1048576                                   {product} {ergonomic}
    uintx NonNMethodCodeHeapSize                   = 5836300                                {pd product} {ergonomic}
    uintx NonProfiledCodeHeapSize                  = 122910970                              {pd product} {ergonomic}
    uintx ProfiledCodeHeapSize                     = 122910970                              {pd product} {ergonomic}
    uintx ReservedCodeCacheSize                    = 251658240                              {pd product} {ergonomic}
     bool SegmentedCodeCache                       = true                                      {product} {ergonomic}
     bool UseCompressedClassPointers               = true                                 {lp64_product} {ergonomic}
     bool UseCompressedOops                        = true                                 {lp64_product} {ergonomic}
     bool UseG1GC                                  = true                                      {product} {ergonomic}
     bool UseLargePagesIndividualAllocation        = false                                  {pd product} {ergonomic}

Logging:
Log output configuration:
 #0: stdout all=warning uptime,level,tags
 #1: stderr all=off uptime,level,tags

Environment Variables:
CLASSPATH=C:\Users\User\OneDrive - Ministere de l'Enseignement Superieur et de la Recherche Scientifique\Bureau\reactnative\CONTREAPP\ContreAVC\android\\gradle\wrapper\gradle-wrapper.jar
PATH=C:\Users\User\OneDrive - Ministere de l'Enseignement Superieur et de la Recherche Scientifique\Bureau\reactnative\CONTREAPP\ContreAVC\android\node_modules\.bin;C:\Users\User\OneDrive - Ministere de l'Enseignement Superieur et de la Recherche Scientifique\Bureau\reactnative\CONTREAPP\ContreAVC\node_modules\.bin;C:\Users\User\OneDrive - Ministere de l'Enseignement Superieur et de la Recherche Scientifique\Bureau\reactnative\CONTREAPP\node_modules\.bin;C:\Users\User\OneDrive - Ministere de l'Enseignement Superieur et de la Recherche Scientifique\Bureau\reactnative\node_modules\.bin;C:\Users\User\OneDrive - Ministere de l'Enseignement Superieur et de la Recherche Scientifique\Bureau\node_modules\.bin;C:\Users\User\OneDrive - Ministere de l'Enseignement Superieur et de la Recherche Scientifique\node_modules\.bin;C:\Users\User\node_modules\.bin;C:\Users\node_modules\.bin;C:\node_modules\.bin;C:\Program Files\nodejs;C:\Users\User\AppData\Roaming\npm\node_modules\npm\node_modules\npm-lifecycle\node-gyp-bin;C:\Users\User\OneDrive - Ministere de l'Enseignement Superieur et de la Recherche Scientifique\Bureau\reactnative\CONTREAPP\ContreAVC\node_modules\.bin;C:\Program Files (x86)\VMware\VMware Player\bin\;C:\Python310\Scripts\;C:\Python310\;C:\Program Files (x86)\Common Files\Intel\Shared Libraries\redist\intel64\compiler;C:\Windows\system32;C:\Windows;C:\Windows\System32\Wbem;C:\Windows\System32\WindowsPowerShell\v1.0\;C:\Windows\System32\OpenSSH\;C:\Program Files (x86)\NVIDIA Corporation\PhysX\Common;C:\Program Files\NVIDIA Corporation\NVIDIA NvDLISR;C:\flutter\bin;C:\dart-sdk\bin;C:\Program Files\Microsoft VS Code\bin;C:\Program Files\Git\cmd;C:\Program Files (x86)\IVI Foundation\VISA\WinNT\Bin\;C:\Program Files\IVI Foundation\VISA\Win64\Bin\;C:\Program Files (x86)\IVI Foundation\VISA\WinNT\Bin;C:\ProgramData\chocolatey\bin;C:\Program Files\PuTTY\;C:\Program Files (x86)\National Instruments\Shared\LabVIEW CLI;C:\Program Files\Microsoft SQL Server\150\Tools\Binn\;C:\Progr
USERNAME=User
OS=Windows_NT
PROCESSOR_IDENTIFIER=AMD64 Family 23 Model 96 Stepping 1, AuthenticAMD



---------------  S Y S T E M  ---------------

OS: Windows 10 , 64 bit Build 19041 (10.0.19041.1706)

CPU:total 12 (initial active 12) (12 cores per cpu, 2 threads per core) family 23 model 96 stepping 1 microcode 0x0, cmov, cx8, fxsr, mmx, sse, sse2, sse3, ssse3, sse4.1, sse4.2, popcnt, avx, avx2, aes, clmul, mmxext, 3dnowpref, lzcnt, sse4a, ht, tsc, tscinvbit, tscinv, bmi1, bmi2, adx, 

Memory: 4k page, system-wide physical 7549M (478M free)
TotalPageFile size 31101M (AvailPageFile size 41M)
current process WorkingSet (physical memory assigned to process): 501M, peak: 501M
current process commit charge ("private bytes"): 562M, peak: 570M

vm_info: Java HotSpot(TM) 64-Bit Server VM (11.0.14+8-LTS-263) for windows-amd64 JRE (11.0.14+8-LTS-263), built on Dec  7 2021 21:53:57 by "mach5one" with MS VC++ 15.9 (VS2017)

END.
